[0.897s] DEBUG:colcon:Command line arguments: ['/usr/bin/colcon', 'list', '-p', '--base-paths', '/home/om/ros2_robot']
[0.897s] DEBUG:colcon:Parsed command line arguments: Namespace(log_base=None, log_level=None, verb_name='list', build_base='build', ignore_user_meta=False, metas=['./colcon.meta'], base_paths=['/home/om/ros2_robot'], packages_ignore=None, packages_ignore_regex=None, paths=None, packages_up_to=None, packages_up_to_regex=None, packages_above=None, packages_above_and_dependencies=None, packages_above_depth=None, packages_select_by_dep=None, packages_skip_by_dep=None, packages_skip_up_to=None, packages_select_build_failed=False, packages_skip_build_finished=False, packages_select_test_failures=False, packages_skip_test_passed=False, packages_select=None, packages_skip=None, packages_select_regex=None, packages_skip_regex=None, packages_start=None, packages_end=None, allow_overriding=[], topological_order=False, names_only=False, paths_only=True, topological_graph=False, topological_graph_dot=False, topological_graph_density=False, topological_graph_legend=False, topological_graph_dot_cluster=False, topological_graph_dot_include_skipped=False, verb_parser=<colcon_defaults.argument_parser.defaults.DefaultArgumentsDecorator object at 0x7f64dc1bd150>, verb_extension=<colcon_package_information.verb.list.ListVerb object at 0x7f64dc13a770>, main=<bound method ListVerb.main of <colcon_package_information.verb.list.ListVerb object at 0x7f64dc13a770>>)
[0.937s] Level 1:colcon.colcon_core.package_discovery:discover_packages(colcon_meta) check parameters
[0.937s] Level 1:colcon.colcon_core.package_discovery:discover_packages(recursive) check parameters
[0.937s] Level 1:colcon.colcon_core.package_discovery:discover_packages(ignore) check parameters
[0.937s] Level 1:colcon.colcon_core.package_discovery:discover_packages(path) check parameters
[0.937s] Level 1:colcon.colcon_core.package_discovery:discover_packages(recursive) discover
[0.937s] INFO:colcon.colcon_core.package_discovery:Crawling recursively for packages in '/home/om/ros2_robot'
[0.937s] Level 1:colcon.colcon_core.package_identification:_identify(/home/om/ros2_robot) by extensions ['ignore', 'ignore_ament_install']
[0.938s] Level 1:colcon.colcon_core.package_identification:_identify(/home/om/ros2_robot) by extension 'ignore'
[0.938s] Level 1:colcon.colcon_core.package_identification:_identify(/home/om/ros2_robot) by extension 'ignore_ament_install'
[0.938s] Level 1:colcon.colcon_core.package_identification:_identify(/home/om/ros2_robot) by extensions ['colcon_pkg']
[0.938s] Level 1:colcon.colcon_core.package_identification:_identify(/home/om/ros2_robot) by extension 'colcon_pkg'
[0.938s] Level 1:colcon.colcon_core.package_identification:_identify(/home/om/ros2_robot) by extensions ['colcon_meta']
[0.938s] Level 1:colcon.colcon_core.package_identification:_identify(/home/om/ros2_robot) by extension 'colcon_meta'
[0.938s] Level 1:colcon.colcon_core.package_identification:_identify(/home/om/ros2_robot) by extensions ['ros']
[0.938s] Level 1:colcon.colcon_core.package_identification:_identify(/home/om/ros2_robot) by extension 'ros'
[0.951s] Level 1:colcon.colcon_core.package_identification:_identify(/home/om/ros2_robot) by extensions ['cmake', 'python']
[0.951s] Level 1:colcon.colcon_core.package_identification:_identify(/home/om/ros2_robot) by extension 'cmake'
[0.952s] Level 1:colcon.colcon_core.package_identification:_identify(/home/om/ros2_robot) by extension 'python'
[0.952s] Level 1:colcon.colcon_core.package_identification:_identify(/home/om/ros2_robot) by extensions ['python_setup_py']
[0.952s] Level 1:colcon.colcon_core.package_identification:_identify(/home/om/ros2_robot) by extension 'python_setup_py'
[0.952s] Level 1:colcon.colcon_core.package_identification:_identify(/home/om/ros2_robot/build) by extensions ['ignore', 'ignore_ament_install']
[0.952s] Level 1:colcon.colcon_core.package_identification:_identify(/home/om/ros2_robot/build) by extension 'ignore'
[0.952s] Level 1:colcon.colcon_core.package_identification:_identify(/home/om/ros2_robot/build) ignored
[0.953s] Level 1:colcon.colcon_core.package_identification:_identify(/home/om/ros2_robot/install) by extensions ['ignore', 'ignore_ament_install']
[0.953s] Level 1:colcon.colcon_core.package_identification:_identify(/home/om/ros2_robot/install) by extension 'ignore'
[0.953s] Level 1:colcon.colcon_core.package_identification:_identify(/home/om/ros2_robot/install) ignored
[0.953s] Level 1:colcon.colcon_core.package_identification:_identify(/home/om/ros2_robot/log) by extensions ['ignore', 'ignore_ament_install']
[0.953s] Level 1:colcon.colcon_core.package_identification:_identify(/home/om/ros2_robot/log) by extension 'ignore'
[0.953s] Level 1:colcon.colcon_core.package_identification:_identify(/home/om/ros2_robot/log) ignored
[0.953s] Level 1:colcon.colcon_core.package_identification:_identify(/home/om/ros2_robot/src) by extensions ['ignore', 'ignore_ament_install']
[0.953s] Level 1:colcon.colcon_core.package_identification:_identify(/home/om/ros2_robot/src) by extension 'ignore'
[0.954s] Level 1:colcon.colcon_core.package_identification:_identify(/home/om/ros2_robot/src) by extension 'ignore_ament_install'
[0.954s] Level 1:colcon.colcon_core.package_identification:_identify(/home/om/ros2_robot/src) by extensions ['colcon_pkg']
[0.954s] Level 1:colcon.colcon_core.package_identification:_identify(/home/om/ros2_robot/src) by extension 'colcon_pkg'
[0.954s] Level 1:colcon.colcon_core.package_identification:_identify(/home/om/ros2_robot/src) by extensions ['colcon_meta']
[0.954s] Level 1:colcon.colcon_core.package_identification:_identify(/home/om/ros2_robot/src) by extension 'colcon_meta'
[0.954s] Level 1:colcon.colcon_core.package_identification:_identify(/home/om/ros2_robot/src) by extensions ['ros']
[0.954s] Level 1:colcon.colcon_core.package_identification:_identify(/home/om/ros2_robot/src) by extension 'ros'
[0.954s] Level 1:colcon.colcon_core.package_identification:_identify(/home/om/ros2_robot/src) by extensions ['cmake', 'python']
[0.954s] Level 1:colcon.colcon_core.package_identification:_identify(/home/om/ros2_robot/src) by extension 'cmake'
[0.954s] Level 1:colcon.colcon_core.package_identification:_identify(/home/om/ros2_robot/src) by extension 'python'
[0.954s] Level 1:colcon.colcon_core.package_identification:_identify(/home/om/ros2_robot/src) by extensions ['python_setup_py']
[0.954s] Level 1:colcon.colcon_core.package_identification:_identify(/home/om/ros2_robot/src) by extension 'python_setup_py'
[0.954s] Level 1:colcon.colcon_core.package_identification:_identify(/home/om/ros2_robot/src/my_robot_description) by extensions ['ignore', 'ignore_ament_install']
[0.955s] Level 1:colcon.colcon_core.package_identification:_identify(/home/om/ros2_robot/src/my_robot_description) by extension 'ignore'
[0.955s] Level 1:colcon.colcon_core.package_identification:_identify(/home/om/ros2_robot/src/my_robot_description) by extension 'ignore_ament_install'
[0.955s] Level 1:colcon.colcon_core.package_identification:_identify(/home/om/ros2_robot/src/my_robot_description) by extensions ['colcon_pkg']
[0.955s] Level 1:colcon.colcon_core.package_identification:_identify(/home/om/ros2_robot/src/my_robot_description) by extension 'colcon_pkg'
[0.955s] Level 1:colcon.colcon_core.package_identification:_identify(/home/om/ros2_robot/src/my_robot_description) by extensions ['colcon_meta']
[0.955s] Level 1:colcon.colcon_core.package_identification:_identify(/home/om/ros2_robot/src/my_robot_description) by extension 'colcon_meta'
[0.955s] Level 1:colcon.colcon_core.package_identification:_identify(/home/om/ros2_robot/src/my_robot_description) by extensions ['ros']
[0.955s] Level 1:colcon.colcon_core.package_identification:_identify(/home/om/ros2_robot/src/my_robot_description) by extension 'ros'
[0.959s] DEBUG:colcon.colcon_core.package_identification:Package '/home/om/ros2_robot/src/my_robot_description' with type 'ros.ament_cmake' and name 'my_robot_description'
[0.959s] Level 1:colcon.colcon_core.package_discovery:discover_packages(recursive) using defaults
