[0.062s] Invoking command in '/home/om/ros2_robot/build/my_robot_description': CMAKE_PREFIX_PATH=${CMAKE_PREFIX_PATH}:/home/om/ros2_ws/install/turtlesim_catch_them_all:/home/om/ros2_ws/install/my_py_pkg:/opt/ros/humble /usr/bin/cmake /home/om/ros2_robot/src/my_robot_description -DAMENT_CMAKE_SYMLINK_INSTALL=1 -DCMAKE_INSTALL_PREFIX=/home/om/ros2_robot/install/my_robot_description
[0.073s] -- Found ament_cmake: 1.3.8 (/opt/ros/humble/share/ament_cmake/cmake)
[0.161s] -- Override CMake install command with custom implementation using symlinks instead of copying resources
[0.215s] -- Configuring done
[0.218s] -- Generating done
[0.218s] -- Build files have been written to: /home/om/ros2_robot/build/my_robot_description
[0.221s] Invoked command in '/home/om/ros2_robot/build/my_robot_description' returned '0': CMAKE_PREFIX_PATH=${CMAKE_PREFIX_PATH}:/home/om/ros2_ws/install/turtlesim_catch_them_all:/home/om/ros2_ws/install/my_py_pkg:/opt/ros/humble /usr/bin/cmake /home/om/ros2_robot/src/my_robot_description -DAMENT_CMAKE_SYMLINK_INSTALL=1 -DCMAKE_INSTALL_PREFIX=/home/om/ros2_robot/install/my_robot_description
[0.222s] Invoking command in '/home/om/ros2_robot/build/my_robot_description': CMAKE_PREFIX_PATH=${CMAKE_PREFIX_PATH}:/home/om/ros2_ws/install/turtlesim_catch_them_all:/home/om/ros2_ws/install/my_py_pkg:/opt/ros/humble /usr/bin/cmake --build /home/om/ros2_robot/build/my_robot_description -- -j16 -l16
[0.259s] Invoked command in '/home/om/ros2_robot/build/my_robot_description' returned '0': CMAKE_PREFIX_PATH=${CMAKE_PREFIX_PATH}:/home/om/ros2_ws/install/turtlesim_catch_them_all:/home/om/ros2_ws/install/my_py_pkg:/opt/ros/humble /usr/bin/cmake --build /home/om/ros2_robot/build/my_robot_description -- -j16 -l16
[0.292s] Invoking command in '/home/om/ros2_robot/build/my_robot_description': CMAKE_PREFIX_PATH=${CMAKE_PREFIX_PATH}:/home/om/ros2_ws/install/turtlesim_catch_them_all:/home/om/ros2_ws/install/my_py_pkg:/opt/ros/humble /usr/bin/cmake --install /home/om/ros2_robot/build/my_robot_description
[0.298s] -- Install configuration: ""
[0.299s] -- Execute custom install script
[0.299s] -- Up-to-date symlink: /home/om/ros2_robot/install/my_robot_description/share/my_robot_description//urdf/common_properties.xacro
[0.299s] -- Up-to-date symlink: /home/om/ros2_robot/install/my_robot_description/share/my_robot_description//urdf/mobile_base.xacro
[0.299s] -- Up-to-date symlink: /home/om/ros2_robot/install/my_robot_description/share/my_robot_description//urdf/my_robot.urdf.xacro
[0.299s] -- Symlinking: /home/om/ros2_robot/install/my_robot_description/share/my_robot_description//urdf/test_parrot_gazebo.xacro
[0.308s] -- Up-to-date symlink: /home/om/ros2_robot/install/my_robot_description/share/my_robot_description//launch/display.launch.py
[0.308s] -- Up-to-date symlink: /home/om/ros2_robot/install/my_robot_description/share/my_robot_description//launch/display.launch.xml
[0.308s] -- Up-to-date symlink: /home/om/ros2_robot/install/my_robot_description/share/my_robot_description//rviz/my_robot.rviz
[0.308s] -- Up-to-date symlink: /home/om/ros2_robot/install/my_robot_description/share/my_robot_description//rviz/my_robot_2.rviz
[0.309s] -- Up-to-date symlink: /home/om/ros2_robot/install/my_robot_description/share/ament_index/resource_index/package_run_dependencies/my_robot_description
[0.309s] -- Up-to-date symlink: /home/om/ros2_robot/install/my_robot_description/share/ament_index/resource_index/parent_prefix_path/my_robot_description
[0.309s] -- Up-to-date symlink: /home/om/ros2_robot/install/my_robot_description/share/my_robot_description/environment/ament_prefix_path.sh
[0.309s] -- Up-to-date symlink: /home/om/ros2_robot/install/my_robot_description/share/my_robot_description/environment/ament_prefix_path.dsv
[0.309s] -- Up-to-date symlink: /home/om/ros2_robot/install/my_robot_description/share/my_robot_description/environment/path.sh
[0.309s] -- Up-to-date symlink: /home/om/ros2_robot/install/my_robot_description/share/my_robot_description/environment/path.dsv
[0.309s] -- Up-to-date symlink: /home/om/ros2_robot/install/my_robot_description/share/my_robot_description/local_setup.bash
[0.309s] -- Up-to-date symlink: /home/om/ros2_robot/install/my_robot_description/share/my_robot_description/local_setup.sh
[0.310s] -- Up-to-date symlink: /home/om/ros2_robot/install/my_robot_description/share/my_robot_description/local_setup.zsh
[0.310s] -- Up-to-date symlink: /home/om/ros2_robot/install/my_robot_description/share/my_robot_description/local_setup.dsv
[0.310s] -- Symlinking: /home/om/ros2_robot/install/my_robot_description/share/my_robot_description/package.dsv
[0.319s] -- Up-to-date symlink: /home/om/ros2_robot/install/my_robot_description/share/ament_index/resource_index/packages/my_robot_description
[0.319s] -- Up-to-date symlink: /home/om/ros2_robot/install/my_robot_description/share/my_robot_description/cmake/my_robot_descriptionConfig.cmake
[0.319s] -- Up-to-date symlink: /home/om/ros2_robot/install/my_robot_description/share/my_robot_description/cmake/my_robot_descriptionConfig-version.cmake
[0.319s] -- Up-to-date symlink: /home/om/ros2_robot/install/my_robot_description/share/my_robot_description/package.xml
[0.321s] Invoked command in '/home/om/ros2_robot/build/my_robot_description' returned '0': CMAKE_PREFIX_PATH=${CMAKE_PREFIX_PATH}:/home/om/ros2_ws/install/turtlesim_catch_them_all:/home/om/ros2_ws/install/my_py_pkg:/opt/ros/humble /usr/bin/cmake --install /home/om/ros2_robot/build/my_robot_description
