[0.558s] Invoking command in '/home/om/ros2_ws/src/my_py_pkg': AMENT_PREFIX_PATH=/home/om/ros2_ws/install/my_robot_interfaces:${AMENT_PREFIX_PATH} CMAKE_PREFIX_PATH=/home/om/ros2_ws/install/my_robot_interfaces LD_LIBRARY_PATH=/home/om/ros2_ws/install/my_robot_interfaces/lib:${LD_LIBRARY_PATH} PYTHONPATH=/home/om/ros2_ws/build/my_py_pkg/prefix_override:/home/om/ros2_ws/install/my_py_pkg/lib/python3.10/site-packages:/home/om/ros2_ws/install/my_robot_interfaces/local/lib/python3.10/dist-packages:${PYTHONPATH} /usr/bin/python3 setup.py egg_info --egg-base ../../build/my_py_pkg build --build-base /home/om/ros2_ws/build/my_py_pkg/build install --record /home/om/ros2_ws/build/my_py_pkg/install.log --single-version-externally-managed
[0.731s] running egg_info
[0.731s] writing ../../build/my_py_pkg/my_py_pkg.egg-info/PKG-INFO
[0.731s] writing dependency_links to ../../build/my_py_pkg/my_py_pkg.egg-info/dependency_links.txt
[0.732s] writing entry points to ../../build/my_py_pkg/my_py_pkg.egg-info/entry_points.txt
[0.732s] writing requirements to ../../build/my_py_pkg/my_py_pkg.egg-info/requires.txt
[0.732s] writing top-level names to ../../build/my_py_pkg/my_py_pkg.egg-info/top_level.txt
[0.733s] reading manifest file '../../build/my_py_pkg/my_py_pkg.egg-info/SOURCES.txt'
[0.734s] writing manifest file '../../build/my_py_pkg/my_py_pkg.egg-info/SOURCES.txt'
[0.734s] running build
[0.734s] running build_py
[0.735s] running install
[0.735s] running install_lib
[0.736s] running install_data
[0.736s] running install_egg_info
[0.738s] removing '/home/om/ros2_ws/install/my_py_pkg/lib/python3.10/site-packages/my_py_pkg-0.0.0-py3.10.egg-info' (and everything under it)
[0.738s] Copying ../../build/my_py_pkg/my_py_pkg.egg-info to /home/om/ros2_ws/install/my_py_pkg/lib/python3.10/site-packages/my_py_pkg-0.0.0-py3.10.egg-info
[0.739s] running install_scripts
[0.752s] Installing add_two_ints_client script to /home/om/ros2_ws/install/my_py_pkg/lib/my_py_pkg
[0.752s] Installing add_two_ints_client_no_oop script to /home/om/ros2_ws/install/my_py_pkg/lib/my_py_pkg
[0.752s] Installing add_two_ints_server script to /home/om/ros2_ws/install/my_py_pkg/lib/my_py_pkg
[0.753s] Installing battery_status script to /home/om/ros2_ws/install/my_py_pkg/lib/my_py_pkg
[0.753s] Installing hw_status_publisher script to /home/om/ros2_ws/install/my_py_pkg/lib/my_py_pkg
[0.753s] Installing led_status_server script to /home/om/ros2_ws/install/my_py_pkg/lib/my_py_pkg
[0.753s] Installing node_name script to /home/om/ros2_ws/install/my_py_pkg/lib/my_py_pkg
[0.753s] Installing number_counter script to /home/om/ros2_ws/install/my_py_pkg/lib/my_py_pkg
[0.753s] Installing number_publisher script to /home/om/ros2_ws/install/my_py_pkg/lib/my_py_pkg
[0.753s] Installing py_node script to /home/om/ros2_ws/install/my_py_pkg/lib/my_py_pkg
[0.753s] Installing robot_news_station script to /home/om/ros2_ws/install/my_py_pkg/lib/my_py_pkg
[0.753s] Installing smartphone script to /home/om/ros2_ws/install/my_py_pkg/lib/my_py_pkg
[0.754s] writing list of installed files to '/home/om/ros2_ws/build/my_py_pkg/install.log'
[0.774s] Invoked command in '/home/om/ros2_ws/src/my_py_pkg' returned '0': AMENT_PREFIX_PATH=/home/om/ros2_ws/install/my_robot_interfaces:${AMENT_PREFIX_PATH} CMAKE_PREFIX_PATH=/home/om/ros2_ws/install/my_robot_interfaces LD_LIBRARY_PATH=/home/om/ros2_ws/install/my_robot_interfaces/lib:${LD_LIBRARY_PATH} PYTHONPATH=/home/om/ros2_ws/build/my_py_pkg/prefix_override:/home/om/ros2_ws/install/my_py_pkg/lib/python3.10/site-packages:/home/om/ros2_ws/install/my_robot_interfaces/local/lib/python3.10/dist-packages:${PYTHONPATH} /usr/bin/python3 setup.py egg_info --egg-base ../../build/my_py_pkg build --build-base /home/om/ros2_ws/build/my_py_pkg/build install --record /home/om/ros2_ws/build/my_py_pkg/install.log --single-version-externally-managed
