[0.862s] DEBUG:colcon:Command line arguments: ['/usr/bin/colcon', 'list', '-p', '--base-paths', '/home/om/ros2_ws']
[0.862s] DEBUG:colcon:Parsed command line arguments: Namespace(log_base=None, log_level=None, verb_name='list', build_base='build', ignore_user_meta=False, metas=['./colcon.meta'], base_paths=['/home/om/ros2_ws'], packages_ignore=None, packages_ignore_regex=None, paths=None, packages_up_to=None, packages_up_to_regex=None, packages_above=None, packages_above_and_dependencies=None, packages_above_depth=None, packages_select_by_dep=None, packages_skip_by_dep=None, packages_skip_up_to=None, packages_select_build_failed=False, packages_skip_build_finished=False, packages_select_test_failures=False, packages_skip_test_passed=False, packages_select=None, packages_skip=None, packages_select_regex=None, packages_skip_regex=None, packages_start=None, packages_end=None, allow_overriding=[], topological_order=False, names_only=False, paths_only=True, topological_graph=False, topological_graph_dot=False, topological_graph_density=False, topological_graph_legend=False, topological_graph_dot_cluster=False, topological_graph_dot_include_skipped=False, verb_parser=<colcon_defaults.argument_parser.defaults.DefaultArgumentsDecorator object at 0x7f49d0e39180>, verb_extension=<colcon_package_information.verb.list.ListVerb object at 0x7f49d0dab910>, main=<bound method ListVerb.main of <colcon_package_information.verb.list.ListVerb object at 0x7f49d0dab910>>)
[0.908s] Level 1:colcon.colcon_core.package_discovery:discover_packages(colcon_meta) check parameters
[0.908s] Level 1:colcon.colcon_core.package_discovery:discover_packages(recursive) check parameters
[0.908s] Level 1:colcon.colcon_core.package_discovery:discover_packages(ignore) check parameters
[0.908s] Level 1:colcon.colcon_core.package_discovery:discover_packages(path) check parameters
[0.908s] Level 1:colcon.colcon_core.package_discovery:discover_packages(recursive) discover
[0.908s] INFO:colcon.colcon_core.package_discovery:Crawling recursively for packages in '/home/om/ros2_ws'
[0.908s] Level 1:colcon.colcon_core.package_identification:_identify(/home/om/ros2_ws) by extensions ['ignore', 'ignore_ament_install']
[0.908s] Level 1:colcon.colcon_core.package_identification:_identify(/home/om/ros2_ws) by extension 'ignore'
[0.909s] Level 1:colcon.colcon_core.package_identification:_identify(/home/om/ros2_ws) by extension 'ignore_ament_install'
[0.909s] Level 1:colcon.colcon_core.package_identification:_identify(/home/om/ros2_ws) by extensions ['colcon_pkg']
[0.909s] Level 1:colcon.colcon_core.package_identification:_identify(/home/om/ros2_ws) by extension 'colcon_pkg'
[0.909s] Level 1:colcon.colcon_core.package_identification:_identify(/home/om/ros2_ws) by extensions ['colcon_meta']
[0.909s] Level 1:colcon.colcon_core.package_identification:_identify(/home/om/ros2_ws) by extension 'colcon_meta'
[0.909s] Level 1:colcon.colcon_core.package_identification:_identify(/home/om/ros2_ws) by extensions ['ros']
[0.909s] Level 1:colcon.colcon_core.package_identification:_identify(/home/om/ros2_ws) by extension 'ros'
[0.918s] Level 1:colcon.colcon_core.package_identification:_identify(/home/om/ros2_ws) by extensions ['cmake', 'python']
[0.918s] Level 1:colcon.colcon_core.package_identification:_identify(/home/om/ros2_ws) by extension 'cmake'
[0.918s] Level 1:colcon.colcon_core.package_identification:_identify(/home/om/ros2_ws) by extension 'python'
[0.919s] Level 1:colcon.colcon_core.package_identification:_identify(/home/om/ros2_ws) by extensions ['python_setup_py']
[0.919s] Level 1:colcon.colcon_core.package_identification:_identify(/home/om/ros2_ws) by extension 'python_setup_py'
[0.919s] Level 1:colcon.colcon_core.package_identification:_identify(/home/om/ros2_ws/build) by extensions ['ignore', 'ignore_ament_install']
[0.919s] Level 1:colcon.colcon_core.package_identification:_identify(/home/om/ros2_ws/build) by extension 'ignore'
[0.919s] Level 1:colcon.colcon_core.package_identification:_identify(/home/om/ros2_ws/build) ignored
[0.919s] Level 1:colcon.colcon_core.package_identification:_identify(/home/om/ros2_ws/install) by extensions ['ignore', 'ignore_ament_install']
[0.919s] Level 1:colcon.colcon_core.package_identification:_identify(/home/om/ros2_ws/install) by extension 'ignore'
[0.919s] Level 1:colcon.colcon_core.package_identification:_identify(/home/om/ros2_ws/install) ignored
[0.919s] Level 1:colcon.colcon_core.package_identification:_identify(/home/om/ros2_ws/log) by extensions ['ignore', 'ignore_ament_install']
[0.919s] Level 1:colcon.colcon_core.package_identification:_identify(/home/om/ros2_ws/log) by extension 'ignore'
[0.919s] Level 1:colcon.colcon_core.package_identification:_identify(/home/om/ros2_ws/log) ignored
[0.919s] Level 1:colcon.colcon_core.package_identification:_identify(/home/om/ros2_ws/src) by extensions ['ignore', 'ignore_ament_install']
[0.919s] Level 1:colcon.colcon_core.package_identification:_identify(/home/om/ros2_ws/src) by extension 'ignore'
[0.919s] Level 1:colcon.colcon_core.package_identification:_identify(/home/om/ros2_ws/src) by extension 'ignore_ament_install'
[0.919s] Level 1:colcon.colcon_core.package_identification:_identify(/home/om/ros2_ws/src) by extensions ['colcon_pkg']
[0.920s] Level 1:colcon.colcon_core.package_identification:_identify(/home/om/ros2_ws/src) by extension 'colcon_pkg'
[0.920s] Level 1:colcon.colcon_core.package_identification:_identify(/home/om/ros2_ws/src) by extensions ['colcon_meta']
[0.920s] Level 1:colcon.colcon_core.package_identification:_identify(/home/om/ros2_ws/src) by extension 'colcon_meta'
[0.920s] Level 1:colcon.colcon_core.package_identification:_identify(/home/om/ros2_ws/src) by extensions ['ros']
[0.920s] Level 1:colcon.colcon_core.package_identification:_identify(/home/om/ros2_ws/src) by extension 'ros'
[0.920s] Level 1:colcon.colcon_core.package_identification:_identify(/home/om/ros2_ws/src) by extensions ['cmake', 'python']
[0.920s] Level 1:colcon.colcon_core.package_identification:_identify(/home/om/ros2_ws/src) by extension 'cmake'
[0.920s] Level 1:colcon.colcon_core.package_identification:_identify(/home/om/ros2_ws/src) by extension 'python'
[0.920s] Level 1:colcon.colcon_core.package_identification:_identify(/home/om/ros2_ws/src) by extensions ['python_setup_py']
[0.920s] Level 1:colcon.colcon_core.package_identification:_identify(/home/om/ros2_ws/src) by extension 'python_setup_py'
[0.920s] Level 1:colcon.colcon_core.package_identification:_identify(/home/om/ros2_ws/src/my_cpp_pkg) by extensions ['ignore', 'ignore_ament_install']
[0.920s] Level 1:colcon.colcon_core.package_identification:_identify(/home/om/ros2_ws/src/my_cpp_pkg) by extension 'ignore'
[0.920s] Level 1:colcon.colcon_core.package_identification:_identify(/home/om/ros2_ws/src/my_cpp_pkg) by extension 'ignore_ament_install'
[0.920s] Level 1:colcon.colcon_core.package_identification:_identify(/home/om/ros2_ws/src/my_cpp_pkg) by extensions ['colcon_pkg']
[0.920s] Level 1:colcon.colcon_core.package_identification:_identify(/home/om/ros2_ws/src/my_cpp_pkg) by extension 'colcon_pkg'
[0.920s] Level 1:colcon.colcon_core.package_identification:_identify(/home/om/ros2_ws/src/my_cpp_pkg) by extensions ['colcon_meta']
[0.920s] Level 1:colcon.colcon_core.package_identification:_identify(/home/om/ros2_ws/src/my_cpp_pkg) by extension 'colcon_meta'
[0.920s] Level 1:colcon.colcon_core.package_identification:_identify(/home/om/ros2_ws/src/my_cpp_pkg) by extensions ['ros']
[0.920s] Level 1:colcon.colcon_core.package_identification:_identify(/home/om/ros2_ws/src/my_cpp_pkg) by extension 'ros'
[0.922s] DEBUG:colcon.colcon_core.package_identification:Package '/home/om/ros2_ws/src/my_cpp_pkg' with type 'ros.ament_cmake' and name 'my_cpp_pkg'
[0.923s] Level 1:colcon.colcon_core.package_identification:_identify(/home/om/ros2_ws/src/my_py_pkg) by extensions ['ignore', 'ignore_ament_install']
[0.923s] Level 1:colcon.colcon_core.package_identification:_identify(/home/om/ros2_ws/src/my_py_pkg) by extension 'ignore'
[0.923s] Level 1:colcon.colcon_core.package_identification:_identify(/home/om/ros2_ws/src/my_py_pkg) by extension 'ignore_ament_install'
[0.923s] Level 1:colcon.colcon_core.package_identification:_identify(/home/om/ros2_ws/src/my_py_pkg) by extensions ['colcon_pkg']
[0.923s] Level 1:colcon.colcon_core.package_identification:_identify(/home/om/ros2_ws/src/my_py_pkg) by extension 'colcon_pkg'
[0.923s] Level 1:colcon.colcon_core.package_identification:_identify(/home/om/ros2_ws/src/my_py_pkg) by extensions ['colcon_meta']
[0.923s] Level 1:colcon.colcon_core.package_identification:_identify(/home/om/ros2_ws/src/my_py_pkg) by extension 'colcon_meta'
[0.923s] Level 1:colcon.colcon_core.package_identification:_identify(/home/om/ros2_ws/src/my_py_pkg) by extensions ['ros']
[0.923s] Level 1:colcon.colcon_core.package_identification:_identify(/home/om/ros2_ws/src/my_py_pkg) by extension 'ros'
[0.923s] DEBUG:colcon.colcon_core.package_identification:Package '/home/om/ros2_ws/src/my_py_pkg' with type 'ros.ament_python' and name 'my_py_pkg'
[0.924s] Level 1:colcon.colcon_core.package_identification:_identify(/home/om/ros2_ws/src/my_robot_bringup) by extensions ['ignore', 'ignore_ament_install']
[0.924s] Level 1:colcon.colcon_core.package_identification:_identify(/home/om/ros2_ws/src/my_robot_bringup) by extension 'ignore'
[0.924s] Level 1:colcon.colcon_core.package_identification:_identify(/home/om/ros2_ws/src/my_robot_bringup) by extension 'ignore_ament_install'
[0.924s] Level 1:colcon.colcon_core.package_identification:_identify(/home/om/ros2_ws/src/my_robot_bringup) by extensions ['colcon_pkg']
[0.924s] Level 1:colcon.colcon_core.package_identification:_identify(/home/om/ros2_ws/src/my_robot_bringup) by extension 'colcon_pkg'
[0.924s] Level 1:colcon.colcon_core.package_identification:_identify(/home/om/ros2_ws/src/my_robot_bringup) by extensions ['colcon_meta']
[0.924s] Level 1:colcon.colcon_core.package_identification:_identify(/home/om/ros2_ws/src/my_robot_bringup) by extension 'colcon_meta'
[0.924s] Level 1:colcon.colcon_core.package_identification:_identify(/home/om/ros2_ws/src/my_robot_bringup) by extensions ['ros']
[0.924s] Level 1:colcon.colcon_core.package_identification:_identify(/home/om/ros2_ws/src/my_robot_bringup) by extension 'ros'
[0.924s] DEBUG:colcon.colcon_core.package_identification:Package '/home/om/ros2_ws/src/my_robot_bringup' with type 'ros.ament_cmake' and name 'my_robot_bringup'
[0.924s] Level 1:colcon.colcon_core.package_identification:_identify(/home/om/ros2_ws/src/my_robot_interfaces) by extensions ['ignore', 'ignore_ament_install']
[0.924s] Level 1:colcon.colcon_core.package_identification:_identify(/home/om/ros2_ws/src/my_robot_interfaces) by extension 'ignore'
[0.925s] Level 1:colcon.colcon_core.package_identification:_identify(/home/om/ros2_ws/src/my_robot_interfaces) by extension 'ignore_ament_install'
[0.925s] Level 1:colcon.colcon_core.package_identification:_identify(/home/om/ros2_ws/src/my_robot_interfaces) by extensions ['colcon_pkg']
[0.925s] Level 1:colcon.colcon_core.package_identification:_identify(/home/om/ros2_ws/src/my_robot_interfaces) by extension 'colcon_pkg'
[0.925s] Level 1:colcon.colcon_core.package_identification:_identify(/home/om/ros2_ws/src/my_robot_interfaces) by extensions ['colcon_meta']
[0.925s] Level 1:colcon.colcon_core.package_identification:_identify(/home/om/ros2_ws/src/my_robot_interfaces) by extension 'colcon_meta'
[0.925s] Level 1:colcon.colcon_core.package_identification:_identify(/home/om/ros2_ws/src/my_robot_interfaces) by extensions ['ros']
[0.925s] Level 1:colcon.colcon_core.package_identification:_identify(/home/om/ros2_ws/src/my_robot_interfaces) by extension 'ros'
[0.925s] DEBUG:colcon.colcon_core.package_identification:Package '/home/om/ros2_ws/src/my_robot_interfaces' with type 'ros.ament_cmake' and name 'my_robot_interfaces'
[0.925s] Level 1:colcon.colcon_core.package_identification:_identify(/home/om/ros2_ws/src/turtlesim_catch_them_all) by extensions ['ignore', 'ignore_ament_install']
[0.925s] Level 1:colcon.colcon_core.package_identification:_identify(/home/om/ros2_ws/src/turtlesim_catch_them_all) by extension 'ignore'
[0.925s] Level 1:colcon.colcon_core.package_identification:_identify(/home/om/ros2_ws/src/turtlesim_catch_them_all) by extension 'ignore_ament_install'
[0.925s] Level 1:colcon.colcon_core.package_identification:_identify(/home/om/ros2_ws/src/turtlesim_catch_them_all) by extensions ['colcon_pkg']
[0.925s] Level 1:colcon.colcon_core.package_identification:_identify(/home/om/ros2_ws/src/turtlesim_catch_them_all) by extension 'colcon_pkg'
[0.925s] Level 1:colcon.colcon_core.package_identification:_identify(/home/om/ros2_ws/src/turtlesim_catch_them_all) by extensions ['colcon_meta']
[0.925s] Level 1:colcon.colcon_core.package_identification:_identify(/home/om/ros2_ws/src/turtlesim_catch_them_all) by extension 'colcon_meta'
[0.926s] Level 1:colcon.colcon_core.package_identification:_identify(/home/om/ros2_ws/src/turtlesim_catch_them_all) by extensions ['ros']
[0.926s] Level 1:colcon.colcon_core.package_identification:_identify(/home/om/ros2_ws/src/turtlesim_catch_them_all) by extension 'ros'
[0.926s] DEBUG:colcon.colcon_core.package_identification:Package '/home/om/ros2_ws/src/turtlesim_catch_them_all' with type 'ros.ament_python' and name 'turtlesim_catch_them_all'
[0.926s] Level 1:colcon.colcon_core.package_discovery:discover_packages(recursive) using defaults
