[0.305s] Invoking command in '/home/om/ros2_ws/build/my_cpp_pkg': AMENT_PREFIX_PATH=/home/om/ros2_ws/install/my_robot_interfaces:${AMENT_PREFIX_PATH} CMAKE_PREFIX_PATH=/home/om/ros2_ws/install/my_robot_interfaces:/opt/ros/humble LD_LIBRARY_PATH=/home/om/ros2_ws/install/my_robot_interfaces/lib:${LD_LIBRARY_PATH} PYTHONPATH=/home/om/ros2_ws/install/my_robot_interfaces/local/lib/python3.10/dist-packages:${PYTHONPATH} /usr/bin/cmake --build /home/om/ros2_ws/build/my_cpp_pkg -- -j16 -l16
[0.325s] -- Found ament_cmake: 1.3.8 (/opt/ros/humble/share/ament_cmake/cmake)
[0.413s] -- Found rclcpp: 16.0.8 (/opt/ros/humble/share/rclcpp/cmake)
[0.434s] -- Found rosidl_generator_c: 3.1.5 (/opt/ros/humble/share/rosidl_generator_c/cmake)
[0.436s] -- Found rosidl_adapter: 3.1.5 (/opt/ros/humble/share/rosidl_adapter/cmake)
[0.440s] -- Found rosidl_generator_cpp: 3.1.5 (/opt/ros/humble/share/rosidl_generator_cpp/cmake)
[0.448s] -- Using all available rosidl_typesupport_c: rosidl_typesupport_fastrtps_c;rosidl_typesupport_introspection_c
[0.458s] -- Using all available rosidl_typesupport_cpp: rosidl_typesupport_fastrtps_cpp;rosidl_typesupport_introspection_cpp
[0.498s] -- Found rmw_implementation_cmake: 6.1.1 (/opt/ros/humble/share/rmw_implementation_cmake/cmake)
[0.499s] -- Found rmw_fastrtps_cpp: 6.2.6 (/opt/ros/humble/share/rmw_fastrtps_cpp/cmake)
[0.592s] -- Using RMW implementation 'rmw_fastrtps_cpp' as default
[0.698s] -- Found example_interfaces: 0.9.3 (/opt/ros/humble/share/example_interfaces/cmake)
[0.791s] -- Found my_robot_interfaces: 0.0.0 (/home/om/ros2_ws/install/my_robot_interfaces/share/my_robot_interfaces/cmake)
[0.851s] -- Configuring done
[0.874s] -- Generating done
[0.876s] -- Build files have been written to: /home/om/ros2_ws/build/my_cpp_pkg
[0.899s] [35m[1mConsolidate compiler generated dependencies of target smartphone[0m
[0.899s] [35m[1mConsolidate compiler generated dependencies of target robot_news_station[0m
[0.900s] [35m[1mConsolidate compiler generated dependencies of target add_two_ints_server[0m
[0.900s] [35m[1mConsolidate compiler generated dependencies of target add_two_ints_client_no_oop[0m
[0.900s] [35m[1mConsolidate compiler generated dependencies of target cpp_template[0m
[0.900s] [35m[1mConsolidate compiler generated dependencies of target add_two_ints_client[0m
[0.900s] [35m[1mConsolidate compiler generated dependencies of target cpp_node[0m
[0.901s] [35m[1mConsolidate compiler generated dependencies of target hw_status_publisher[0m
[0.920s] [ 25%] Built target robot_news_station
[0.920s] [ 37%] Built target add_two_ints_client
[0.920s] [ 37%] Built target cpp_template
[0.920s] [ 50%] Built target smartphone
[0.920s] [ 75%] Built target cpp_node
[0.921s] [ 75%] Built target add_two_ints_server
[0.922s] [ 87%] Built target add_two_ints_client_no_oop
[0.923s] [100%] Built target hw_status_publisher
[0.952s] Invoked command in '/home/om/ros2_ws/build/my_cpp_pkg' returned '0': AMENT_PREFIX_PATH=/home/om/ros2_ws/install/my_robot_interfaces:${AMENT_PREFIX_PATH} CMAKE_PREFIX_PATH=/home/om/ros2_ws/install/my_robot_interfaces:/opt/ros/humble LD_LIBRARY_PATH=/home/om/ros2_ws/install/my_robot_interfaces/lib:${LD_LIBRARY_PATH} PYTHONPATH=/home/om/ros2_ws/install/my_robot_interfaces/local/lib/python3.10/dist-packages:${PYTHONPATH} /usr/bin/cmake --build /home/om/ros2_ws/build/my_cpp_pkg -- -j16 -l16
[1.014s] Invoking command in '/home/om/ros2_ws/build/my_cpp_pkg': AMENT_PREFIX_PATH=/home/om/ros2_ws/install/my_robot_interfaces:${AMENT_PREFIX_PATH} CMAKE_PREFIX_PATH=/home/om/ros2_ws/install/my_robot_interfaces:/opt/ros/humble LD_LIBRARY_PATH=/home/om/ros2_ws/install/my_robot_interfaces/lib:${LD_LIBRARY_PATH} PYTHONPATH=/home/om/ros2_ws/install/my_robot_interfaces/local/lib/python3.10/dist-packages:${PYTHONPATH} /usr/bin/cmake --install /home/om/ros2_ws/build/my_cpp_pkg
[1.020s] -- Install configuration: ""
[1.021s] -- Up-to-date: /home/om/ros2_ws/install/my_cpp_pkg/lib/my_cpp_pkg/cpp_node
[1.021s] -- Up-to-date: /home/om/ros2_ws/install/my_cpp_pkg/lib/my_cpp_pkg/robot_news_station
[1.021s] -- Up-to-date: /home/om/ros2_ws/install/my_cpp_pkg/lib/my_cpp_pkg/smartphone
[1.021s] -- Up-to-date: /home/om/ros2_ws/install/my_cpp_pkg/lib/my_cpp_pkg/cpp_template
[1.022s] -- Up-to-date: /home/om/ros2_ws/install/my_cpp_pkg/lib/my_cpp_pkg/add_two_ints_server
[1.022s] -- Up-to-date: /home/om/ros2_ws/install/my_cpp_pkg/lib/my_cpp_pkg/add_two_ints_client_no_oop
[1.022s] -- Up-to-date: /home/om/ros2_ws/install/my_cpp_pkg/lib/my_cpp_pkg/add_two_ints_client
[1.022s] -- Up-to-date: /home/om/ros2_ws/install/my_cpp_pkg/lib/my_cpp_pkg/hw_status_publisher
[1.022s] -- Up-to-date: /home/om/ros2_ws/install/my_cpp_pkg/share/ament_index/resource_index/package_run_dependencies/my_cpp_pkg
[1.022s] -- Up-to-date: /home/om/ros2_ws/install/my_cpp_pkg/share/ament_index/resource_index/parent_prefix_path/my_cpp_pkg
[1.022s] -- Up-to-date: /home/om/ros2_ws/install/my_cpp_pkg/share/my_cpp_pkg/environment/ament_prefix_path.sh
[1.023s] -- Installing: /home/om/ros2_ws/install/my_cpp_pkg/share/my_cpp_pkg/environment/ament_prefix_path.dsv
[1.023s] -- Up-to-date: /home/om/ros2_ws/install/my_cpp_pkg/share/my_cpp_pkg/environment/path.sh
[1.023s] -- Installing: /home/om/ros2_ws/install/my_cpp_pkg/share/my_cpp_pkg/environment/path.dsv
[1.023s] -- Up-to-date: /home/om/ros2_ws/install/my_cpp_pkg/share/my_cpp_pkg/local_setup.bash
[1.023s] -- Up-to-date: /home/om/ros2_ws/install/my_cpp_pkg/share/my_cpp_pkg/local_setup.sh
[1.023s] -- Up-to-date: /home/om/ros2_ws/install/my_cpp_pkg/share/my_cpp_pkg/local_setup.zsh
[1.023s] -- Installing: /home/om/ros2_ws/install/my_cpp_pkg/share/my_cpp_pkg/local_setup.dsv
[1.023s] -- Installing: /home/om/ros2_ws/install/my_cpp_pkg/share/my_cpp_pkg/package.dsv
[1.023s] -- Up-to-date: /home/om/ros2_ws/install/my_cpp_pkg/share/ament_index/resource_index/packages/my_cpp_pkg
[1.023s] -- Up-to-date: /home/om/ros2_ws/install/my_cpp_pkg/share/my_cpp_pkg/cmake/my_cpp_pkgConfig.cmake
[1.023s] -- Up-to-date: /home/om/ros2_ws/install/my_cpp_pkg/share/my_cpp_pkg/cmake/my_cpp_pkgConfig-version.cmake
[1.023s] -- Up-to-date: /home/om/ros2_ws/install/my_cpp_pkg/share/my_cpp_pkg/package.xml
[1.025s] Invoked command in '/home/om/ros2_ws/build/my_cpp_pkg' returned '0': AMENT_PREFIX_PATH=/home/om/ros2_ws/install/my_robot_interfaces:${AMENT_PREFIX_PATH} CMAKE_PREFIX_PATH=/home/om/ros2_ws/install/my_robot_interfaces:/opt/ros/humble LD_LIBRARY_PATH=/home/om/ros2_ws/install/my_robot_interfaces/lib:${LD_LIBRARY_PATH} PYTHONPATH=/home/om/ros2_ws/install/my_robot_interfaces/local/lib/python3.10/dist-packages:${PYTHONPATH} /usr/bin/cmake --install /home/om/ros2_ws/build/my_cpp_pkg
