[0.772s] DEBUG:colcon:Command line arguments: ['/usr/bin/colcon', 'build']
[0.772s] DEBUG:colcon:Parsed command line arguments: Namespace(log_base=None, log_level=None, verb_name='build', build_base='build', install_base='install', merge_install=False, symlink_install=False, test_result_base=None, continue_on_error=False, executor='parallel', parallel_workers=16, event_handlers=None, ignore_user_meta=False, metas=['./colcon.meta'], base_paths=['.'], packages_ignore=None, packages_ignore_regex=None, paths=None, packages_up_to=None, packages_up_to_regex=None, packages_above=None, packages_above_and_dependencies=None, packages_above_depth=None, packages_select_by_dep=None, packages_skip_by_dep=None, packages_skip_up_to=None, packages_select_build_failed=False, packages_skip_build_finished=False, packages_select_test_failures=False, packages_skip_test_passed=False, packages_select=None, packages_skip=None, packages_select_regex=None, packages_skip_regex=None, packages_start=None, packages_end=None, allow_overriding=[], cmake_args=None, cmake_target=None, cmake_target_skip_unavailable=False, cmake_clean_cache=False, cmake_clean_first=False, cmake_force_configure=False, ament_cmake_args=None, catkin_cmake_args=None, catkin_skip_building_tests=False, verb_parser=<colcon_defaults.argument_parser.defaults.DefaultArgumentsDecorator object at 0x7f4d13593dc0>, verb_extension=<colcon_core.verb.build.BuildVerb object at 0x7f4d1353fd30>, main=<bound method BuildVerb.main of <colcon_core.verb.build.BuildVerb object at 0x7f4d1353fd30>>)
[0.808s] Level 1:colcon.colcon_core.package_discovery:discover_packages(colcon_meta) check parameters
[0.808s] Level 1:colcon.colcon_core.package_discovery:discover_packages(recursive) check parameters
[0.808s] Level 1:colcon.colcon_core.package_discovery:discover_packages(ignore) check parameters
[0.808s] Level 1:colcon.colcon_core.package_discovery:discover_packages(path) check parameters
[0.808s] Level 1:colcon.colcon_core.package_discovery:discover_packages(colcon_meta) discover
[0.808s] Level 1:colcon.colcon_core.package_discovery:discover_packages(recursive) discover
[0.808s] INFO:colcon.colcon_core.package_discovery:Crawling recursively for packages in '/home/om/ros2_robot'
[0.808s] Level 1:colcon.colcon_core.package_identification:_identify(.) by extensions ['ignore', 'ignore_ament_install']
[0.808s] Level 1:colcon.colcon_core.package_identification:_identify(.) by extension 'ignore'
[0.808s] Level 1:colcon.colcon_core.package_identification:_identify(.) by extension 'ignore_ament_install'
[0.808s] Level 1:colcon.colcon_core.package_identification:_identify(.) by extensions ['colcon_pkg']
[0.809s] Level 1:colcon.colcon_core.package_identification:_identify(.) by extension 'colcon_pkg'
[0.809s] Level 1:colcon.colcon_core.package_identification:_identify(.) by extensions ['colcon_meta']
[0.809s] Level 1:colcon.colcon_core.package_identification:_identify(.) by extension 'colcon_meta'
[0.809s] Level 1:colcon.colcon_core.package_identification:_identify(.) by extensions ['ros']
[0.809s] Level 1:colcon.colcon_core.package_identification:_identify(.) by extension 'ros'
[0.817s] Level 1:colcon.colcon_core.package_identification:_identify(.) by extensions ['cmake', 'python']
[0.817s] Level 1:colcon.colcon_core.package_identification:_identify(.) by extension 'cmake'
[0.817s] Level 1:colcon.colcon_core.package_identification:_identify(.) by extension 'python'
[0.817s] Level 1:colcon.colcon_core.package_identification:_identify(.) by extensions ['python_setup_py']
[0.817s] Level 1:colcon.colcon_core.package_identification:_identify(.) by extension 'python_setup_py'
[0.817s] Level 1:colcon.colcon_core.package_identification:_identify(build) by extensions ['ignore', 'ignore_ament_install']
[0.817s] Level 1:colcon.colcon_core.package_identification:_identify(build) by extension 'ignore'
[0.817s] Level 1:colcon.colcon_core.package_identification:_identify(build) ignored
[0.817s] Level 1:colcon.colcon_core.package_identification:_identify(install) by extensions ['ignore', 'ignore_ament_install']
[0.817s] Level 1:colcon.colcon_core.package_identification:_identify(install) by extension 'ignore'
[0.817s] Level 1:colcon.colcon_core.package_identification:_identify(install) ignored
[0.817s] Level 1:colcon.colcon_core.package_identification:_identify(log) by extensions ['ignore', 'ignore_ament_install']
[0.818s] Level 1:colcon.colcon_core.package_identification:_identify(log) by extension 'ignore'
[0.818s] Level 1:colcon.colcon_core.package_identification:_identify(log) ignored
[0.818s] Level 1:colcon.colcon_core.package_identification:_identify(src) by extensions ['ignore', 'ignore_ament_install']
[0.818s] Level 1:colcon.colcon_core.package_identification:_identify(src) by extension 'ignore'
[0.818s] Level 1:colcon.colcon_core.package_identification:_identify(src) by extension 'ignore_ament_install'
[0.818s] Level 1:colcon.colcon_core.package_identification:_identify(src) by extensions ['colcon_pkg']
[0.818s] Level 1:colcon.colcon_core.package_identification:_identify(src) by extension 'colcon_pkg'
[0.818s] Level 1:colcon.colcon_core.package_identification:_identify(src) by extensions ['colcon_meta']
[0.818s] Level 1:colcon.colcon_core.package_identification:_identify(src) by extension 'colcon_meta'
[0.818s] Level 1:colcon.colcon_core.package_identification:_identify(src) by extensions ['ros']
[0.818s] Level 1:colcon.colcon_core.package_identification:_identify(src) by extension 'ros'
[0.818s] Level 1:colcon.colcon_core.package_identification:_identify(src) by extensions ['cmake', 'python']
[0.818s] Level 1:colcon.colcon_core.package_identification:_identify(src) by extension 'cmake'
[0.818s] Level 1:colcon.colcon_core.package_identification:_identify(src) by extension 'python'
[0.818s] Level 1:colcon.colcon_core.package_identification:_identify(src) by extensions ['python_setup_py']
[0.818s] Level 1:colcon.colcon_core.package_identification:_identify(src) by extension 'python_setup_py'
[0.818s] Level 1:colcon.colcon_core.package_identification:_identify(src/my_robot_description) by extensions ['ignore', 'ignore_ament_install']
[0.818s] Level 1:colcon.colcon_core.package_identification:_identify(src/my_robot_description) by extension 'ignore'
[0.818s] Level 1:colcon.colcon_core.package_identification:_identify(src/my_robot_description) by extension 'ignore_ament_install'
[0.818s] Level 1:colcon.colcon_core.package_identification:_identify(src/my_robot_description) by extensions ['colcon_pkg']
[0.818s] Level 1:colcon.colcon_core.package_identification:_identify(src/my_robot_description) by extension 'colcon_pkg'
[0.818s] Level 1:colcon.colcon_core.package_identification:_identify(src/my_robot_description) by extensions ['colcon_meta']
[0.818s] Level 1:colcon.colcon_core.package_identification:_identify(src/my_robot_description) by extension 'colcon_meta'
[0.818s] Level 1:colcon.colcon_core.package_identification:_identify(src/my_robot_description) by extensions ['ros']
[0.818s] Level 1:colcon.colcon_core.package_identification:_identify(src/my_robot_description) by extension 'ros'
[0.820s] DEBUG:colcon.colcon_core.package_identification:Package 'src/my_robot_description' with type 'ros.ament_cmake' and name 'my_robot_description'
[0.820s] Level 1:colcon.colcon_core.package_discovery:discover_packages(recursive) using defaults
[0.820s] Level 1:colcon.colcon_core.package_discovery:discover_packages(ignore) discover
[0.820s] Level 1:colcon.colcon_core.package_discovery:discover_packages(ignore) using defaults
[0.820s] Level 1:colcon.colcon_core.package_discovery:discover_packages(path) discover
[0.820s] Level 1:colcon.colcon_core.package_discovery:discover_packages(path) using defaults
[0.890s] Level 1:colcon.colcon_core.package_discovery:discover_packages(prefix_path) check parameters
[0.890s] Level 1:colcon.colcon_core.package_discovery:discover_packages(prefix_path) discover
[0.914s] DEBUG:colcon.colcon_installed_package_information.package_discovery:Found 5 installed packages in /home/om/ros2_ws/install
[0.925s] DEBUG:colcon.colcon_installed_package_information.package_discovery:Found 1 installed packages in /home/om/ros2_robot/install
[0.937s] DEBUG:colcon.colcon_installed_package_information.package_discovery:Found 328 installed packages in /opt/ros/humble
[0.938s] Level 1:colcon.colcon_core.package_discovery:discover_packages(prefix_path) using defaults
[1.010s] Level 5:colcon.colcon_core.verb:set package 'my_robot_description' build argument 'cmake_args' from command line to 'None'
[1.010s] Level 5:colcon.colcon_core.verb:set package 'my_robot_description' build argument 'cmake_target' from command line to 'None'
[1.010s] Level 5:colcon.colcon_core.verb:set package 'my_robot_description' build argument 'cmake_target_skip_unavailable' from command line to 'False'
[1.010s] Level 5:colcon.colcon_core.verb:set package 'my_robot_description' build argument 'cmake_clean_cache' from command line to 'False'
[1.010s] Level 5:colcon.colcon_core.verb:set package 'my_robot_description' build argument 'cmake_clean_first' from command line to 'False'
[1.010s] Level 5:colcon.colcon_core.verb:set package 'my_robot_description' build argument 'cmake_force_configure' from command line to 'False'
[1.010s] Level 5:colcon.colcon_core.verb:set package 'my_robot_description' build argument 'ament_cmake_args' from command line to 'None'
[1.010s] Level 5:colcon.colcon_core.verb:set package 'my_robot_description' build argument 'catkin_cmake_args' from command line to 'None'
[1.010s] Level 5:colcon.colcon_core.verb:set package 'my_robot_description' build argument 'catkin_skip_building_tests' from command line to 'False'
[1.010s] DEBUG:colcon.colcon_core.verb:Building package 'my_robot_description' with the following arguments: {'ament_cmake_args': None, 'build_base': '/home/om/ros2_robot/build/my_robot_description', 'catkin_cmake_args': None, 'catkin_skip_building_tests': False, 'cmake_args': None, 'cmake_clean_cache': False, 'cmake_clean_first': False, 'cmake_force_configure': False, 'cmake_target': None, 'cmake_target_skip_unavailable': False, 'install_base': '/home/om/ros2_robot/install/my_robot_description', 'merge_install': False, 'path': '/home/om/ros2_robot/src/my_robot_description', 'symlink_install': False, 'test_result_base': None}
[1.021s] INFO:colcon.colcon_core.executor:Executing jobs using 'parallel' executor
[1.033s] DEBUG:colcon.colcon_parallel_executor.executor.parallel:run_until_complete
[1.033s] INFO:colcon.colcon_ros.task.ament_cmake.build:Building ROS package in '/home/om/ros2_robot/src/my_robot_description' with build type 'ament_cmake'
[1.033s] INFO:colcon.colcon_cmake.task.cmake.build:Building CMake package in '/home/om/ros2_robot/src/my_robot_description'
[1.053s] INFO:colcon.colcon_core.plugin_system:Skipping extension 'colcon_core.shell.bat': Not used on non-Windows systems
[1.054s] INFO:colcon.colcon_core.shell:Skip shell extension 'powershell' for command environment: Not usable outside of PowerShell
[1.054s] DEBUG:colcon.colcon_core.shell:Skip shell extension 'dsv' for command environment
[1.105s] DEBUG:colcon.colcon_core.event_handler.log_command:Invoking command in '/home/om/ros2_robot/build/my_robot_description': CMAKE_PREFIX_PATH=${CMAKE_PREFIX_PATH}:/home/om/ros2_ws/install/turtlesim_catch_them_all:/home/om/ros2_ws/install/my_py_pkg:/opt/ros/humble /usr/bin/cmake --build /home/om/ros2_robot/build/my_robot_description -- -j16 -l16
[1.140s] DEBUG:colcon.colcon_core.event_handler.log_command:Invoked command in '/home/om/ros2_robot/build/my_robot_description' returned '0': CMAKE_PREFIX_PATH=${CMAKE_PREFIX_PATH}:/home/om/ros2_ws/install/turtlesim_catch_them_all:/home/om/ros2_ws/install/my_py_pkg:/opt/ros/humble /usr/bin/cmake --build /home/om/ros2_robot/build/my_robot_description -- -j16 -l16
[1.170s] DEBUG:colcon.colcon_core.event_handler.log_command:Invoking command in '/home/om/ros2_robot/build/my_robot_description': CMAKE_PREFIX_PATH=${CMAKE_PREFIX_PATH}:/home/om/ros2_ws/install/turtlesim_catch_them_all:/home/om/ros2_ws/install/my_py_pkg:/opt/ros/humble /usr/bin/cmake --install /home/om/ros2_robot/build/my_robot_description
[1.189s] Level 1:colcon.colcon_core.environment:create_environment_scripts_only(my_robot_description)
[1.189s] DEBUG:colcon.colcon_core.event_handler.log_command:Invoked command in '/home/om/ros2_robot/build/my_robot_description' returned '0': CMAKE_PREFIX_PATH=${CMAKE_PREFIX_PATH}:/home/om/ros2_ws/install/turtlesim_catch_them_all:/home/om/ros2_ws/install/my_py_pkg:/opt/ros/humble /usr/bin/cmake --install /home/om/ros2_robot/build/my_robot_description
[1.202s] Level 1:colcon.colcon_core.environment:checking '/home/om/ros2_robot/install/my_robot_description' for CMake module files
[1.202s] Level 1:colcon.colcon_core.environment:checking '/home/om/ros2_robot/install/my_robot_description' for CMake config files
[1.202s] Level 1:colcon.colcon_core.shell:create_environment_hook('my_robot_description', 'cmake_prefix_path')
[1.213s] INFO:colcon.colcon_core.shell:Creating environment hook '/home/om/ros2_robot/install/my_robot_description/share/my_robot_description/hook/cmake_prefix_path.ps1'
[1.214s] INFO:colcon.colcon_core.shell:Creating environment descriptor '/home/om/ros2_robot/install/my_robot_description/share/my_robot_description/hook/cmake_prefix_path.dsv'
[1.214s] INFO:colcon.colcon_core.shell:Creating environment hook '/home/om/ros2_robot/install/my_robot_description/share/my_robot_description/hook/cmake_prefix_path.sh'
[1.214s] Level 1:colcon.colcon_core.environment:checking '/home/om/ros2_robot/install/my_robot_description/bin'
[1.214s] Level 1:colcon.colcon_core.environment:checking '/home/om/ros2_robot/install/my_robot_description/lib/pkgconfig/my_robot_description.pc'
[1.215s] Level 1:colcon.colcon_core.environment:checking '/home/om/ros2_robot/install/my_robot_description/lib/python3.10/site-packages'
[1.215s] Level 1:colcon.colcon_core.environment:checking '/home/om/ros2_robot/install/my_robot_description/bin'
[1.226s] INFO:colcon.colcon_core.shell:Creating package script '/home/om/ros2_robot/install/my_robot_description/share/my_robot_description/package.ps1'
[1.226s] INFO:colcon.colcon_core.shell:Creating package descriptor '/home/om/ros2_robot/install/my_robot_description/share/my_robot_description/package.dsv'
[1.227s] INFO:colcon.colcon_core.shell:Creating package script '/home/om/ros2_robot/install/my_robot_description/share/my_robot_description/package.sh'
[1.227s] INFO:colcon.colcon_core.shell:Creating package script '/home/om/ros2_robot/install/my_robot_description/share/my_robot_description/package.bash'
[1.227s] INFO:colcon.colcon_core.shell:Creating package script '/home/om/ros2_robot/install/my_robot_description/share/my_robot_description/package.zsh'
[1.228s] Level 1:colcon.colcon_core.environment:create_file_with_runtime_dependencies(/home/om/ros2_robot/install/my_robot_description/share/colcon-core/packages/my_robot_description)
[1.261s] Level 1:colcon.colcon_core.environment:create_environment_scripts_only(my_robot_description)
[1.272s] Level 1:colcon.colcon_core.environment:checking '/home/om/ros2_robot/install/my_robot_description' for CMake module files
[1.272s] Level 1:colcon.colcon_core.environment:checking '/home/om/ros2_robot/install/my_robot_description' for CMake config files
[1.272s] Level 1:colcon.colcon_core.shell:create_environment_hook('my_robot_description', 'cmake_prefix_path')
[1.283s] INFO:colcon.colcon_core.shell:Creating environment hook '/home/om/ros2_robot/install/my_robot_description/share/my_robot_description/hook/cmake_prefix_path.ps1'
[1.283s] INFO:colcon.colcon_core.shell:Creating environment descriptor '/home/om/ros2_robot/install/my_robot_description/share/my_robot_description/hook/cmake_prefix_path.dsv'
[1.284s] INFO:colcon.colcon_core.shell:Creating environment hook '/home/om/ros2_robot/install/my_robot_description/share/my_robot_description/hook/cmake_prefix_path.sh'
[1.284s] Level 1:colcon.colcon_core.environment:checking '/home/om/ros2_robot/install/my_robot_description/bin'
[1.284s] Level 1:colcon.colcon_core.environment:checking '/home/om/ros2_robot/install/my_robot_description/lib/pkgconfig/my_robot_description.pc'
[1.284s] Level 1:colcon.colcon_core.environment:checking '/home/om/ros2_robot/install/my_robot_description/lib/python3.10/site-packages'
[1.284s] Level 1:colcon.colcon_core.environment:checking '/home/om/ros2_robot/install/my_robot_description/bin'
[1.296s] INFO:colcon.colcon_core.shell:Creating package script '/home/om/ros2_robot/install/my_robot_description/share/my_robot_description/package.ps1'
[1.296s] INFO:colcon.colcon_core.shell:Creating package descriptor '/home/om/ros2_robot/install/my_robot_description/share/my_robot_description/package.dsv'
[1.297s] INFO:colcon.colcon_core.shell:Creating package script '/home/om/ros2_robot/install/my_robot_description/share/my_robot_description/package.sh'
[1.297s] INFO:colcon.colcon_core.shell:Creating package script '/home/om/ros2_robot/install/my_robot_description/share/my_robot_description/package.bash'
[1.297s] INFO:colcon.colcon_core.shell:Creating package script '/home/om/ros2_robot/install/my_robot_description/share/my_robot_description/package.zsh'
[1.297s] Level 1:colcon.colcon_core.environment:create_file_with_runtime_dependencies(/home/om/ros2_robot/install/my_robot_description/share/colcon-core/packages/my_robot_description)
[1.298s] DEBUG:colcon.colcon_parallel_executor.executor.parallel:closing loop
[1.298s] DEBUG:colcon.colcon_parallel_executor.executor.parallel:loop closed
[1.298s] DEBUG:colcon.colcon_parallel_executor.executor.parallel:run_until_complete finished with '0'
[1.298s] DEBUG:colcon.colcon_core.event_reactor:joining thread
[1.313s] INFO:colcon.colcon_core.plugin_system:Skipping extension 'colcon_notification.desktop_notification.terminal_notifier': Not used on non-Darwin systems
[1.313s] INFO:colcon.colcon_core.plugin_system:Skipping extension 'colcon_notification.desktop_notification.win32': Not used on non-Windows systems
[1.313s] INFO:colcon.colcon_notification.desktop_notification:Sending desktop notification using 'notify2'
[1.323s] DEBUG:colcon.colcon_core.event_reactor:joined thread
[1.334s] INFO:colcon.colcon_core.shell:Creating prefix script '/home/om/ros2_robot/install/local_setup.ps1'
[1.335s] INFO:colcon.colcon_core.shell:Creating prefix util module '/home/om/ros2_robot/install/_local_setup_util_ps1.py'
[1.336s] INFO:colcon.colcon_core.shell:Creating prefix chain script '/home/om/ros2_robot/install/setup.ps1'
[1.347s] INFO:colcon.colcon_core.shell:Creating prefix script '/home/om/ros2_robot/install/local_setup.sh'
[1.348s] INFO:colcon.colcon_core.shell:Creating prefix util module '/home/om/ros2_robot/install/_local_setup_util_sh.py'
[1.348s] INFO:colcon.colcon_core.shell:Creating prefix chain script '/home/om/ros2_robot/install/setup.sh'
[1.359s] INFO:colcon.colcon_core.shell:Creating prefix script '/home/om/ros2_robot/install/local_setup.bash'
[1.360s] INFO:colcon.colcon_core.shell:Creating prefix chain script '/home/om/ros2_robot/install/setup.bash'
[1.371s] INFO:colcon.colcon_core.shell:Creating prefix script '/home/om/ros2_robot/install/local_setup.zsh'
[1.371s] INFO:colcon.colcon_core.shell:Creating prefix chain script '/home/om/ros2_robot/install/setup.zsh'
