[0.770s] DEBUG:colcon:Command line arguments: ['/usr/bin/colcon', 'build']
[0.770s] DEBUG:colcon:Parsed command line arguments: Namespace(log_base=None, log_level=None, verb_name='build', build_base='build', install_base='install', merge_install=False, symlink_install=False, test_result_base=None, continue_on_error=False, executor='parallel', parallel_workers=16, event_handlers=None, ignore_user_meta=False, metas=['./colcon.meta'], base_paths=['.'], packages_ignore=None, packages_ignore_regex=None, paths=None, packages_up_to=None, packages_up_to_regex=None, packages_above=None, packages_above_and_dependencies=None, packages_above_depth=None, packages_select_by_dep=None, packages_skip_by_dep=None, packages_skip_up_to=None, packages_select_build_failed=False, packages_skip_build_finished=False, packages_select_test_failures=False, packages_skip_test_passed=False, packages_select=None, packages_skip=None, packages_select_regex=None, packages_skip_regex=None, packages_start=None, packages_end=None, allow_overriding=[], cmake_args=None, cmake_target=None, cmake_target_skip_unavailable=False, cmake_clean_cache=False, cmake_clean_first=False, cmake_force_configure=False, ament_cmake_args=None, catkin_cmake_args=None, catkin_skip_building_tests=False, verb_parser=<colcon_defaults.argument_parser.defaults.DefaultArgumentsDecorator object at 0x7fdf5fd3f0d0>, verb_extension=<colcon_core.verb.build.BuildVerb object at 0x7fdf5fce9390>, main=<bound method BuildVerb.main of <colcon_core.verb.build.BuildVerb object at 0x7fdf5fce9390>>)
[0.805s] Level 1:colcon.colcon_core.package_discovery:discover_packages(colcon_meta) check parameters
[0.805s] Level 1:colcon.colcon_core.package_discovery:discover_packages(recursive) check parameters
[0.806s] Level 1:colcon.colcon_core.package_discovery:discover_packages(ignore) check parameters
[0.806s] Level 1:colcon.colcon_core.package_discovery:discover_packages(path) check parameters
[0.806s] Level 1:colcon.colcon_core.package_discovery:discover_packages(colcon_meta) discover
[0.806s] Level 1:colcon.colcon_core.package_discovery:discover_packages(recursive) discover
[0.806s] INFO:colcon.colcon_core.package_discovery:Crawling recursively for packages in '/home/om/ros2_robot'
[0.806s] Level 1:colcon.colcon_core.package_identification:_identify(.) by extensions ['ignore', 'ignore_ament_install']
[0.806s] Level 1:colcon.colcon_core.package_identification:_identify(.) by extension 'ignore'
[0.806s] Level 1:colcon.colcon_core.package_identification:_identify(.) by extension 'ignore_ament_install'
[0.806s] Level 1:colcon.colcon_core.package_identification:_identify(.) by extensions ['colcon_pkg']
[0.806s] Level 1:colcon.colcon_core.package_identification:_identify(.) by extension 'colcon_pkg'
[0.806s] Level 1:colcon.colcon_core.package_identification:_identify(.) by extensions ['colcon_meta']
[0.806s] Level 1:colcon.colcon_core.package_identification:_identify(.) by extension 'colcon_meta'
[0.806s] Level 1:colcon.colcon_core.package_identification:_identify(.) by extensions ['ros']
[0.806s] Level 1:colcon.colcon_core.package_identification:_identify(.) by extension 'ros'
[0.814s] Level 1:colcon.colcon_core.package_identification:_identify(.) by extensions ['cmake', 'python']
[0.814s] Level 1:colcon.colcon_core.package_identification:_identify(.) by extension 'cmake'
[0.814s] Level 1:colcon.colcon_core.package_identification:_identify(.) by extension 'python'
[0.814s] Level 1:colcon.colcon_core.package_identification:_identify(.) by extensions ['python_setup_py']
[0.814s] Level 1:colcon.colcon_core.package_identification:_identify(.) by extension 'python_setup_py'
[0.814s] Level 1:colcon.colcon_core.package_identification:_identify(build) by extensions ['ignore', 'ignore_ament_install']
[0.815s] Level 1:colcon.colcon_core.package_identification:_identify(build) by extension 'ignore'
[0.815s] Level 1:colcon.colcon_core.package_identification:_identify(build) ignored
[0.815s] Level 1:colcon.colcon_core.package_identification:_identify(install) by extensions ['ignore', 'ignore_ament_install']
[0.815s] Level 1:colcon.colcon_core.package_identification:_identify(install) by extension 'ignore'
[0.815s] Level 1:colcon.colcon_core.package_identification:_identify(install) ignored
[0.815s] Level 1:colcon.colcon_core.package_identification:_identify(log) by extensions ['ignore', 'ignore_ament_install']
[0.815s] Level 1:colcon.colcon_core.package_identification:_identify(log) by extension 'ignore'
[0.815s] Level 1:colcon.colcon_core.package_identification:_identify(log) ignored
[0.815s] Level 1:colcon.colcon_core.package_identification:_identify(src) by extensions ['ignore', 'ignore_ament_install']
[0.815s] Level 1:colcon.colcon_core.package_identification:_identify(src) by extension 'ignore'
[0.815s] Level 1:colcon.colcon_core.package_identification:_identify(src) by extension 'ignore_ament_install'
[0.815s] Level 1:colcon.colcon_core.package_identification:_identify(src) by extensions ['colcon_pkg']
[0.815s] Level 1:colcon.colcon_core.package_identification:_identify(src) by extension 'colcon_pkg'
[0.815s] Level 1:colcon.colcon_core.package_identification:_identify(src) by extensions ['colcon_meta']
[0.815s] Level 1:colcon.colcon_core.package_identification:_identify(src) by extension 'colcon_meta'
[0.815s] Level 1:colcon.colcon_core.package_identification:_identify(src) by extensions ['ros']
[0.815s] Level 1:colcon.colcon_core.package_identification:_identify(src) by extension 'ros'
[0.815s] Level 1:colcon.colcon_core.package_identification:_identify(src) by extensions ['cmake', 'python']
[0.815s] Level 1:colcon.colcon_core.package_identification:_identify(src) by extension 'cmake'
[0.815s] Level 1:colcon.colcon_core.package_identification:_identify(src) by extension 'python'
[0.815s] Level 1:colcon.colcon_core.package_identification:_identify(src) by extensions ['python_setup_py']
[0.815s] Level 1:colcon.colcon_core.package_identification:_identify(src) by extension 'python_setup_py'
[0.816s] Level 1:colcon.colcon_core.package_identification:_identify(src/my_robot_bringup) by extensions ['ignore', 'ignore_ament_install']
[0.816s] Level 1:colcon.colcon_core.package_identification:_identify(src/my_robot_bringup) by extension 'ignore'
[0.816s] Level 1:colcon.colcon_core.package_identification:_identify(src/my_robot_bringup) by extension 'ignore_ament_install'
[0.816s] Level 1:colcon.colcon_core.package_identification:_identify(src/my_robot_bringup) by extensions ['colcon_pkg']
[0.816s] Level 1:colcon.colcon_core.package_identification:_identify(src/my_robot_bringup) by extension 'colcon_pkg'
[0.816s] Level 1:colcon.colcon_core.package_identification:_identify(src/my_robot_bringup) by extensions ['colcon_meta']
[0.816s] Level 1:colcon.colcon_core.package_identification:_identify(src/my_robot_bringup) by extension 'colcon_meta'
[0.816s] Level 1:colcon.colcon_core.package_identification:_identify(src/my_robot_bringup) by extensions ['ros']
[0.816s] Level 1:colcon.colcon_core.package_identification:_identify(src/my_robot_bringup) by extension 'ros'
[0.818s] DEBUG:colcon.colcon_core.package_identification:Package 'src/my_robot_bringup' with type 'ros.ament_cmake' and name 'my_robot_bringup'
[0.818s] Level 1:colcon.colcon_core.package_identification:_identify(src/my_robot_description) by extensions ['ignore', 'ignore_ament_install']
[0.818s] Level 1:colcon.colcon_core.package_identification:_identify(src/my_robot_description) by extension 'ignore'
[0.818s] Level 1:colcon.colcon_core.package_identification:_identify(src/my_robot_description) by extension 'ignore_ament_install'
[0.818s] Level 1:colcon.colcon_core.package_identification:_identify(src/my_robot_description) by extensions ['colcon_pkg']
[0.818s] Level 1:colcon.colcon_core.package_identification:_identify(src/my_robot_description) by extension 'colcon_pkg'
[0.818s] Level 1:colcon.colcon_core.package_identification:_identify(src/my_robot_description) by extensions ['colcon_meta']
[0.818s] Level 1:colcon.colcon_core.package_identification:_identify(src/my_robot_description) by extension 'colcon_meta'
[0.818s] Level 1:colcon.colcon_core.package_identification:_identify(src/my_robot_description) by extensions ['ros']
[0.818s] Level 1:colcon.colcon_core.package_identification:_identify(src/my_robot_description) by extension 'ros'
[0.818s] DEBUG:colcon.colcon_core.package_identification:Package 'src/my_robot_description' with type 'ros.ament_cmake' and name 'my_robot_description'
[0.818s] Level 1:colcon.colcon_core.package_discovery:discover_packages(recursive) using defaults
[0.818s] Level 1:colcon.colcon_core.package_discovery:discover_packages(ignore) discover
[0.818s] Level 1:colcon.colcon_core.package_discovery:discover_packages(ignore) using defaults
[0.818s] Level 1:colcon.colcon_core.package_discovery:discover_packages(path) discover
[0.818s] Level 1:colcon.colcon_core.package_discovery:discover_packages(path) using defaults
[0.888s] Level 1:colcon.colcon_core.package_discovery:discover_packages(prefix_path) check parameters
[0.889s] Level 1:colcon.colcon_core.package_discovery:discover_packages(prefix_path) discover
[0.913s] DEBUG:colcon.colcon_installed_package_information.package_discovery:Found 2 installed packages in /home/om/ros2_robot/install
[0.924s] DEBUG:colcon.colcon_installed_package_information.package_discovery:Found 5 installed packages in /home/om/ros2_ws/install
[0.936s] DEBUG:colcon.colcon_installed_package_information.package_discovery:Found 328 installed packages in /opt/ros/humble
[0.937s] Level 1:colcon.colcon_core.package_discovery:discover_packages(prefix_path) using defaults
[1.010s] Level 5:colcon.colcon_core.verb:set package 'my_robot_description' build argument 'cmake_args' from command line to 'None'
[1.010s] Level 5:colcon.colcon_core.verb:set package 'my_robot_description' build argument 'cmake_target' from command line to 'None'
[1.010s] Level 5:colcon.colcon_core.verb:set package 'my_robot_description' build argument 'cmake_target_skip_unavailable' from command line to 'False'
[1.010s] Level 5:colcon.colcon_core.verb:set package 'my_robot_description' build argument 'cmake_clean_cache' from command line to 'False'
[1.010s] Level 5:colcon.colcon_core.verb:set package 'my_robot_description' build argument 'cmake_clean_first' from command line to 'False'
[1.010s] Level 5:colcon.colcon_core.verb:set package 'my_robot_description' build argument 'cmake_force_configure' from command line to 'False'
[1.010s] Level 5:colcon.colcon_core.verb:set package 'my_robot_description' build argument 'ament_cmake_args' from command line to 'None'
[1.010s] Level 5:colcon.colcon_core.verb:set package 'my_robot_description' build argument 'catkin_cmake_args' from command line to 'None'
[1.010s] Level 5:colcon.colcon_core.verb:set package 'my_robot_description' build argument 'catkin_skip_building_tests' from command line to 'False'
[1.010s] DEBUG:colcon.colcon_core.verb:Building package 'my_robot_description' with the following arguments: {'ament_cmake_args': None, 'build_base': '/home/om/ros2_robot/build/my_robot_description', 'catkin_cmake_args': None, 'catkin_skip_building_tests': False, 'cmake_args': None, 'cmake_clean_cache': False, 'cmake_clean_first': False, 'cmake_force_configure': False, 'cmake_target': None, 'cmake_target_skip_unavailable': False, 'install_base': '/home/om/ros2_robot/install/my_robot_description', 'merge_install': False, 'path': '/home/om/ros2_robot/src/my_robot_description', 'symlink_install': False, 'test_result_base': None}
[1.032s] Level 5:colcon.colcon_core.verb:set package 'my_robot_bringup' build argument 'cmake_args' from command line to 'None'
[1.032s] Level 5:colcon.colcon_core.verb:set package 'my_robot_bringup' build argument 'cmake_target' from command line to 'None'
[1.032s] Level 5:colcon.colcon_core.verb:set package 'my_robot_bringup' build argument 'cmake_target_skip_unavailable' from command line to 'False'
[1.032s] Level 5:colcon.colcon_core.verb:set package 'my_robot_bringup' build argument 'cmake_clean_cache' from command line to 'False'
[1.032s] Level 5:colcon.colcon_core.verb:set package 'my_robot_bringup' build argument 'cmake_clean_first' from command line to 'False'
[1.032s] Level 5:colcon.colcon_core.verb:set package 'my_robot_bringup' build argument 'cmake_force_configure' from command line to 'False'
[1.032s] Level 5:colcon.colcon_core.verb:set package 'my_robot_bringup' build argument 'ament_cmake_args' from command line to 'None'
[1.032s] Level 5:colcon.colcon_core.verb:set package 'my_robot_bringup' build argument 'catkin_cmake_args' from command line to 'None'
[1.032s] Level 5:colcon.colcon_core.verb:set package 'my_robot_bringup' build argument 'catkin_skip_building_tests' from command line to 'False'
[1.032s] DEBUG:colcon.colcon_core.verb:Building package 'my_robot_bringup' with the following arguments: {'ament_cmake_args': None, 'build_base': '/home/om/ros2_robot/build/my_robot_bringup', 'catkin_cmake_args': None, 'catkin_skip_building_tests': False, 'cmake_args': None, 'cmake_clean_cache': False, 'cmake_clean_first': False, 'cmake_force_configure': False, 'cmake_target': None, 'cmake_target_skip_unavailable': False, 'install_base': '/home/om/ros2_robot/install/my_robot_bringup', 'merge_install': False, 'path': '/home/om/ros2_robot/src/my_robot_bringup', 'symlink_install': False, 'test_result_base': None}
[1.043s] INFO:colcon.colcon_core.executor:Executing jobs using 'parallel' executor
[1.055s] DEBUG:colcon.colcon_parallel_executor.executor.parallel:run_until_complete
[1.056s] INFO:colcon.colcon_ros.task.ament_cmake.build:Building ROS package in '/home/om/ros2_robot/src/my_robot_description' with build type 'ament_cmake'
[1.056s] INFO:colcon.colcon_cmake.task.cmake.build:Building CMake package in '/home/om/ros2_robot/src/my_robot_description'
[1.068s] INFO:colcon.colcon_core.plugin_system:Skipping extension 'colcon_core.shell.bat': Not used on non-Windows systems
[1.068s] INFO:colcon.colcon_core.shell:Skip shell extension 'powershell' for command environment: Not usable outside of PowerShell
[1.068s] DEBUG:colcon.colcon_core.shell:Skip shell extension 'dsv' for command environment
[1.119s] DEBUG:colcon.colcon_core.event_handler.log_command:Invoking command in '/home/om/ros2_robot/build/my_robot_description': CMAKE_PREFIX_PATH=${CMAKE_PREFIX_PATH}:/home/om/ros2_ws/install/turtlesim_catch_them_all:/home/om/ros2_ws/install/my_py_pkg:/opt/ros/humble /usr/bin/cmake --build /home/om/ros2_robot/build/my_robot_description -- -j16 -l16
[1.156s] DEBUG:colcon.colcon_core.event_handler.log_command:Invoked command in '/home/om/ros2_robot/build/my_robot_description' returned '0': CMAKE_PREFIX_PATH=${CMAKE_PREFIX_PATH}:/home/om/ros2_ws/install/turtlesim_catch_them_all:/home/om/ros2_ws/install/my_py_pkg:/opt/ros/humble /usr/bin/cmake --build /home/om/ros2_robot/build/my_robot_description -- -j16 -l16
[1.189s] DEBUG:colcon.colcon_core.event_handler.log_command:Invoking command in '/home/om/ros2_robot/build/my_robot_description': CMAKE_PREFIX_PATH=${CMAKE_PREFIX_PATH}:/home/om/ros2_ws/install/turtlesim_catch_them_all:/home/om/ros2_ws/install/my_py_pkg:/opt/ros/humble /usr/bin/cmake --install /home/om/ros2_robot/build/my_robot_description
[1.209s] Level 1:colcon.colcon_core.environment:create_environment_scripts_only(my_robot_description)
[1.209s] DEBUG:colcon.colcon_core.event_handler.log_command:Invoked command in '/home/om/ros2_robot/build/my_robot_description' returned '0': CMAKE_PREFIX_PATH=${CMAKE_PREFIX_PATH}:/home/om/ros2_ws/install/turtlesim_catch_them_all:/home/om/ros2_ws/install/my_py_pkg:/opt/ros/humble /usr/bin/cmake --install /home/om/ros2_robot/build/my_robot_description
[1.222s] Level 1:colcon.colcon_core.environment:checking '/home/om/ros2_robot/install/my_robot_description' for CMake module files
[1.222s] Level 1:colcon.colcon_core.environment:checking '/home/om/ros2_robot/install/my_robot_description' for CMake config files
[1.223s] Level 1:colcon.colcon_core.shell:create_environment_hook('my_robot_description', 'cmake_prefix_path')
[1.233s] INFO:colcon.colcon_core.shell:Creating environment hook '/home/om/ros2_robot/install/my_robot_description/share/my_robot_description/hook/cmake_prefix_path.ps1'
[1.234s] INFO:colcon.colcon_core.shell:Creating environment descriptor '/home/om/ros2_robot/install/my_robot_description/share/my_robot_description/hook/cmake_prefix_path.dsv'
[1.234s] INFO:colcon.colcon_core.shell:Creating environment hook '/home/om/ros2_robot/install/my_robot_description/share/my_robot_description/hook/cmake_prefix_path.sh'
[1.235s] Level 1:colcon.colcon_core.environment:checking '/home/om/ros2_robot/install/my_robot_description/bin'
[1.235s] Level 1:colcon.colcon_core.environment:checking '/home/om/ros2_robot/install/my_robot_description/lib/pkgconfig/my_robot_description.pc'
[1.235s] Level 1:colcon.colcon_core.environment:checking '/home/om/ros2_robot/install/my_robot_description/lib/python3.10/site-packages'
[1.235s] Level 1:colcon.colcon_core.environment:checking '/home/om/ros2_robot/install/my_robot_description/bin'
[1.246s] INFO:colcon.colcon_core.shell:Creating package script '/home/om/ros2_robot/install/my_robot_description/share/my_robot_description/package.ps1'
[1.247s] INFO:colcon.colcon_core.shell:Creating package descriptor '/home/om/ros2_robot/install/my_robot_description/share/my_robot_description/package.dsv'
[1.247s] INFO:colcon.colcon_core.shell:Creating package script '/home/om/ros2_robot/install/my_robot_description/share/my_robot_description/package.sh'
[1.247s] INFO:colcon.colcon_core.shell:Creating package script '/home/om/ros2_robot/install/my_robot_description/share/my_robot_description/package.bash'
[1.248s] INFO:colcon.colcon_core.shell:Creating package script '/home/om/ros2_robot/install/my_robot_description/share/my_robot_description/package.zsh'
[1.248s] Level 1:colcon.colcon_core.environment:create_file_with_runtime_dependencies(/home/om/ros2_robot/install/my_robot_description/share/colcon-core/packages/my_robot_description)
[1.283s] Level 1:colcon.colcon_core.environment:create_environment_scripts_only(my_robot_description)
[1.294s] Level 1:colcon.colcon_core.environment:checking '/home/om/ros2_robot/install/my_robot_description' for CMake module files
[1.295s] Level 1:colcon.colcon_core.environment:checking '/home/om/ros2_robot/install/my_robot_description' for CMake config files
[1.295s] Level 1:colcon.colcon_core.shell:create_environment_hook('my_robot_description', 'cmake_prefix_path')
[1.307s] INFO:colcon.colcon_core.shell:Creating environment hook '/home/om/ros2_robot/install/my_robot_description/share/my_robot_description/hook/cmake_prefix_path.ps1'
[1.307s] INFO:colcon.colcon_core.shell:Creating environment descriptor '/home/om/ros2_robot/install/my_robot_description/share/my_robot_description/hook/cmake_prefix_path.dsv'
[1.307s] INFO:colcon.colcon_core.shell:Creating environment hook '/home/om/ros2_robot/install/my_robot_description/share/my_robot_description/hook/cmake_prefix_path.sh'
[1.308s] Level 1:colcon.colcon_core.environment:checking '/home/om/ros2_robot/install/my_robot_description/bin'
[1.308s] Level 1:colcon.colcon_core.environment:checking '/home/om/ros2_robot/install/my_robot_description/lib/pkgconfig/my_robot_description.pc'
[1.308s] Level 1:colcon.colcon_core.environment:checking '/home/om/ros2_robot/install/my_robot_description/lib/python3.10/site-packages'
[1.308s] Level 1:colcon.colcon_core.environment:checking '/home/om/ros2_robot/install/my_robot_description/bin'
[1.319s] INFO:colcon.colcon_core.shell:Creating package script '/home/om/ros2_robot/install/my_robot_description/share/my_robot_description/package.ps1'
[1.320s] INFO:colcon.colcon_core.shell:Creating package descriptor '/home/om/ros2_robot/install/my_robot_description/share/my_robot_description/package.dsv'
[1.320s] INFO:colcon.colcon_core.shell:Creating package script '/home/om/ros2_robot/install/my_robot_description/share/my_robot_description/package.sh'
[1.320s] INFO:colcon.colcon_core.shell:Creating package script '/home/om/ros2_robot/install/my_robot_description/share/my_robot_description/package.bash'
[1.321s] INFO:colcon.colcon_core.shell:Creating package script '/home/om/ros2_robot/install/my_robot_description/share/my_robot_description/package.zsh'
[1.321s] Level 1:colcon.colcon_core.environment:create_file_with_runtime_dependencies(/home/om/ros2_robot/install/my_robot_description/share/colcon-core/packages/my_robot_description)
[1.321s] INFO:colcon.colcon_ros.task.ament_cmake.build:Building ROS package in '/home/om/ros2_robot/src/my_robot_bringup' with build type 'ament_cmake'
[1.321s] INFO:colcon.colcon_cmake.task.cmake.build:Building CMake package in '/home/om/ros2_robot/src/my_robot_bringup'
[1.332s] INFO:colcon.colcon_core.shell:Skip shell extension 'powershell' for command environment: Not usable outside of PowerShell
[1.332s] DEBUG:colcon.colcon_core.shell:Skip shell extension 'dsv' for command environment
[1.383s] DEBUG:colcon.colcon_core.event_handler.log_command:Invoking command in '/home/om/ros2_robot/build/my_robot_bringup': CMAKE_PREFIX_PATH=/home/om/ros2_robot/install/my_robot_description:/home/om/ros2_robot/install/my_robot_bringup:/home/om/ros2_ws/install/my_robot_bringup:/home/om/ros2_ws/install/my_cpp_pkg:/home/om/ros2_ws/install/my_robot_interfaces:/home/om/ros2_ws/install/turtlesim_catch_them_all:/home/om/ros2_ws/install/my_py_pkg:/opt/ros/humble /usr/bin/cmake --build /home/om/ros2_robot/build/my_robot_bringup -- -j16 -l16
[1.420s] DEBUG:colcon.colcon_core.event_handler.log_command:Invoked command in '/home/om/ros2_robot/build/my_robot_bringup' returned '0': CMAKE_PREFIX_PATH=/home/om/ros2_robot/install/my_robot_description:/home/om/ros2_robot/install/my_robot_bringup:/home/om/ros2_ws/install/my_robot_bringup:/home/om/ros2_ws/install/my_cpp_pkg:/home/om/ros2_ws/install/my_robot_interfaces:/home/om/ros2_ws/install/turtlesim_catch_them_all:/home/om/ros2_ws/install/my_py_pkg:/opt/ros/humble /usr/bin/cmake --build /home/om/ros2_robot/build/my_robot_bringup -- -j16 -l16
[1.444s] DEBUG:colcon.colcon_core.event_handler.log_command:Invoking command in '/home/om/ros2_robot/build/my_robot_bringup': CMAKE_PREFIX_PATH=/home/om/ros2_robot/install/my_robot_description:/home/om/ros2_robot/install/my_robot_bringup:/home/om/ros2_ws/install/my_robot_bringup:/home/om/ros2_ws/install/my_cpp_pkg:/home/om/ros2_ws/install/my_robot_interfaces:/home/om/ros2_ws/install/turtlesim_catch_them_all:/home/om/ros2_ws/install/my_py_pkg:/opt/ros/humble /usr/bin/cmake --install /home/om/ros2_robot/build/my_robot_bringup
[1.454s] Level 1:colcon.colcon_core.environment:create_environment_scripts_only(my_robot_bringup)
[1.454s] DEBUG:colcon.colcon_core.event_handler.log_command:Invoked command in '/home/om/ros2_robot/build/my_robot_bringup' returned '0': CMAKE_PREFIX_PATH=/home/om/ros2_robot/install/my_robot_description:/home/om/ros2_robot/install/my_robot_bringup:/home/om/ros2_ws/install/my_robot_bringup:/home/om/ros2_ws/install/my_cpp_pkg:/home/om/ros2_ws/install/my_robot_interfaces:/home/om/ros2_ws/install/turtlesim_catch_them_all:/home/om/ros2_ws/install/my_py_pkg:/opt/ros/humble /usr/bin/cmake --install /home/om/ros2_robot/build/my_robot_bringup
[1.465s] Level 1:colcon.colcon_core.environment:checking '/home/om/ros2_robot/install/my_robot_bringup' for CMake module files
[1.466s] Level 1:colcon.colcon_core.environment:checking '/home/om/ros2_robot/install/my_robot_bringup' for CMake config files
[1.466s] Level 1:colcon.colcon_core.shell:create_environment_hook('my_robot_bringup', 'cmake_prefix_path')
[1.477s] INFO:colcon.colcon_core.shell:Creating environment hook '/home/om/ros2_robot/install/my_robot_bringup/share/my_robot_bringup/hook/cmake_prefix_path.ps1'
[1.477s] INFO:colcon.colcon_core.shell:Creating environment descriptor '/home/om/ros2_robot/install/my_robot_bringup/share/my_robot_bringup/hook/cmake_prefix_path.dsv'
[1.478s] INFO:colcon.colcon_core.shell:Creating environment hook '/home/om/ros2_robot/install/my_robot_bringup/share/my_robot_bringup/hook/cmake_prefix_path.sh'
[1.478s] Level 1:colcon.colcon_core.environment:checking '/home/om/ros2_robot/install/my_robot_bringup/bin'
[1.478s] Level 1:colcon.colcon_core.environment:checking '/home/om/ros2_robot/install/my_robot_bringup/lib/pkgconfig/my_robot_bringup.pc'
[1.478s] Level 1:colcon.colcon_core.environment:checking '/home/om/ros2_robot/install/my_robot_bringup/lib/python3.10/site-packages'
[1.478s] Level 1:colcon.colcon_core.environment:checking '/home/om/ros2_robot/install/my_robot_bringup/bin'
[1.490s] INFO:colcon.colcon_core.shell:Creating package script '/home/om/ros2_robot/install/my_robot_bringup/share/my_robot_bringup/package.ps1'
[1.490s] INFO:colcon.colcon_core.shell:Creating package descriptor '/home/om/ros2_robot/install/my_robot_bringup/share/my_robot_bringup/package.dsv'
[1.490s] INFO:colcon.colcon_core.shell:Creating package script '/home/om/ros2_robot/install/my_robot_bringup/share/my_robot_bringup/package.sh'
[1.490s] INFO:colcon.colcon_core.shell:Creating package script '/home/om/ros2_robot/install/my_robot_bringup/share/my_robot_bringup/package.bash'
[1.491s] INFO:colcon.colcon_core.shell:Creating package script '/home/om/ros2_robot/install/my_robot_bringup/share/my_robot_bringup/package.zsh'
[1.491s] Level 1:colcon.colcon_core.environment:create_file_with_runtime_dependencies(/home/om/ros2_robot/install/my_robot_bringup/share/colcon-core/packages/my_robot_bringup)
[1.525s] Level 1:colcon.colcon_core.environment:create_environment_scripts_only(my_robot_bringup)
[1.536s] Level 1:colcon.colcon_core.environment:checking '/home/om/ros2_robot/install/my_robot_bringup' for CMake module files
[1.536s] Level 1:colcon.colcon_core.environment:checking '/home/om/ros2_robot/install/my_robot_bringup' for CMake config files
[1.536s] Level 1:colcon.colcon_core.shell:create_environment_hook('my_robot_bringup', 'cmake_prefix_path')
[1.547s] INFO:colcon.colcon_core.shell:Creating environment hook '/home/om/ros2_robot/install/my_robot_bringup/share/my_robot_bringup/hook/cmake_prefix_path.ps1'
[1.548s] INFO:colcon.colcon_core.shell:Creating environment descriptor '/home/om/ros2_robot/install/my_robot_bringup/share/my_robot_bringup/hook/cmake_prefix_path.dsv'
[1.548s] INFO:colcon.colcon_core.shell:Creating environment hook '/home/om/ros2_robot/install/my_robot_bringup/share/my_robot_bringup/hook/cmake_prefix_path.sh'
[1.548s] Level 1:colcon.colcon_core.environment:checking '/home/om/ros2_robot/install/my_robot_bringup/bin'
[1.548s] Level 1:colcon.colcon_core.environment:checking '/home/om/ros2_robot/install/my_robot_bringup/lib/pkgconfig/my_robot_bringup.pc'
[1.548s] Level 1:colcon.colcon_core.environment:checking '/home/om/ros2_robot/install/my_robot_bringup/lib/python3.10/site-packages'
[1.549s] Level 1:colcon.colcon_core.environment:checking '/home/om/ros2_robot/install/my_robot_bringup/bin'
[1.560s] INFO:colcon.colcon_core.shell:Creating package script '/home/om/ros2_robot/install/my_robot_bringup/share/my_robot_bringup/package.ps1'
[1.560s] INFO:colcon.colcon_core.shell:Creating package descriptor '/home/om/ros2_robot/install/my_robot_bringup/share/my_robot_bringup/package.dsv'
[1.561s] INFO:colcon.colcon_core.shell:Creating package script '/home/om/ros2_robot/install/my_robot_bringup/share/my_robot_bringup/package.sh'
[1.561s] INFO:colcon.colcon_core.shell:Creating package script '/home/om/ros2_robot/install/my_robot_bringup/share/my_robot_bringup/package.bash'
[1.561s] INFO:colcon.colcon_core.shell:Creating package script '/home/om/ros2_robot/install/my_robot_bringup/share/my_robot_bringup/package.zsh'
[1.561s] Level 1:colcon.colcon_core.environment:create_file_with_runtime_dependencies(/home/om/ros2_robot/install/my_robot_bringup/share/colcon-core/packages/my_robot_bringup)
[1.562s] DEBUG:colcon.colcon_parallel_executor.executor.parallel:closing loop
[1.562s] DEBUG:colcon.colcon_parallel_executor.executor.parallel:loop closed
[1.562s] DEBUG:colcon.colcon_parallel_executor.executor.parallel:run_until_complete finished with '0'
[1.562s] DEBUG:colcon.colcon_core.event_reactor:joining thread
[1.578s] INFO:colcon.colcon_core.plugin_system:Skipping extension 'colcon_notification.desktop_notification.terminal_notifier': Not used on non-Darwin systems
[1.578s] INFO:colcon.colcon_core.plugin_system:Skipping extension 'colcon_notification.desktop_notification.win32': Not used on non-Windows systems
[1.578s] INFO:colcon.colcon_notification.desktop_notification:Sending desktop notification using 'notify2'
[1.586s] DEBUG:colcon.colcon_core.event_reactor:joined thread
[1.598s] INFO:colcon.colcon_core.shell:Creating prefix script '/home/om/ros2_robot/install/local_setup.ps1'
[1.599s] INFO:colcon.colcon_core.shell:Creating prefix util module '/home/om/ros2_robot/install/_local_setup_util_ps1.py'
[1.599s] INFO:colcon.colcon_core.shell:Creating prefix chain script '/home/om/ros2_robot/install/setup.ps1'
[1.611s] INFO:colcon.colcon_core.shell:Creating prefix script '/home/om/ros2_robot/install/local_setup.sh'
[1.612s] INFO:colcon.colcon_core.shell:Creating prefix util module '/home/om/ros2_robot/install/_local_setup_util_sh.py'
[1.612s] INFO:colcon.colcon_core.shell:Creating prefix chain script '/home/om/ros2_robot/install/setup.sh'
[1.624s] INFO:colcon.colcon_core.shell:Creating prefix script '/home/om/ros2_robot/install/local_setup.bash'
[1.624s] INFO:colcon.colcon_core.shell:Creating prefix chain script '/home/om/ros2_robot/install/setup.bash'
[1.635s] INFO:colcon.colcon_core.shell:Creating prefix script '/home/om/ros2_robot/install/local_setup.zsh'
[1.636s] INFO:colcon.colcon_core.shell:Creating prefix chain script '/home/om/ros2_robot/install/setup.zsh'
