[0.482s] Invoking command in '/home/om/ros2_ws/src/my_py_pkg': PYTHONPATH=/home/om/ros2_ws/build/my_py_pkg/prefix_override:/home/om/ros2_ws/install/my_py_pkg/lib/python3.10/site-packages:${PYTHONPATH} /usr/bin/python3 setup.py egg_info --egg-base ../../build/my_py_pkg build --build-base /home/om/ros2_ws/build/my_py_pkg/build install --record /home/om/ros2_ws/build/my_py_pkg/install.log --single-version-externally-managed
[0.644s] running egg_info
[0.644s] writing ../../build/my_py_pkg/my_py_pkg.egg-info/PKG-INFO
[0.644s] writing dependency_links to ../../build/my_py_pkg/my_py_pkg.egg-info/dependency_links.txt
[0.644s] writing entry points to ../../build/my_py_pkg/my_py_pkg.egg-info/entry_points.txt
[0.644s] writing requirements to ../../build/my_py_pkg/my_py_pkg.egg-info/requires.txt
[0.645s] writing top-level names to ../../build/my_py_pkg/my_py_pkg.egg-info/top_level.txt
[0.646s] reading manifest file '../../build/my_py_pkg/my_py_pkg.egg-info/SOURCES.txt'
[0.646s] writing manifest file '../../build/my_py_pkg/my_py_pkg.egg-info/SOURCES.txt'
[0.646s] running build
[0.646s] running build_py
[0.646s] running install
[0.647s] /usr/lib/python3/dist-packages/setuptools/command/install.py:34: SetuptoolsDeprecationWarning: setup.py install is deprecated. Use build and pip and other standards-based tools.
[0.647s]   warnings.warn(
[0.647s] running install_lib
[0.648s] running install_data
[0.648s] running install_egg_info
[0.649s] removing '/home/om/ros2_ws/install/my_py_pkg/lib/python3.10/site-packages/my_py_pkg-0.0.0-py3.10.egg-info' (and everything under it)
[0.650s] Copying ../../build/my_py_pkg/my_py_pkg.egg-info to /home/om/ros2_ws/install/my_py_pkg/lib/python3.10/site-packages/my_py_pkg-0.0.0-py3.10.egg-info
[0.650s] running install_scripts
[0.665s] writing list of installed files to '/home/om/ros2_ws/build/my_py_pkg/install.log'
[0.682s] Invoked command in '/home/om/ros2_ws/src/my_py_pkg' returned '0': PYTHONPATH=/home/om/ros2_ws/build/my_py_pkg/prefix_override:/home/om/ros2_ws/install/my_py_pkg/lib/python3.10/site-packages:${PYTHONPATH} /usr/bin/python3 setup.py egg_info --egg-base ../../build/my_py_pkg build --build-base /home/om/ros2_ws/build/my_py_pkg/build install --record /home/om/ros2_ws/build/my_py_pkg/install.log --single-version-externally-managed
