[0.097s] Invoking command in '/home/om/ros2_ws/build/my_cpp_pkg': CMAKE_PREFIX_PATH=/opt/ros/humble /usr/bin/cmake /home/om/ros2_ws/src/my_cpp_pkg -DCMAKE_INSTALL_PREFIX=/home/om/ros2_ws/install/my_cpp_pkg
[0.140s] -- The C compiler identification is GNU 11.4.0
[0.181s] -- The CXX compiler identification is GNU 11.4.0
[0.187s] -- Detecting C compiler ABI info
[0.243s] -- Detecting C compiler ABI info - done
[0.249s] -- Check for working C compiler: /usr/bin/cc - skipped
[0.249s] -- Detecting C compile features
[0.249s] -- Detecting C compile features - done
[0.251s] -- Detecting CXX compiler ABI info
[0.316s] -- Detecting CXX compiler ABI info - done
[0.321s] -- Check for working CXX compiler: /usr/bin/c++ - skipped
[0.321s] -- Detecting CXX compile features
[0.321s] -- Detecting CXX compile features - done
[0.323s] -- Found ament_cmake: 1.3.8 (/opt/ros/humble/share/ament_cmake/cmake)
[0.434s] -- Found Python3: /usr/bin/python3 (found version "3.10.12") found components: Interpreter 
[0.494s] -- Found rclcpp: 16.0.8 (/opt/ros/humble/share/rclcpp/cmake)
[0.523s] -- Found rosidl_generator_c: 3.1.5 (/opt/ros/humble/share/rosidl_generator_c/cmake)
[0.526s] -- Found rosidl_adapter: 3.1.5 (/opt/ros/humble/share/rosidl_adapter/cmake)
[0.533s] -- Found rosidl_generator_cpp: 3.1.5 (/opt/ros/humble/share/rosidl_generator_cpp/cmake)
[0.542s] -- Using all available rosidl_typesupport_c: rosidl_typesupport_fastrtps_c;rosidl_typesupport_introspection_c
[0.555s] -- Using all available rosidl_typesupport_cpp: rosidl_typesupport_fastrtps_cpp;rosidl_typesupport_introspection_cpp
[0.604s] -- Found rmw_implementation_cmake: 6.1.1 (/opt/ros/humble/share/rmw_implementation_cmake/cmake)
[0.605s] -- Found rmw_fastrtps_cpp: 6.2.6 (/opt/ros/humble/share/rmw_fastrtps_cpp/cmake)
[0.684s] -- Found OpenSSL: /usr/lib/x86_64-linux-gnu/libcrypto.so (found version "3.0.2")  
[0.705s] -- Found FastRTPS: /opt/ros/humble/include  
[0.743s] -- Using RMW implementation 'rmw_fastrtps_cpp' as default
[0.750s] -- Looking for pthread.h
[0.811s] -- Looking for pthread.h - found
[0.811s] -- Performing Test CMAKE_HAVE_LIBC_PTHREAD
[0.871s] -- Performing Test CMAKE_HAVE_LIBC_PTHREAD - Success
[0.872s] -- Found Threads: TRUE  
[0.981s] -- Found example_interfaces: 0.9.3 (/opt/ros/humble/share/example_interfaces/cmake)
[1.086s] [31mCMake Error at CMakeLists.txt:12 (find_package):
[1.086s]   By not providing "Findmy_robot_interfaces.cmake" in CMAKE_MODULE_PATH this
[1.086s]   project has asked CMake to find a package configuration file provided by
[1.086s]   "my_robot_interfaces", but CMake did not find one.
[1.086s] 
[1.086s]   Could not find a package configuration file provided by
[1.086s]   "my_robot_interfaces" with any of the following names:
[1.086s] 
[1.086s]     my_robot_interfacesConfig.cmake
[1.086s]     my_robot_interfaces-config.cmake
[1.086s] 
[1.086s]   Add the installation prefix of "my_robot_interfaces" to CMAKE_PREFIX_PATH
[1.086s]   or set "my_robot_interfaces_DIR" to a directory containing one of the above
[1.086s]   files.  If "my_robot_interfaces" provides a separate development package or
[1.086s]   SDK, be sure it has been installed.
[1.087s] 
[1.087s] [0m
[1.087s] -- Configuring incomplete, errors occurred!
[1.087s] See also "/home/om/ros2_ws/build/my_cpp_pkg/CMakeFiles/CMakeOutput.log".
[1.094s] Invoked command in '/home/om/ros2_ws/build/my_cpp_pkg' returned '1': CMAKE_PREFIX_PATH=/opt/ros/humble /usr/bin/cmake /home/om/ros2_ws/src/my_cpp_pkg -DCMAKE_INSTALL_PREFIX=/home/om/ros2_ws/install/my_cpp_pkg
