[0.075s] Invoking command in '/home/om/ros2_robot/build/my_robot_description': CMAKE_PREFIX_PATH=${CMAKE_PREFIX_PATH}:/home/om/ros2_ws/install/turtlesim_catch_them_all:/home/om/ros2_ws/install/my_py_pkg:/opt/ros/humble /usr/bin/cmake /home/om/ros2_robot/src/my_robot_description -DCMAKE_INSTALL_PREFIX=/home/om/ros2_robot/install/my_robot_description
[0.097s] -- Found ament_cmake: 1.3.8 (/opt/ros/humble/share/ament_cmake/cmake)
[0.198s] -- Override CMake install command with custom implementation using symlinks instead of copying resources
[0.264s] -- Configuring done
[0.268s] -- Generating done
[0.269s] -- Build files have been written to: /home/om/ros2_robot/build/my_robot_description
[0.271s] Invoked command in '/home/om/ros2_robot/build/my_robot_description' returned '0': CMAKE_PREFIX_PATH=${CMAKE_PREFIX_PATH}:/home/om/ros2_ws/install/turtlesim_catch_them_all:/home/om/ros2_ws/install/my_py_pkg:/opt/ros/humble /usr/bin/cmake /home/om/ros2_robot/src/my_robot_description -DCMAKE_INSTALL_PREFIX=/home/om/ros2_robot/install/my_robot_description
[0.273s] Invoking command in '/home/om/ros2_robot/build/my_robot_description': CMAKE_PREFIX_PATH=${CMAKE_PREFIX_PATH}:/home/om/ros2_ws/install/turtlesim_catch_them_all:/home/om/ros2_ws/install/my_py_pkg:/opt/ros/humble /usr/bin/cmake --build /home/om/ros2_robot/build/my_robot_description -- -j16 -l16
[0.307s] Invoked command in '/home/om/ros2_robot/build/my_robot_description' returned '0': CMAKE_PREFIX_PATH=${CMAKE_PREFIX_PATH}:/home/om/ros2_ws/install/turtlesim_catch_them_all:/home/om/ros2_ws/install/my_py_pkg:/opt/ros/humble /usr/bin/cmake --build /home/om/ros2_robot/build/my_robot_description -- -j16 -l16
[0.338s] Invoking command in '/home/om/ros2_robot/build/my_robot_description': CMAKE_PREFIX_PATH=${CMAKE_PREFIX_PATH}:/home/om/ros2_ws/install/turtlesim_catch_them_all:/home/om/ros2_ws/install/my_py_pkg:/opt/ros/humble /usr/bin/cmake --install /home/om/ros2_robot/build/my_robot_description
[0.344s] -- Install configuration: ""
[0.344s] -- Execute custom install script
[0.345s] -- Up-to-date symlink: /home/om/ros2_robot/install/my_robot_description/share/my_robot_description//urdf/my_robot.urdf.xacro
[0.345s] -- Up-to-date symlink: /home/om/ros2_robot/install/my_robot_description/share/my_robot_description//launch/display.launch.py
[0.345s] -- Up-to-date symlink: /home/om/ros2_robot/install/my_robot_description/share/my_robot_description//launch/display.launch.xml
[0.345s] -- Up-to-date symlink: /home/om/ros2_robot/install/my_robot_description/share/my_robot_description//rviz/my_robot.rviz
[0.345s] -- Up-to-date symlink: /home/om/ros2_robot/install/my_robot_description/share/my_robot_description//rviz/my_robot_2.rviz
[0.345s] -- Up-to-date symlink: /home/om/ros2_robot/install/my_robot_description/share/ament_index/resource_index/package_run_dependencies/my_robot_description
[0.346s] -- Up-to-date symlink: /home/om/ros2_robot/install/my_robot_description/share/ament_index/resource_index/parent_prefix_path/my_robot_description
[0.346s] -- Up-to-date symlink: /home/om/ros2_robot/install/my_robot_description/share/my_robot_description/environment/ament_prefix_path.sh
[0.346s] -- Up-to-date symlink: /home/om/ros2_robot/install/my_robot_description/share/my_robot_description/environment/ament_prefix_path.dsv
[0.346s] -- Up-to-date symlink: /home/om/ros2_robot/install/my_robot_description/share/my_robot_description/environment/path.sh
[0.346s] -- Up-to-date symlink: /home/om/ros2_robot/install/my_robot_description/share/my_robot_description/environment/path.dsv
[0.347s] -- Up-to-date symlink: /home/om/ros2_robot/install/my_robot_description/share/my_robot_description/local_setup.bash
[0.347s] -- Up-to-date symlink: /home/om/ros2_robot/install/my_robot_description/share/my_robot_description/local_setup.sh
[0.347s] -- Up-to-date symlink: /home/om/ros2_robot/install/my_robot_description/share/my_robot_description/local_setup.zsh
[0.347s] -- Up-to-date symlink: /home/om/ros2_robot/install/my_robot_description/share/my_robot_description/local_setup.dsv
[0.347s] -- Symlinking: /home/om/ros2_robot/install/my_robot_description/share/my_robot_description/package.dsv
[0.355s] -- Up-to-date symlink: /home/om/ros2_robot/install/my_robot_description/share/ament_index/resource_index/packages/my_robot_description
[0.356s] -- Up-to-date symlink: /home/om/ros2_robot/install/my_robot_description/share/my_robot_description/cmake/my_robot_descriptionConfig.cmake
[0.356s] -- Up-to-date symlink: /home/om/ros2_robot/install/my_robot_description/share/my_robot_description/cmake/my_robot_descriptionConfig-version.cmake
[0.356s] -- Up-to-date symlink: /home/om/ros2_robot/install/my_robot_description/share/my_robot_description/package.xml
[0.358s] Invoked command in '/home/om/ros2_robot/build/my_robot_description' returned '0': CMAKE_PREFIX_PATH=${CMAKE_PREFIX_PATH}:/home/om/ros2_ws/install/turtlesim_catch_them_all:/home/om/ros2_ws/install/my_py_pkg:/opt/ros/humble /usr/bin/cmake --install /home/om/ros2_robot/build/my_robot_description
