[0.070s] Invoking command in '/home/om/ros2_robot/build/my_robot_description': CMAKE_PREFIX_PATH=${CMAKE_PREFIX_PATH}:/home/om/ros2_ws/install/turtlesim_catch_them_all:/home/om/ros2_ws/install/my_py_pkg:/opt/ros/humble /usr/bin/cmake /home/om/ros2_robot/src/my_robot_description -DCMAKE_INSTALL_PREFIX=/home/om/ros2_robot/install/my_robot_description
[0.153s] -- The C compiler identification is GNU 11.4.0
[0.209s] -- The CXX compiler identification is GNU 11.4.0
[0.217s] -- Detecting C compiler ABI info
[0.279s] -- Detecting C compiler ABI info - done
[0.284s] -- Check for working C compiler: /usr/bin/cc - skipped
[0.285s] -- Detecting C compile features
[0.285s] -- Detecting C compile features - done
[0.288s] -- Detecting CXX compiler ABI info
[0.356s] -- Detecting CXX compiler ABI info - done
[0.361s] -- Check for working CXX compiler: /usr/bin/c++ - skipped
[0.361s] -- Detecting CXX compile features
[0.362s] -- Detecting CXX compile features - done
[0.366s] -- Found ament_cmake: 1.3.8 (/opt/ros/humble/share/ament_cmake/cmake)
[0.483s] -- Found Python3: /usr/bin/python3 (found version "3.10.12") found components: Interpreter 
[0.607s] -- Configuring done
[0.609s] -- Generating done
[0.610s] -- Build files have been written to: /home/om/ros2_robot/build/my_robot_description
[0.614s] Invoked command in '/home/om/ros2_robot/build/my_robot_description' returned '0': CMAKE_PREFIX_PATH=${CMAKE_PREFIX_PATH}:/home/om/ros2_ws/install/turtlesim_catch_them_all:/home/om/ros2_ws/install/my_py_pkg:/opt/ros/humble /usr/bin/cmake /home/om/ros2_robot/src/my_robot_description -DCMAKE_INSTALL_PREFIX=/home/om/ros2_robot/install/my_robot_description
[0.615s] Invoking command in '/home/om/ros2_robot/build/my_robot_description': CMAKE_PREFIX_PATH=${CMAKE_PREFIX_PATH}:/home/om/ros2_ws/install/turtlesim_catch_them_all:/home/om/ros2_ws/install/my_py_pkg:/opt/ros/humble /usr/bin/cmake --build /home/om/ros2_robot/build/my_robot_description -- -j16 -l16
[0.650s] Invoked command in '/home/om/ros2_robot/build/my_robot_description' returned '0': CMAKE_PREFIX_PATH=${CMAKE_PREFIX_PATH}:/home/om/ros2_ws/install/turtlesim_catch_them_all:/home/om/ros2_ws/install/my_py_pkg:/opt/ros/humble /usr/bin/cmake --build /home/om/ros2_robot/build/my_robot_description -- -j16 -l16
[0.681s] Invoking command in '/home/om/ros2_robot/build/my_robot_description': CMAKE_PREFIX_PATH=${CMAKE_PREFIX_PATH}:/home/om/ros2_ws/install/turtlesim_catch_them_all:/home/om/ros2_ws/install/my_py_pkg:/opt/ros/humble /usr/bin/cmake --install /home/om/ros2_robot/build/my_robot_description
[0.688s] -- Install configuration: ""
[0.688s] -- Installing: /home/om/ros2_robot/install/my_robot_description/share/my_robot_description//urdf
[0.688s] -- Installing: /home/om/ros2_robot/install/my_robot_description/share/my_robot_description//urdf/my_robot.urdf
[0.688s] -- Installing: /home/om/ros2_robot/install/my_robot_description/share/ament_index/resource_index/package_run_dependencies/my_robot_description
[0.688s] -- Installing: /home/om/ros2_robot/install/my_robot_description/share/ament_index/resource_index/parent_prefix_path/my_robot_description
[0.688s] -- Installing: /home/om/ros2_robot/install/my_robot_description/share/my_robot_description/environment/ament_prefix_path.sh
[0.689s] -- Installing: /home/om/ros2_robot/install/my_robot_description/share/my_robot_description/environment/ament_prefix_path.dsv
[0.689s] -- Installing: /home/om/ros2_robot/install/my_robot_description/share/my_robot_description/environment/path.sh
[0.689s] -- Installing: /home/om/ros2_robot/install/my_robot_description/share/my_robot_description/environment/path.dsv
[0.689s] -- Installing: /home/om/ros2_robot/install/my_robot_description/share/my_robot_description/local_setup.bash
[0.689s] -- Installing: /home/om/ros2_robot/install/my_robot_description/share/my_robot_description/local_setup.sh
[0.689s] -- Installing: /home/om/ros2_robot/install/my_robot_description/share/my_robot_description/local_setup.zsh
[0.689s] -- Installing: /home/om/ros2_robot/install/my_robot_description/share/my_robot_description/local_setup.dsv
[0.690s] -- Installing: /home/om/ros2_robot/install/my_robot_description/share/my_robot_description/package.dsv
[0.690s] -- Installing: /home/om/ros2_robot/install/my_robot_description/share/ament_index/resource_index/packages/my_robot_description
[0.690s] -- Installing: /home/om/ros2_robot/install/my_robot_description/share/my_robot_description/cmake/my_robot_descriptionConfig.cmake
[0.690s] -- Installing: /home/om/ros2_robot/install/my_robot_description/share/my_robot_description/cmake/my_robot_descriptionConfig-version.cmake
[0.690s] -- Installing: /home/om/ros2_robot/install/my_robot_description/share/my_robot_description/package.xml
[0.692s] Invoked command in '/home/om/ros2_robot/build/my_robot_description' returned '0': CMAKE_PREFIX_PATH=${CMAKE_PREFIX_PATH}:/home/om/ros2_ws/install/turtlesim_catch_them_all:/home/om/ros2_ws/install/my_py_pkg:/opt/ros/humble /usr/bin/cmake --install /home/om/ros2_robot/build/my_robot_description
