-- Install configuration: ""
-- Up-to-date: /home/om/ros2_ws/install/my_robot_bringup/share/my_robot_bringup/launch
-- Up-to-date: /home/om/ros2_ws/install/my_robot_bringup/share/my_robot_bringup/launch/number_app.launch.py
-- Up-to-date: /home/om/ros2_ws/install/my_robot_bringup/share/my_robot_bringup/launch/build
-- Up-to-date: /home/om/ros2_ws/install/my_robot_bringup/share/my_robot_bringup/launch/build/COLCON_IGNORE
-- Up-to-date: /home/om/ros2_ws/install/my_robot_bringup/share/my_robot_bringup/launch/build/.built_by
-- Up-to-date: /home/om/ros2_ws/install/my_robot_bringup/share/my_robot_bringup/launch/log
-- Up-to-date: /home/om/ros2_ws/install/my_robot_bringup/share/my_robot_bringup/launch/log/COLCON_IGNORE
-- Up-to-date: /home/om/ros2_ws/install/my_robot_bringup/share/my_robot_bringup/launch/log/build_2024-02-24_22-53-53
-- Up-to-date: /home/om/ros2_ws/install/my_robot_bringup/share/my_robot_bringup/launch/log/build_2024-02-24_22-53-53/events.log
-- Up-to-date: /home/om/ros2_ws/install/my_robot_bringup/share/my_robot_bringup/launch/log/build_2024-02-24_22-53-53/logger_all.log
-- Up-to-date: /home/om/ros2_ws/install/my_robot_bringup/share/my_robot_bringup/launch/multi_robot_station.launch.py
-- Up-to-date: /home/om/ros2_ws/install/my_robot_bringup/share/my_robot_bringup/launch/install
-- Up-to-date: /home/om/ros2_ws/install/my_robot_bringup/share/my_robot_bringup/launch/install/local_setup.zsh
-- Up-to-date: /home/om/ros2_ws/install/my_robot_bringup/share/my_robot_bringup/launch/install/local_setup.bash
-- Up-to-date: /home/om/ros2_ws/install/my_robot_bringup/share/my_robot_bringup/launch/install/setup.bash
-- Up-to-date: /home/om/ros2_ws/install/my_robot_bringup/share/my_robot_bringup/launch/install/_local_setup_util_sh.py
-- Up-to-date: /home/om/ros2_ws/install/my_robot_bringup/share/my_robot_bringup/launch/install/local_setup.sh
-- Up-to-date: /home/om/ros2_ws/install/my_robot_bringup/share/my_robot_bringup/launch/install/setup.sh
-- Up-to-date: /home/om/ros2_ws/install/my_robot_bringup/share/my_robot_bringup/launch/install/_local_setup_util_ps1.py
-- Up-to-date: /home/om/ros2_ws/install/my_robot_bringup/share/my_robot_bringup/launch/install/COLCON_IGNORE
-- Up-to-date: /home/om/ros2_ws/install/my_robot_bringup/share/my_robot_bringup/launch/install/setup.zsh
-- Up-to-date: /home/om/ros2_ws/install/my_robot_bringup/share/my_robot_bringup/launch/install/.colcon_install_layout
-- Up-to-date: /home/om/ros2_ws/install/my_robot_bringup/share/my_robot_bringup/launch/install/setup.ps1
-- Up-to-date: /home/om/ros2_ws/install/my_robot_bringup/share/my_robot_bringup/launch/install/local_setup.ps1
-- Up-to-date: /home/om/ros2_ws/install/my_robot_bringup/share/ament_index/resource_index/package_run_dependencies/my_robot_bringup
-- Up-to-date: /home/om/ros2_ws/install/my_robot_bringup/share/ament_index/resource_index/parent_prefix_path/my_robot_bringup
-- Up-to-date: /home/om/ros2_ws/install/my_robot_bringup/share/my_robot_bringup/environment/ament_prefix_path.sh
-- Up-to-date: /home/om/ros2_ws/install/my_robot_bringup/share/my_robot_bringup/environment/ament_prefix_path.dsv
-- Up-to-date: /home/om/ros2_ws/install/my_robot_bringup/share/my_robot_bringup/environment/path.sh
-- Up-to-date: /home/om/ros2_ws/install/my_robot_bringup/share/my_robot_bringup/environment/path.dsv
-- Up-to-date: /home/om/ros2_ws/install/my_robot_bringup/share/my_robot_bringup/local_setup.bash
-- Up-to-date: /home/om/ros2_ws/install/my_robot_bringup/share/my_robot_bringup/local_setup.sh
-- Up-to-date: /home/om/ros2_ws/install/my_robot_bringup/share/my_robot_bringup/local_setup.zsh
-- Up-to-date: /home/om/ros2_ws/install/my_robot_bringup/share/my_robot_bringup/local_setup.dsv
-- Up-to-date: /home/om/ros2_ws/install/my_robot_bringup/share/my_robot_bringup/package.dsv
-- Up-to-date: /home/om/ros2_ws/install/my_robot_bringup/share/ament_index/resource_index/packages/my_robot_bringup
-- Up-to-date: /home/om/ros2_ws/install/my_robot_bringup/share/my_robot_bringup/cmake/my_robot_bringupConfig.cmake
-- Up-to-date: /home/om/ros2_ws/install/my_robot_bringup/share/my_robot_bringup/cmake/my_robot_bringupConfig-version.cmake
-- Up-to-date: /home/om/ros2_ws/install/my_robot_bringup/share/my_robot_bringup/package.xml
