[0.051s] Invoking command in '/home/om/ros2_ws/build/my_robot_bringup': AMENT_PREFIX_PATH=/home/om/ros2_ws/install/my_py_pkg:/home/om/ros2_ws/install/my_robot_interfaces:${AMENT_PREFIX_PATH} CMAKE_PREFIX_PATH=/home/om/ros2_ws/install/my_robot_interfaces:/opt/ros/humble LD_LIBRARY_PATH=/home/om/ros2_ws/install/my_robot_interfaces/lib:${LD_LIBRARY_PATH} PYTHONPATH=/home/om/ros2_ws/install/my_py_pkg/lib/python3.10/site-packages:/home/om/ros2_ws/install/my_robot_interfaces/local/lib/python3.10/dist-packages:${PYTHONPATH} /usr/bin/cmake --build /home/om/ros2_ws/build/my_robot_bringup -- -j16 -l16
[0.085s] Invoked command in '/home/om/ros2_ws/build/my_robot_bringup' returned '0': AMENT_PREFIX_PATH=/home/om/ros2_ws/install/my_py_pkg:/home/om/ros2_ws/install/my_robot_interfaces:${AMENT_PREFIX_PATH} CMAKE_PREFIX_PATH=/home/om/ros2_ws/install/my_robot_interfaces:/opt/ros/humble LD_LIBRARY_PATH=/home/om/ros2_ws/install/my_robot_interfaces/lib:${LD_LIBRARY_PATH} PYTHONPATH=/home/om/ros2_ws/install/my_py_pkg/lib/python3.10/site-packages:/home/om/ros2_ws/install/my_robot_interfaces/local/lib/python3.10/dist-packages:${PYTHONPATH} /usr/bin/cmake --build /home/om/ros2_ws/build/my_robot_bringup -- -j16 -l16
[0.106s] Invoking command in '/home/om/ros2_ws/build/my_robot_bringup': AMENT_PREFIX_PATH=/home/om/ros2_ws/install/my_py_pkg:/home/om/ros2_ws/install/my_robot_interfaces:${AMENT_PREFIX_PATH} CMAKE_PREFIX_PATH=/home/om/ros2_ws/install/my_robot_interfaces:/opt/ros/humble LD_LIBRARY_PATH=/home/om/ros2_ws/install/my_robot_interfaces/lib:${LD_LIBRARY_PATH} PYTHONPATH=/home/om/ros2_ws/install/my_py_pkg/lib/python3.10/site-packages:/home/om/ros2_ws/install/my_robot_interfaces/local/lib/python3.10/dist-packages:${PYTHONPATH} /usr/bin/cmake --install /home/om/ros2_ws/build/my_robot_bringup
[0.112s] -- Install configuration: ""
[0.112s] -- Up-to-date: /home/om/ros2_ws/install/my_robot_bringup/share/my_robot_bringup/launch
[0.112s] -- Up-to-date: /home/om/ros2_ws/install/my_robot_bringup/share/my_robot_bringup/launch/number_app.launch.py
[0.112s] -- Up-to-date: /home/om/ros2_ws/install/my_robot_bringup/share/my_robot_bringup/launch/build
[0.112s] -- Up-to-date: /home/om/ros2_ws/install/my_robot_bringup/share/my_robot_bringup/launch/build/COLCON_IGNORE
[0.112s] -- Up-to-date: /home/om/ros2_ws/install/my_robot_bringup/share/my_robot_bringup/launch/build/.built_by
[0.112s] -- Up-to-date: /home/om/ros2_ws/install/my_robot_bringup/share/my_robot_bringup/launch/log
[0.112s] -- Up-to-date: /home/om/ros2_ws/install/my_robot_bringup/share/my_robot_bringup/launch/log/COLCON_IGNORE
[0.113s] -- Up-to-date: /home/om/ros2_ws/install/my_robot_bringup/share/my_robot_bringup/launch/log/build_2024-02-24_22-53-53
[0.113s] -- Up-to-date: /home/om/ros2_ws/install/my_robot_bringup/share/my_robot_bringup/launch/log/build_2024-02-24_22-53-53/events.log
[0.113s] -- Up-to-date: /home/om/ros2_ws/install/my_robot_bringup/share/my_robot_bringup/launch/log/build_2024-02-24_22-53-53/logger_all.log
[0.113s] -- Up-to-date: /home/om/ros2_ws/install/my_robot_bringup/share/my_robot_bringup/launch/multi_robot_station.launch.py
[0.113s] -- Up-to-date: /home/om/ros2_ws/install/my_robot_bringup/share/my_robot_bringup/launch/install
[0.113s] -- Up-to-date: /home/om/ros2_ws/install/my_robot_bringup/share/my_robot_bringup/launch/install/local_setup.zsh
[0.113s] -- Up-to-date: /home/om/ros2_ws/install/my_robot_bringup/share/my_robot_bringup/launch/install/local_setup.bash
[0.113s] -- Up-to-date: /home/om/ros2_ws/install/my_robot_bringup/share/my_robot_bringup/launch/install/setup.bash
[0.113s] -- Up-to-date: /home/om/ros2_ws/install/my_robot_bringup/share/my_robot_bringup/launch/install/_local_setup_util_sh.py
[0.113s] -- Up-to-date: /home/om/ros2_ws/install/my_robot_bringup/share/my_robot_bringup/launch/install/local_setup.sh
[0.113s] -- Up-to-date: /home/om/ros2_ws/install/my_robot_bringup/share/my_robot_bringup/launch/install/setup.sh
[0.114s] -- Up-to-date: /home/om/ros2_ws/install/my_robot_bringup/share/my_robot_bringup/launch/install/_local_setup_util_ps1.py
[0.114s] -- Up-to-date: /home/om/ros2_ws/install/my_robot_bringup/share/my_robot_bringup/launch/install/COLCON_IGNORE
[0.114s] -- Up-to-date: /home/om/ros2_ws/install/my_robot_bringup/share/my_robot_bringup/launch/install/setup.zsh
[0.114s] -- Up-to-date: /home/om/ros2_ws/install/my_robot_bringup/share/my_robot_bringup/launch/install/.colcon_install_layout
[0.115s] -- Up-to-date: /home/om/ros2_ws/install/my_robot_bringup/share/my_robot_bringup/launch/install/setup.ps1
[0.115s] -- Up-to-date: /home/om/ros2_ws/install/my_robot_bringup/share/my_robot_bringup/launch/install/local_setup.ps1
[0.115s] -- Up-to-date: /home/om/ros2_ws/install/my_robot_bringup/share/ament_index/resource_index/package_run_dependencies/my_robot_bringup
[0.115s] -- Up-to-date: /home/om/ros2_ws/install/my_robot_bringup/share/ament_index/resource_index/parent_prefix_path/my_robot_bringup
[0.115s] -- Up-to-date: /home/om/ros2_ws/install/my_robot_bringup/share/my_robot_bringup/environment/ament_prefix_path.sh
[0.115s] -- Up-to-date: /home/om/ros2_ws/install/my_robot_bringup/share/my_robot_bringup/environment/ament_prefix_path.dsv
[0.115s] -- Up-to-date: /home/om/ros2_ws/install/my_robot_bringup/share/my_robot_bringup/environment/path.sh
[0.115s] -- Up-to-date: /home/om/ros2_ws/install/my_robot_bringup/share/my_robot_bringup/environment/path.dsv
[0.115s] -- Up-to-date: /home/om/ros2_ws/install/my_robot_bringup/share/my_robot_bringup/local_setup.bash
[0.116s] -- Up-to-date: /home/om/ros2_ws/install/my_robot_bringup/share/my_robot_bringup/local_setup.sh
[0.116s] -- Up-to-date: /home/om/ros2_ws/install/my_robot_bringup/share/my_robot_bringup/local_setup.zsh
[0.116s] -- Up-to-date: /home/om/ros2_ws/install/my_robot_bringup/share/my_robot_bringup/local_setup.dsv
[0.116s] -- Up-to-date: /home/om/ros2_ws/install/my_robot_bringup/share/my_robot_bringup/package.dsv
[0.116s] -- Up-to-date: /home/om/ros2_ws/install/my_robot_bringup/share/ament_index/resource_index/packages/my_robot_bringup
[0.116s] -- Up-to-date: /home/om/ros2_ws/install/my_robot_bringup/share/my_robot_bringup/cmake/my_robot_bringupConfig.cmake
[0.117s] -- Up-to-date: /home/om/ros2_ws/install/my_robot_bringup/share/my_robot_bringup/cmake/my_robot_bringupConfig-version.cmake
[0.117s] -- Up-to-date: /home/om/ros2_ws/install/my_robot_bringup/share/my_robot_bringup/package.xml
[0.117s] Invoked command in '/home/om/ros2_ws/build/my_robot_bringup' returned '0': AMENT_PREFIX_PATH=/home/om/ros2_ws/install/my_py_pkg:/home/om/ros2_ws/install/my_robot_interfaces:${AMENT_PREFIX_PATH} CMAKE_PREFIX_PATH=/home/om/ros2_ws/install/my_robot_interfaces:/opt/ros/humble LD_LIBRARY_PATH=/home/om/ros2_ws/install/my_robot_interfaces/lib:${LD_LIBRARY_PATH} PYTHONPATH=/home/om/ros2_ws/install/my_py_pkg/lib/python3.10/site-packages:/home/om/ros2_ws/install/my_robot_interfaces/local/lib/python3.10/dist-packages:${PYTHONPATH} /usr/bin/cmake --install /home/om/ros2_ws/build/my_robot_bringup
