[0.480s] Invoking command in '/home/om/ros2_ws/src/my_py_pkg': PYTHONPATH=/home/om/ros2_ws/build/my_py_pkg/prefix_override:/home/om/ros2_ws/install/my_py_pkg/lib/python3.10/site-packages:${PYTHONPATH} /usr/bin/python3 setup.py egg_info --egg-base ../../build/my_py_pkg build --build-base /home/om/ros2_ws/build/my_py_pkg/build install --record /home/om/ros2_ws/build/my_py_pkg/install.log --single-version-externally-managed
[0.638s] running egg_info
[0.638s] creating ../../build/my_py_pkg/my_py_pkg.egg-info
[0.638s] writing ../../build/my_py_pkg/my_py_pkg.egg-info/PKG-INFO
[0.638s] writing dependency_links to ../../build/my_py_pkg/my_py_pkg.egg-info/dependency_links.txt
[0.639s] writing entry points to ../../build/my_py_pkg/my_py_pkg.egg-info/entry_points.txt
[0.639s] writing requirements to ../../build/my_py_pkg/my_py_pkg.egg-info/requires.txt
[0.639s] writing top-level names to ../../build/my_py_pkg/my_py_pkg.egg-info/top_level.txt
[0.639s] writing manifest file '../../build/my_py_pkg/my_py_pkg.egg-info/SOURCES.txt'
[0.640s] reading manifest file '../../build/my_py_pkg/my_py_pkg.egg-info/SOURCES.txt'
[0.640s] writing manifest file '../../build/my_py_pkg/my_py_pkg.egg-info/SOURCES.txt'
[0.641s] running build
[0.641s] running build_py
[0.641s] creating /home/om/ros2_ws/build/my_py_pkg/build
[0.641s] creating /home/om/ros2_ws/build/my_py_pkg/build/lib
[0.641s] creating /home/om/ros2_ws/build/my_py_pkg/build/lib/my_py_pkg
[0.641s] copying my_py_pkg/battery_status.py -> /home/om/ros2_ws/build/my_py_pkg/build/lib/my_py_pkg
[0.641s] copying my_py_pkg/hw_status_publisher.py -> /home/om/ros2_ws/build/my_py_pkg/build/lib/my_py_pkg
[0.641s] copying my_py_pkg/py_template.py -> /home/om/ros2_ws/build/my_py_pkg/build/lib/my_py_pkg
[0.641s] copying my_py_pkg/__init__.py -> /home/om/ros2_ws/build/my_py_pkg/build/lib/my_py_pkg
[0.641s] copying my_py_pkg/led_status_server.py -> /home/om/ros2_ws/build/my_py_pkg/build/lib/my_py_pkg
[0.641s] copying my_py_pkg/number_counter.py -> /home/om/ros2_ws/build/my_py_pkg/build/lib/my_py_pkg
[0.642s] copying my_py_pkg/add_two_ints_server.py -> /home/om/ros2_ws/build/my_py_pkg/build/lib/my_py_pkg
[0.642s] copying my_py_pkg/my_first_node.py -> /home/om/ros2_ws/build/my_py_pkg/build/lib/my_py_pkg
[0.642s] copying my_py_pkg/add_two_ints_client.py -> /home/om/ros2_ws/build/my_py_pkg/build/lib/my_py_pkg
[0.642s] copying my_py_pkg/smartphone.py -> /home/om/ros2_ws/build/my_py_pkg/build/lib/my_py_pkg
[0.642s] copying my_py_pkg/robot_news_station.py -> /home/om/ros2_ws/build/my_py_pkg/build/lib/my_py_pkg
[0.642s] copying my_py_pkg/number_publisher.py -> /home/om/ros2_ws/build/my_py_pkg/build/lib/my_py_pkg
[0.642s] copying my_py_pkg/add_two_ints_client_no_oop.py -> /home/om/ros2_ws/build/my_py_pkg/build/lib/my_py_pkg
[0.642s] running install
[0.642s] /usr/lib/python3/dist-packages/setuptools/command/install.py:34: SetuptoolsDeprecationWarning: setup.py install is deprecated. Use build and pip and other standards-based tools.
[0.642s]   warnings.warn(
[0.642s] running install_lib
[0.643s] creating /home/om/ros2_ws/install/my_py_pkg/lib/python3.10/site-packages/my_py_pkg
[0.643s] copying /home/om/ros2_ws/build/my_py_pkg/build/lib/my_py_pkg/battery_status.py -> /home/om/ros2_ws/install/my_py_pkg/lib/python3.10/site-packages/my_py_pkg
[0.643s] copying /home/om/ros2_ws/build/my_py_pkg/build/lib/my_py_pkg/hw_status_publisher.py -> /home/om/ros2_ws/install/my_py_pkg/lib/python3.10/site-packages/my_py_pkg
[0.643s] copying /home/om/ros2_ws/build/my_py_pkg/build/lib/my_py_pkg/py_template.py -> /home/om/ros2_ws/install/my_py_pkg/lib/python3.10/site-packages/my_py_pkg
[0.643s] copying /home/om/ros2_ws/build/my_py_pkg/build/lib/my_py_pkg/__init__.py -> /home/om/ros2_ws/install/my_py_pkg/lib/python3.10/site-packages/my_py_pkg
[0.643s] copying /home/om/ros2_ws/build/my_py_pkg/build/lib/my_py_pkg/led_status_server.py -> /home/om/ros2_ws/install/my_py_pkg/lib/python3.10/site-packages/my_py_pkg
[0.643s] copying /home/om/ros2_ws/build/my_py_pkg/build/lib/my_py_pkg/number_counter.py -> /home/om/ros2_ws/install/my_py_pkg/lib/python3.10/site-packages/my_py_pkg
[0.643s] copying /home/om/ros2_ws/build/my_py_pkg/build/lib/my_py_pkg/add_two_ints_server.py -> /home/om/ros2_ws/install/my_py_pkg/lib/python3.10/site-packages/my_py_pkg
[0.643s] copying /home/om/ros2_ws/build/my_py_pkg/build/lib/my_py_pkg/my_first_node.py -> /home/om/ros2_ws/install/my_py_pkg/lib/python3.10/site-packages/my_py_pkg
[0.644s] copying /home/om/ros2_ws/build/my_py_pkg/build/lib/my_py_pkg/add_two_ints_client.py -> /home/om/ros2_ws/install/my_py_pkg/lib/python3.10/site-packages/my_py_pkg
[0.644s] copying /home/om/ros2_ws/build/my_py_pkg/build/lib/my_py_pkg/smartphone.py -> /home/om/ros2_ws/install/my_py_pkg/lib/python3.10/site-packages/my_py_pkg
[0.644s] copying /home/om/ros2_ws/build/my_py_pkg/build/lib/my_py_pkg/robot_news_station.py -> /home/om/ros2_ws/install/my_py_pkg/lib/python3.10/site-packages/my_py_pkg
[0.644s] copying /home/om/ros2_ws/build/my_py_pkg/build/lib/my_py_pkg/number_publisher.py -> /home/om/ros2_ws/install/my_py_pkg/lib/python3.10/site-packages/my_py_pkg
[0.644s] copying /home/om/ros2_ws/build/my_py_pkg/build/lib/my_py_pkg/add_two_ints_client_no_oop.py -> /home/om/ros2_ws/install/my_py_pkg/lib/python3.10/site-packages/my_py_pkg
[0.644s] byte-compiling /home/om/ros2_ws/install/my_py_pkg/lib/python3.10/site-packages/my_py_pkg/battery_status.py to battery_status.cpython-310.pyc
[0.645s] byte-compiling /home/om/ros2_ws/install/my_py_pkg/lib/python3.10/site-packages/my_py_pkg/hw_status_publisher.py to hw_status_publisher.cpython-310.pyc
[0.645s] byte-compiling /home/om/ros2_ws/install/my_py_pkg/lib/python3.10/site-packages/my_py_pkg/py_template.py to py_template.cpython-310.pyc
[0.645s] byte-compiling /home/om/ros2_ws/install/my_py_pkg/lib/python3.10/site-packages/my_py_pkg/__init__.py to __init__.cpython-310.pyc
[0.645s] byte-compiling /home/om/ros2_ws/install/my_py_pkg/lib/python3.10/site-packages/my_py_pkg/led_status_server.py to led_status_server.cpython-310.pyc
[0.646s] byte-compiling /home/om/ros2_ws/install/my_py_pkg/lib/python3.10/site-packages/my_py_pkg/number_counter.py to number_counter.cpython-310.pyc
[0.646s] byte-compiling /home/om/ros2_ws/install/my_py_pkg/lib/python3.10/site-packages/my_py_pkg/add_two_ints_server.py to add_two_ints_server.cpython-310.pyc
[0.646s] byte-compiling /home/om/ros2_ws/install/my_py_pkg/lib/python3.10/site-packages/my_py_pkg/my_first_node.py to my_first_node.cpython-310.pyc
[0.646s] byte-compiling /home/om/ros2_ws/install/my_py_pkg/lib/python3.10/site-packages/my_py_pkg/add_two_ints_client.py to add_two_ints_client.cpython-310.pyc
[0.647s] byte-compiling /home/om/ros2_ws/install/my_py_pkg/lib/python3.10/site-packages/my_py_pkg/smartphone.py to smartphone.cpython-310.pyc
[0.647s] byte-compiling /home/om/ros2_ws/install/my_py_pkg/lib/python3.10/site-packages/my_py_pkg/robot_news_station.py to robot_news_station.cpython-310.pyc
[0.647s] byte-compiling /home/om/ros2_ws/install/my_py_pkg/lib/python3.10/site-packages/my_py_pkg/number_publisher.py to number_publisher.cpython-310.pyc
[0.647s] byte-compiling /home/om/ros2_ws/install/my_py_pkg/lib/python3.10/site-packages/my_py_pkg/add_two_ints_client_no_oop.py to add_two_ints_client_no_oop.cpython-310.pyc
[0.648s] running install_data
[0.648s] creating /home/om/ros2_ws/install/my_py_pkg/share/ament_index
[0.648s] creating /home/om/ros2_ws/install/my_py_pkg/share/ament_index/resource_index
[0.648s] creating /home/om/ros2_ws/install/my_py_pkg/share/ament_index/resource_index/packages
[0.648s] copying resource/my_py_pkg -> /home/om/ros2_ws/install/my_py_pkg/share/ament_index/resource_index/packages
[0.648s] copying package.xml -> /home/om/ros2_ws/install/my_py_pkg/share/my_py_pkg
[0.648s] running install_egg_info
[0.649s] Copying ../../build/my_py_pkg/my_py_pkg.egg-info to /home/om/ros2_ws/install/my_py_pkg/lib/python3.10/site-packages/my_py_pkg-0.0.0-py3.10.egg-info
[0.650s] running install_scripts
[0.664s] Installing add_two_ints_client script to /home/om/ros2_ws/install/my_py_pkg/lib/my_py_pkg
[0.664s] Installing add_two_ints_client_no_oop script to /home/om/ros2_ws/install/my_py_pkg/lib/my_py_pkg
[0.664s] Installing add_two_ints_server script to /home/om/ros2_ws/install/my_py_pkg/lib/my_py_pkg
[0.664s] Installing battery_status script to /home/om/ros2_ws/install/my_py_pkg/lib/my_py_pkg
[0.664s] Installing hw_status_publisher script to /home/om/ros2_ws/install/my_py_pkg/lib/my_py_pkg
[0.664s] Installing led_status_server script to /home/om/ros2_ws/install/my_py_pkg/lib/my_py_pkg
[0.665s] Installing node_name script to /home/om/ros2_ws/install/my_py_pkg/lib/my_py_pkg
[0.665s] Installing number_counter script to /home/om/ros2_ws/install/my_py_pkg/lib/my_py_pkg
[0.665s] Installing number_publisher script to /home/om/ros2_ws/install/my_py_pkg/lib/my_py_pkg
[0.665s] Installing py_node script to /home/om/ros2_ws/install/my_py_pkg/lib/my_py_pkg
[0.665s] Installing robot_news_station script to /home/om/ros2_ws/install/my_py_pkg/lib/my_py_pkg
[0.665s] Installing smartphone script to /home/om/ros2_ws/install/my_py_pkg/lib/my_py_pkg
[0.665s] writing list of installed files to '/home/om/ros2_ws/build/my_py_pkg/install.log'
[0.680s] Invoked command in '/home/om/ros2_ws/src/my_py_pkg' returned '0': PYTHONPATH=/home/om/ros2_ws/build/my_py_pkg/prefix_override:/home/om/ros2_ws/install/my_py_pkg/lib/python3.10/site-packages:${PYTHONPATH} /usr/bin/python3 setup.py egg_info --egg-base ../../build/my_py_pkg build --build-base /home/om/ros2_ws/build/my_py_pkg/build install --record /home/om/ros2_ws/build/my_py_pkg/install.log --single-version-externally-managed
