[0.119s] Invoking command in '/home/om/ros2_robot/build/my_robot_bringup': CMAKE_PREFIX_PATH=${CMAKE_PREFIX_PATH}:/home/om/ros2_ws/install/turtlesim_catch_them_all:/home/om/ros2_ws/install/my_py_pkg:/opt/ros/humble /usr/bin/cmake /home/om/ros2_robot/src/my_robot_bringup -DCMAKE_INSTALL_PREFIX=/home/om/ros2_robot/install/my_robot_bringup
[0.194s] -- The C compiler identification is GNU 11.4.0
[0.261s] -- The CXX compiler identification is GNU 11.4.0
[0.268s] -- Detecting C compiler ABI info
[0.333s] -- Detecting C compiler ABI info - done
[0.338s] -- Check for working C compiler: /usr/bin/cc - skipped
[0.339s] -- Detecting C compile features
[0.339s] -- Detecting C compile features - done
[0.342s] -- Detecting CXX compiler ABI info
[0.414s] -- Detecting CXX compiler ABI info - done
[0.419s] -- Check for working CXX compiler: /usr/bin/c++ - skipped
[0.419s] -- Detecting CXX compile features
[0.420s] -- Detecting CXX compile features - done
[0.424s] -- Found ament_cmake: 1.3.8 (/opt/ros/humble/share/ament_cmake/cmake)
[0.542s] -- Found Python3: /usr/bin/python3 (found version "3.10.12") found components: Interpreter 
[0.662s] -- Configuring done
[0.664s] -- Generating done
[0.665s] -- Build files have been written to: /home/om/ros2_robot/build/my_robot_bringup
[0.669s] Invoked command in '/home/om/ros2_robot/build/my_robot_bringup' returned '0': CMAKE_PREFIX_PATH=${CMAKE_PREFIX_PATH}:/home/om/ros2_ws/install/turtlesim_catch_them_all:/home/om/ros2_ws/install/my_py_pkg:/opt/ros/humble /usr/bin/cmake /home/om/ros2_robot/src/my_robot_bringup -DCMAKE_INSTALL_PREFIX=/home/om/ros2_robot/install/my_robot_bringup
[0.670s] Invoking command in '/home/om/ros2_robot/build/my_robot_bringup': CMAKE_PREFIX_PATH=${CMAKE_PREFIX_PATH}:/home/om/ros2_ws/install/turtlesim_catch_them_all:/home/om/ros2_ws/install/my_py_pkg:/opt/ros/humble /usr/bin/cmake --build /home/om/ros2_robot/build/my_robot_bringup -- -j16 -l16
[0.707s] Invoked command in '/home/om/ros2_robot/build/my_robot_bringup' returned '0': CMAKE_PREFIX_PATH=${CMAKE_PREFIX_PATH}:/home/om/ros2_ws/install/turtlesim_catch_them_all:/home/om/ros2_ws/install/my_py_pkg:/opt/ros/humble /usr/bin/cmake --build /home/om/ros2_robot/build/my_robot_bringup -- -j16 -l16
[0.730s] Invoking command in '/home/om/ros2_robot/build/my_robot_bringup': CMAKE_PREFIX_PATH=${CMAKE_PREFIX_PATH}:/home/om/ros2_ws/install/turtlesim_catch_them_all:/home/om/ros2_ws/install/my_py_pkg:/opt/ros/humble /usr/bin/cmake --install /home/om/ros2_robot/build/my_robot_bringup
[0.737s] -- Install configuration: ""
[0.737s] -- Installing: /home/om/ros2_robot/install/my_robot_bringup/share/my_robot_bringup//launch
[0.737s] -- Installing: /home/om/ros2_robot/install/my_robot_bringup/share/my_robot_bringup//launch/my_robot_gazebo.launch.xml
[0.737s] -- Installing: /home/om/ros2_robot/install/my_robot_bringup/share/ament_index/resource_index/package_run_dependencies/my_robot_bringup
[0.738s] -- Installing: /home/om/ros2_robot/install/my_robot_bringup/share/ament_index/resource_index/parent_prefix_path/my_robot_bringup
[0.738s] -- Installing: /home/om/ros2_robot/install/my_robot_bringup/share/my_robot_bringup/environment/ament_prefix_path.sh
[0.738s] -- Installing: /home/om/ros2_robot/install/my_robot_bringup/share/my_robot_bringup/environment/ament_prefix_path.dsv
[0.738s] -- Installing: /home/om/ros2_robot/install/my_robot_bringup/share/my_robot_bringup/environment/path.sh
[0.738s] -- Installing: /home/om/ros2_robot/install/my_robot_bringup/share/my_robot_bringup/environment/path.dsv
[0.738s] -- Installing: /home/om/ros2_robot/install/my_robot_bringup/share/my_robot_bringup/local_setup.bash
[0.738s] -- Installing: /home/om/ros2_robot/install/my_robot_bringup/share/my_robot_bringup/local_setup.sh
[0.739s] -- Installing: /home/om/ros2_robot/install/my_robot_bringup/share/my_robot_bringup/local_setup.zsh
[0.739s] -- Installing: /home/om/ros2_robot/install/my_robot_bringup/share/my_robot_bringup/local_setup.dsv
[0.739s] -- Installing: /home/om/ros2_robot/install/my_robot_bringup/share/my_robot_bringup/package.dsv
[0.739s] -- Installing: /home/om/ros2_robot/install/my_robot_bringup/share/ament_index/resource_index/packages/my_robot_bringup
[0.739s] -- Installing: /home/om/ros2_robot/install/my_robot_bringup/share/my_robot_bringup/cmake/my_robot_bringupConfig.cmake
[0.739s] -- Installing: /home/om/ros2_robot/install/my_robot_bringup/share/my_robot_bringup/cmake/my_robot_bringupConfig-version.cmake
[0.739s] -- Installing: /home/om/ros2_robot/install/my_robot_bringup/share/my_robot_bringup/package.xml
[0.741s] Invoked command in '/home/om/ros2_robot/build/my_robot_bringup' returned '0': CMAKE_PREFIX_PATH=${CMAKE_PREFIX_PATH}:/home/om/ros2_ws/install/turtlesim_catch_them_all:/home/om/ros2_ws/install/my_py_pkg:/opt/ros/humble /usr/bin/cmake --install /home/om/ros2_robot/build/my_robot_bringup
