[0.061s] Invoking command in '/home/om/ros2_robot/build/my_robot_bringup': CMAKE_PREFIX_PATH=/home/om/ros2_robot/install/my_robot_description:/home/om/ros2_robot/install/my_robot_bringup:/home/om/ros2_ws/install/my_robot_bringup:/home/om/ros2_ws/install/my_cpp_pkg:/home/om/ros2_ws/install/my_robot_interfaces:/home/om/ros2_ws/install/turtlesim_catch_them_all:/home/om/ros2_ws/install/my_py_pkg:/opt/ros/humble /usr/bin/cmake /home/om/ros2_robot/src/my_robot_bringup -DAMENT_CMAKE_SYMLINK_INSTALL=1 -DCMAKE_INSTALL_PREFIX=/home/om/ros2_robot/install/my_robot_bringup
[0.071s] -- Found ament_cmake: 1.3.8 (/opt/ros/humble/share/ament_cmake/cmake)
[0.161s] -- Override CMake install command with custom implementation using symlinks instead of copying resources
[0.216s] -- Configuring done
[0.218s] -- Generating done
[0.219s] -- Build files have been written to: /home/om/ros2_robot/build/my_robot_bringup
[0.221s] Invoked command in '/home/om/ros2_robot/build/my_robot_bringup' returned '0': CMAKE_PREFIX_PATH=/home/om/ros2_robot/install/my_robot_description:/home/om/ros2_robot/install/my_robot_bringup:/home/om/ros2_ws/install/my_robot_bringup:/home/om/ros2_ws/install/my_cpp_pkg:/home/om/ros2_ws/install/my_robot_interfaces:/home/om/ros2_ws/install/turtlesim_catch_them_all:/home/om/ros2_ws/install/my_py_pkg:/opt/ros/humble /usr/bin/cmake /home/om/ros2_robot/src/my_robot_bringup -DAMENT_CMAKE_SYMLINK_INSTALL=1 -DCMAKE_INSTALL_PREFIX=/home/om/ros2_robot/install/my_robot_bringup
[0.222s] Invoking command in '/home/om/ros2_robot/build/my_robot_bringup': CMAKE_PREFIX_PATH=/home/om/ros2_robot/install/my_robot_description:/home/om/ros2_robot/install/my_robot_bringup:/home/om/ros2_ws/install/my_robot_bringup:/home/om/ros2_ws/install/my_cpp_pkg:/home/om/ros2_ws/install/my_robot_interfaces:/home/om/ros2_ws/install/turtlesim_catch_them_all:/home/om/ros2_ws/install/my_py_pkg:/opt/ros/humble /usr/bin/cmake --build /home/om/ros2_robot/build/my_robot_bringup -- -j16 -l16
[0.260s] Invoked command in '/home/om/ros2_robot/build/my_robot_bringup' returned '0': CMAKE_PREFIX_PATH=/home/om/ros2_robot/install/my_robot_description:/home/om/ros2_robot/install/my_robot_bringup:/home/om/ros2_ws/install/my_robot_bringup:/home/om/ros2_ws/install/my_cpp_pkg:/home/om/ros2_ws/install/my_robot_interfaces:/home/om/ros2_ws/install/turtlesim_catch_them_all:/home/om/ros2_ws/install/my_py_pkg:/opt/ros/humble /usr/bin/cmake --build /home/om/ros2_robot/build/my_robot_bringup -- -j16 -l16
[0.283s] Invoking command in '/home/om/ros2_robot/build/my_robot_bringup': CMAKE_PREFIX_PATH=/home/om/ros2_robot/install/my_robot_description:/home/om/ros2_robot/install/my_robot_bringup:/home/om/ros2_ws/install/my_robot_bringup:/home/om/ros2_ws/install/my_cpp_pkg:/home/om/ros2_ws/install/my_robot_interfaces:/home/om/ros2_ws/install/turtlesim_catch_them_all:/home/om/ros2_ws/install/my_py_pkg:/opt/ros/humble /usr/bin/cmake --install /home/om/ros2_robot/build/my_robot_bringup
[0.291s] -- Install configuration: ""
[0.292s] -- Execute custom install script
[0.292s] -- Up-to-date symlink: /home/om/ros2_robot/install/my_robot_bringup/share/my_robot_bringup//launch/my_robot_gazebo.launch.xml
[0.292s] -- Up-to-date symlink: /home/om/ros2_robot/install/my_robot_bringup/share/my_robot_bringup//rviz/robot_config.rviz
[0.292s] -- Up-to-date symlink: /home/om/ros2_robot/install/my_robot_bringup/share/ament_index/resource_index/package_run_dependencies/my_robot_bringup
[0.292s] -- Up-to-date symlink: /home/om/ros2_robot/install/my_robot_bringup/share/ament_index/resource_index/parent_prefix_path/my_robot_bringup
[0.292s] -- Up-to-date symlink: /home/om/ros2_robot/install/my_robot_bringup/share/my_robot_bringup/environment/ament_prefix_path.sh
[0.292s] -- Up-to-date symlink: /home/om/ros2_robot/install/my_robot_bringup/share/my_robot_bringup/environment/ament_prefix_path.dsv
[0.293s] -- Up-to-date symlink: /home/om/ros2_robot/install/my_robot_bringup/share/my_robot_bringup/environment/path.sh
[0.293s] -- Up-to-date symlink: /home/om/ros2_robot/install/my_robot_bringup/share/my_robot_bringup/environment/path.dsv
[0.293s] -- Up-to-date symlink: /home/om/ros2_robot/install/my_robot_bringup/share/my_robot_bringup/local_setup.bash
[0.293s] -- Up-to-date symlink: /home/om/ros2_robot/install/my_robot_bringup/share/my_robot_bringup/local_setup.sh
[0.293s] -- Up-to-date symlink: /home/om/ros2_robot/install/my_robot_bringup/share/my_robot_bringup/local_setup.zsh
[0.293s] -- Up-to-date symlink: /home/om/ros2_robot/install/my_robot_bringup/share/my_robot_bringup/local_setup.dsv
[0.293s] -- Symlinking: /home/om/ros2_robot/install/my_robot_bringup/share/my_robot_bringup/package.dsv
[0.302s] -- Up-to-date symlink: /home/om/ros2_robot/install/my_robot_bringup/share/ament_index/resource_index/packages/my_robot_bringup
[0.302s] -- Up-to-date symlink: /home/om/ros2_robot/install/my_robot_bringup/share/my_robot_bringup/cmake/my_robot_bringupConfig.cmake
[0.302s] -- Up-to-date symlink: /home/om/ros2_robot/install/my_robot_bringup/share/my_robot_bringup/cmake/my_robot_bringupConfig-version.cmake
[0.303s] -- Up-to-date symlink: /home/om/ros2_robot/install/my_robot_bringup/share/my_robot_bringup/package.xml
[0.305s] Invoked command in '/home/om/ros2_robot/build/my_robot_bringup' returned '0': CMAKE_PREFIX_PATH=/home/om/ros2_robot/install/my_robot_description:/home/om/ros2_robot/install/my_robot_bringup:/home/om/ros2_ws/install/my_robot_bringup:/home/om/ros2_ws/install/my_cpp_pkg:/home/om/ros2_ws/install/my_robot_interfaces:/home/om/ros2_ws/install/turtlesim_catch_them_all:/home/om/ros2_ws/install/my_py_pkg:/opt/ros/humble /usr/bin/cmake --install /home/om/ros2_robot/build/my_robot_bringup
