[0.069s] Invoking command in '/home/om/ros2_robot/build/my_robot_description': CMAKE_PREFIX_PATH=${CMAKE_PREFIX_PATH}:/home/om/ros2_ws/install/turtlesim_catch_them_all:/home/om/ros2_ws/install/my_py_pkg:/opt/ros/humble /usr/bin/cmake /home/om/ros2_robot/src/my_robot_description -DCMAKE_INSTALL_PREFIX=/home/om/ros2_robot/install/my_robot_description
[0.079s] -- Found ament_cmake: 1.3.8 (/opt/ros/humble/share/ament_cmake/cmake)
[0.165s] -- Override CMake install command with custom implementation using symlinks instead of copying resources
[0.218s] -- Configuring done
[0.220s] -- Generating done
[0.221s] -- Build files have been written to: /home/om/ros2_robot/build/my_robot_description
[0.223s] Invoked command in '/home/om/ros2_robot/build/my_robot_description' returned '0': CMAKE_PREFIX_PATH=${CMAKE_PREFIX_PATH}:/home/om/ros2_ws/install/turtlesim_catch_them_all:/home/om/ros2_ws/install/my_py_pkg:/opt/ros/humble /usr/bin/cmake /home/om/ros2_robot/src/my_robot_description -DCMAKE_INSTALL_PREFIX=/home/om/ros2_robot/install/my_robot_description
[0.225s] Invoking command in '/home/om/ros2_robot/build/my_robot_description': CMAKE_PREFIX_PATH=${CMAKE_PREFIX_PATH}:/home/om/ros2_ws/install/turtlesim_catch_them_all:/home/om/ros2_ws/install/my_py_pkg:/opt/ros/humble /usr/bin/cmake --build /home/om/ros2_robot/build/my_robot_description -- -j16 -l16
[0.258s] Invoked command in '/home/om/ros2_robot/build/my_robot_description' returned '0': CMAKE_PREFIX_PATH=${CMAKE_PREFIX_PATH}:/home/om/ros2_ws/install/turtlesim_catch_them_all:/home/om/ros2_ws/install/my_py_pkg:/opt/ros/humble /usr/bin/cmake --build /home/om/ros2_robot/build/my_robot_description -- -j16 -l16
[0.287s] Invoking command in '/home/om/ros2_robot/build/my_robot_description': CMAKE_PREFIX_PATH=${CMAKE_PREFIX_PATH}:/home/om/ros2_ws/install/turtlesim_catch_them_all:/home/om/ros2_ws/install/my_py_pkg:/opt/ros/humble /usr/bin/cmake --install /home/om/ros2_robot/build/my_robot_description
[0.292s] -- Install configuration: ""
[0.293s] -- Execute custom install script
[0.293s] -- Up-to-date symlink: /home/om/ros2_robot/install/my_robot_description/share/my_robot_description//urdf/my_robot.urdf.xacro
[0.293s] -- Up-to-date symlink: /home/om/ros2_robot/install/my_robot_description/share/my_robot_description//launch/display.launch.py
[0.294s] -- Up-to-date symlink: /home/om/ros2_robot/install/my_robot_description/share/my_robot_description//launch/display.launch.xml
[0.294s] -- Up-to-date symlink: /home/om/ros2_robot/install/my_robot_description/share/my_robot_description//rviz/my_robot.rviz
[0.294s] -- Up-to-date symlink: /home/om/ros2_robot/install/my_robot_description/share/ament_index/resource_index/package_run_dependencies/my_robot_description
[0.294s] -- Up-to-date symlink: /home/om/ros2_robot/install/my_robot_description/share/ament_index/resource_index/parent_prefix_path/my_robot_description
[0.294s] -- Up-to-date symlink: /home/om/ros2_robot/install/my_robot_description/share/my_robot_description/environment/ament_prefix_path.sh
[0.294s] -- Up-to-date symlink: /home/om/ros2_robot/install/my_robot_description/share/my_robot_description/environment/ament_prefix_path.dsv
[0.294s] -- Up-to-date symlink: /home/om/ros2_robot/install/my_robot_description/share/my_robot_description/environment/path.sh
[0.294s] -- Up-to-date symlink: /home/om/ros2_robot/install/my_robot_description/share/my_robot_description/environment/path.dsv
[0.294s] -- Up-to-date symlink: /home/om/ros2_robot/install/my_robot_description/share/my_robot_description/local_setup.bash
[0.294s] -- Up-to-date symlink: /home/om/ros2_robot/install/my_robot_description/share/my_robot_description/local_setup.sh
[0.295s] -- Up-to-date symlink: /home/om/ros2_robot/install/my_robot_description/share/my_robot_description/local_setup.zsh
[0.295s] -- Up-to-date symlink: /home/om/ros2_robot/install/my_robot_description/share/my_robot_description/local_setup.dsv
[0.295s] -- Symlinking: /home/om/ros2_robot/install/my_robot_description/share/my_robot_description/package.dsv
[0.302s] -- Up-to-date symlink: /home/om/ros2_robot/install/my_robot_description/share/ament_index/resource_index/packages/my_robot_description
[0.302s] -- Up-to-date symlink: /home/om/ros2_robot/install/my_robot_description/share/my_robot_description/cmake/my_robot_descriptionConfig.cmake
[0.302s] -- Up-to-date symlink: /home/om/ros2_robot/install/my_robot_description/share/my_robot_description/cmake/my_robot_descriptionConfig-version.cmake
[0.303s] -- Up-to-date symlink: /home/om/ros2_robot/install/my_robot_description/share/my_robot_description/package.xml
[0.304s] Invoked command in '/home/om/ros2_robot/build/my_robot_description' returned '0': CMAKE_PREFIX_PATH=${CMAKE_PREFIX_PATH}:/home/om/ros2_ws/install/turtlesim_catch_them_all:/home/om/ros2_ws/install/my_py_pkg:/opt/ros/humble /usr/bin/cmake --install /home/om/ros2_robot/build/my_robot_description
