[0.047s] Invoking command in '/home/om/ros2_ws/build/my_robot_bringup': AMENT_PREFIX_PATH=/home/om/ros2_ws/install/my_py_pkg:/home/om/ros2_ws/install/my_robot_interfaces:${AMENT_PREFIX_PATH} CMAKE_PREFIX_PATH=/home/om/ros2_ws/install/my_robot_interfaces:/opt/ros/humble LD_LIBRARY_PATH=/home/om/ros2_ws/install/my_robot_interfaces/lib:${LD_LIBRARY_PATH} PYTHONPATH=/home/om/ros2_ws/install/my_py_pkg/lib/python3.10/site-packages:/home/om/ros2_ws/install/my_robot_interfaces/local/lib/python3.10/dist-packages:${PYTHONPATH} /usr/bin/cmake /home/om/ros2_ws/src/my_robot_bringup -DCMAKE_INSTALL_PREFIX=/home/om/ros2_ws/install/my_robot_bringup
[0.090s] -- The C compiler identification is GNU 11.4.0
[0.140s] -- The CXX compiler identification is GNU 11.4.0
[0.146s] -- Detecting C compiler ABI info
[0.214s] -- Detecting C compiler ABI info - done
[0.223s] -- Check for working C compiler: /usr/bin/cc - skipped
[0.224s] -- Detecting C compile features
[0.224s] -- Detecting C compile features - done
[0.227s] -- Detecting CXX compiler ABI info
[0.328s] -- Detecting CXX compiler ABI info - done
[0.338s] -- Check for working CXX compiler: /usr/bin/c++ - skipped
[0.339s] -- Detecting CXX compile features
[0.339s] -- Detecting CXX compile features - done
[0.343s] -- Found ament_cmake: 1.3.8 (/opt/ros/humble/share/ament_cmake/cmake)
[0.561s] -- Found Python3: /usr/bin/python3 (found version "3.10.12") found components: Interpreter 
[0.788s] -- Configuring done
[0.793s] -- Generating done
[0.794s] -- Build files have been written to: /home/om/ros2_ws/build/my_robot_bringup
[0.803s] Invoked command in '/home/om/ros2_ws/build/my_robot_bringup' returned '0': AMENT_PREFIX_PATH=/home/om/ros2_ws/install/my_py_pkg:/home/om/ros2_ws/install/my_robot_interfaces:${AMENT_PREFIX_PATH} CMAKE_PREFIX_PATH=/home/om/ros2_ws/install/my_robot_interfaces:/opt/ros/humble LD_LIBRARY_PATH=/home/om/ros2_ws/install/my_robot_interfaces/lib:${LD_LIBRARY_PATH} PYTHONPATH=/home/om/ros2_ws/install/my_py_pkg/lib/python3.10/site-packages:/home/om/ros2_ws/install/my_robot_interfaces/local/lib/python3.10/dist-packages:${PYTHONPATH} /usr/bin/cmake /home/om/ros2_ws/src/my_robot_bringup -DCMAKE_INSTALL_PREFIX=/home/om/ros2_ws/install/my_robot_bringup
[0.805s] Invoking command in '/home/om/ros2_ws/build/my_robot_bringup': AMENT_PREFIX_PATH=/home/om/ros2_ws/install/my_py_pkg:/home/om/ros2_ws/install/my_robot_interfaces:${AMENT_PREFIX_PATH} CMAKE_PREFIX_PATH=/home/om/ros2_ws/install/my_robot_interfaces:/opt/ros/humble LD_LIBRARY_PATH=/home/om/ros2_ws/install/my_robot_interfaces/lib:${LD_LIBRARY_PATH} PYTHONPATH=/home/om/ros2_ws/install/my_py_pkg/lib/python3.10/site-packages:/home/om/ros2_ws/install/my_robot_interfaces/local/lib/python3.10/dist-packages:${PYTHONPATH} /usr/bin/cmake --build /home/om/ros2_ws/build/my_robot_bringup -- -j16 -l16
[0.868s] Invoked command in '/home/om/ros2_ws/build/my_robot_bringup' returned '0': AMENT_PREFIX_PATH=/home/om/ros2_ws/install/my_py_pkg:/home/om/ros2_ws/install/my_robot_interfaces:${AMENT_PREFIX_PATH} CMAKE_PREFIX_PATH=/home/om/ros2_ws/install/my_robot_interfaces:/opt/ros/humble LD_LIBRARY_PATH=/home/om/ros2_ws/install/my_robot_interfaces/lib:${LD_LIBRARY_PATH} PYTHONPATH=/home/om/ros2_ws/install/my_py_pkg/lib/python3.10/site-packages:/home/om/ros2_ws/install/my_robot_interfaces/local/lib/python3.10/dist-packages:${PYTHONPATH} /usr/bin/cmake --build /home/om/ros2_ws/build/my_robot_bringup -- -j16 -l16
[0.902s] Invoking command in '/home/om/ros2_ws/build/my_robot_bringup': AMENT_PREFIX_PATH=/home/om/ros2_ws/install/my_py_pkg:/home/om/ros2_ws/install/my_robot_interfaces:${AMENT_PREFIX_PATH} CMAKE_PREFIX_PATH=/home/om/ros2_ws/install/my_robot_interfaces:/opt/ros/humble LD_LIBRARY_PATH=/home/om/ros2_ws/install/my_robot_interfaces/lib:${LD_LIBRARY_PATH} PYTHONPATH=/home/om/ros2_ws/install/my_py_pkg/lib/python3.10/site-packages:/home/om/ros2_ws/install/my_robot_interfaces/local/lib/python3.10/dist-packages:${PYTHONPATH} /usr/bin/cmake --install /home/om/ros2_ws/build/my_robot_bringup
[0.913s] -- Install configuration: ""
[0.913s] -- Installing: /home/om/ros2_ws/install/my_robot_bringup/share/my_robot_bringup/launch
[0.914s] -- Installing: /home/om/ros2_ws/install/my_robot_bringup/share/my_robot_bringup/launch/number_app.launch.py
[0.914s] -- Installing: /home/om/ros2_ws/install/my_robot_bringup/share/my_robot_bringup/launch/build
[0.914s] -- Installing: /home/om/ros2_ws/install/my_robot_bringup/share/my_robot_bringup/launch/build/COLCON_IGNORE
[0.914s] -- Installing: /home/om/ros2_ws/install/my_robot_bringup/share/my_robot_bringup/launch/build/.built_by
[0.914s] -- Installing: /home/om/ros2_ws/install/my_robot_bringup/share/my_robot_bringup/launch/log
[0.914s] -- Installing: /home/om/ros2_ws/install/my_robot_bringup/share/my_robot_bringup/launch/log/COLCON_IGNORE
[0.915s] -- Installing: /home/om/ros2_ws/install/my_robot_bringup/share/my_robot_bringup/launch/log/build_2024-02-24_22-53-53
[0.915s] -- Installing: /home/om/ros2_ws/install/my_robot_bringup/share/my_robot_bringup/launch/log/build_2024-02-24_22-53-53/events.log
[0.915s] -- Installing: /home/om/ros2_ws/install/my_robot_bringup/share/my_robot_bringup/launch/log/build_2024-02-24_22-53-53/logger_all.log
[0.915s] -- Installing: /home/om/ros2_ws/install/my_robot_bringup/share/my_robot_bringup/launch/multi_robot_station.launch.py
[0.915s] -- Installing: /home/om/ros2_ws/install/my_robot_bringup/share/my_robot_bringup/launch/install
[0.915s] -- Installing: /home/om/ros2_ws/install/my_robot_bringup/share/my_robot_bringup/launch/install/local_setup.zsh
[0.915s] -- Installing: /home/om/ros2_ws/install/my_robot_bringup/share/my_robot_bringup/launch/install/local_setup.bash
[0.916s] -- Installing: /home/om/ros2_ws/install/my_robot_bringup/share/my_robot_bringup/launch/install/setup.bash
[0.916s] -- Installing: /home/om/ros2_ws/install/my_robot_bringup/share/my_robot_bringup/launch/install/_local_setup_util_sh.py
[0.916s] -- Installing: /home/om/ros2_ws/install/my_robot_bringup/share/my_robot_bringup/launch/install/local_setup.sh
[0.916s] -- Installing: /home/om/ros2_ws/install/my_robot_bringup/share/my_robot_bringup/launch/install/setup.sh
[0.916s] -- Installing: /home/om/ros2_ws/install/my_robot_bringup/share/my_robot_bringup/launch/install/_local_setup_util_ps1.py
[0.916s] -- Installing: /home/om/ros2_ws/install/my_robot_bringup/share/my_robot_bringup/launch/install/COLCON_IGNORE
[0.917s] -- Installing: /home/om/ros2_ws/install/my_robot_bringup/share/my_robot_bringup/launch/install/setup.zsh
[0.917s] -- Installing: /home/om/ros2_ws/install/my_robot_bringup/share/my_robot_bringup/launch/install/.colcon_install_layout
[0.917s] -- Installing: /home/om/ros2_ws/install/my_robot_bringup/share/my_robot_bringup/launch/install/setup.ps1
[0.917s] -- Installing: /home/om/ros2_ws/install/my_robot_bringup/share/my_robot_bringup/launch/install/local_setup.ps1
[0.917s] -- Installing: /home/om/ros2_ws/install/my_robot_bringup/share/ament_index/resource_index/package_run_dependencies/my_robot_bringup
[0.918s] -- Installing: /home/om/ros2_ws/install/my_robot_bringup/share/ament_index/resource_index/parent_prefix_path/my_robot_bringup
[0.918s] -- Installing: /home/om/ros2_ws/install/my_robot_bringup/share/my_robot_bringup/environment/ament_prefix_path.sh
[0.918s] -- Installing: /home/om/ros2_ws/install/my_robot_bringup/share/my_robot_bringup/environment/ament_prefix_path.dsv
[0.919s] -- Installing: /home/om/ros2_ws/install/my_robot_bringup/share/my_robot_bringup/environment/path.sh
[0.919s] -- Installing: /home/om/ros2_ws/install/my_robot_bringup/share/my_robot_bringup/environment/path.dsv
[0.919s] -- Installing: /home/om/ros2_ws/install/my_robot_bringup/share/my_robot_bringup/local_setup.bash
[0.919s] -- Installing: /home/om/ros2_ws/install/my_robot_bringup/share/my_robot_bringup/local_setup.sh
[0.919s] -- Installing: /home/om/ros2_ws/install/my_robot_bringup/share/my_robot_bringup/local_setup.zsh
[0.920s] -- Installing: /home/om/ros2_ws/install/my_robot_bringup/share/my_robot_bringup/local_setup.dsv
[0.920s] -- Installing: /home/om/ros2_ws/install/my_robot_bringup/share/my_robot_bringup/package.dsv
[0.920s] -- Installing: /home/om/ros2_ws/install/my_robot_bringup/share/ament_index/resource_index/packages/my_robot_bringup
[0.920s] -- Installing: /home/om/ros2_ws/install/my_robot_bringup/share/my_robot_bringup/cmake/my_robot_bringupConfig.cmake
[0.921s] -- Installing: /home/om/ros2_ws/install/my_robot_bringup/share/my_robot_bringup/cmake/my_robot_bringupConfig-version.cmake
[0.921s] -- Installing: /home/om/ros2_ws/install/my_robot_bringup/share/my_robot_bringup/package.xml
[0.924s] Invoked command in '/home/om/ros2_ws/build/my_robot_bringup' returned '0': AMENT_PREFIX_PATH=/home/om/ros2_ws/install/my_py_pkg:/home/om/ros2_ws/install/my_robot_interfaces:${AMENT_PREFIX_PATH} CMAKE_PREFIX_PATH=/home/om/ros2_ws/install/my_robot_interfaces:/opt/ros/humble LD_LIBRARY_PATH=/home/om/ros2_ws/install/my_robot_interfaces/lib:${LD_LIBRARY_PATH} PYTHONPATH=/home/om/ros2_ws/install/my_py_pkg/lib/python3.10/site-packages:/home/om/ros2_ws/install/my_robot_interfaces/local/lib/python3.10/dist-packages:${PYTHONPATH} /usr/bin/cmake --install /home/om/ros2_ws/build/my_robot_bringup
