[0.070s] Invoking command in '/home/om/ros2_robot/build/my_robot_description': CMAKE_PREFIX_PATH=${CMAKE_PREFIX_PATH}:/home/om/ros2_ws/install/turtlesim_catch_them_all:/home/om/ros2_ws/install/my_py_pkg:/opt/ros/humble /usr/bin/cmake --build /home/om/ros2_robot/build/my_robot_description -- -j16 -l16
[0.102s] Invoked command in '/home/om/ros2_robot/build/my_robot_description' returned '0': CMAKE_PREFIX_PATH=${CMAKE_PREFIX_PATH}:/home/om/ros2_ws/install/turtlesim_catch_them_all:/home/om/ros2_ws/install/my_py_pkg:/opt/ros/humble /usr/bin/cmake --build /home/om/ros2_robot/build/my_robot_description -- -j16 -l16
[0.132s] Invoking command in '/home/om/ros2_robot/build/my_robot_description': CMAKE_PREFIX_PATH=${CMAKE_PREFIX_PATH}:/home/om/ros2_ws/install/turtlesim_catch_them_all:/home/om/ros2_ws/install/my_py_pkg:/opt/ros/humble /usr/bin/cmake --install /home/om/ros2_robot/build/my_robot_description
[0.139s] -- Install configuration: ""
[0.139s] -- Execute custom install script
[0.139s] -- Up-to-date symlink: /home/om/ros2_robot/install/my_robot_description/share/my_robot_description//urdf/my_robot.xacro
[0.139s] -- Up-to-date symlink: /home/om/ros2_robot/install/my_robot_description/share/my_robot_description//launch/display.launch.py
[0.139s] -- Up-to-date symlink: /home/om/ros2_robot/install/my_robot_description/share/my_robot_description//launch/display.launch.xml
[0.140s] -- Up-to-date symlink: /home/om/ros2_robot/install/my_robot_description/share/my_robot_description//rviz/my_robot.rviz
[0.140s] -- Up-to-date symlink: /home/om/ros2_robot/install/my_robot_description/share/ament_index/resource_index/package_run_dependencies/my_robot_description
[0.140s] -- Up-to-date symlink: /home/om/ros2_robot/install/my_robot_description/share/ament_index/resource_index/parent_prefix_path/my_robot_description
[0.140s] -- Up-to-date symlink: /home/om/ros2_robot/install/my_robot_description/share/my_robot_description/environment/ament_prefix_path.sh
[0.140s] -- Up-to-date symlink: /home/om/ros2_robot/install/my_robot_description/share/my_robot_description/environment/ament_prefix_path.dsv
[0.140s] -- Up-to-date symlink: /home/om/ros2_robot/install/my_robot_description/share/my_robot_description/environment/path.sh
[0.140s] -- Up-to-date symlink: /home/om/ros2_robot/install/my_robot_description/share/my_robot_description/environment/path.dsv
[0.140s] -- Up-to-date symlink: /home/om/ros2_robot/install/my_robot_description/share/my_robot_description/local_setup.bash
[0.140s] -- Up-to-date symlink: /home/om/ros2_robot/install/my_robot_description/share/my_robot_description/local_setup.sh
[0.141s] -- Up-to-date symlink: /home/om/ros2_robot/install/my_robot_description/share/my_robot_description/local_setup.zsh
[0.141s] -- Up-to-date symlink: /home/om/ros2_robot/install/my_robot_description/share/my_robot_description/local_setup.dsv
[0.141s] -- Symlinking: /home/om/ros2_robot/install/my_robot_description/share/my_robot_description/package.dsv
[0.149s] -- Up-to-date symlink: /home/om/ros2_robot/install/my_robot_description/share/ament_index/resource_index/packages/my_robot_description
[0.149s] -- Up-to-date symlink: /home/om/ros2_robot/install/my_robot_description/share/my_robot_description/cmake/my_robot_descriptionConfig.cmake
[0.149s] -- Up-to-date symlink: /home/om/ros2_robot/install/my_robot_description/share/my_robot_description/cmake/my_robot_descriptionConfig-version.cmake
[0.149s] -- Up-to-date symlink: /home/om/ros2_robot/install/my_robot_description/share/my_robot_description/package.xml
[0.151s] Invoked command in '/home/om/ros2_robot/build/my_robot_description' returned '0': CMAKE_PREFIX_PATH=${CMAKE_PREFIX_PATH}:/home/om/ros2_ws/install/turtlesim_catch_them_all:/home/om/ros2_ws/install/my_py_pkg:/opt/ros/humble /usr/bin/cmake --install /home/om/ros2_robot/build/my_robot_description
