[0.767s] DEBUG:colcon:Command line arguments: ['/usr/bin/colcon', 'build']
[0.767s] DEBUG:colcon:Parsed command line arguments: Namespace(log_base=None, log_level=None, verb_name='build', build_base='build', install_base='install', merge_install=False, symlink_install=False, test_result_base=None, continue_on_error=False, executor='parallel', parallel_workers=16, event_handlers=None, ignore_user_meta=False, metas=['./colcon.meta'], base_paths=['.'], packages_ignore=None, packages_ignore_regex=None, paths=None, packages_up_to=None, packages_up_to_regex=None, packages_above=None, packages_above_and_dependencies=None, packages_above_depth=None, packages_select_by_dep=None, packages_skip_by_dep=None, packages_skip_up_to=None, packages_select_build_failed=False, packages_skip_build_finished=False, packages_select_test_failures=False, packages_skip_test_passed=False, packages_select=None, packages_skip=None, packages_select_regex=None, packages_skip_regex=None, packages_start=None, packages_end=None, allow_overriding=[], cmake_args=None, cmake_target=None, cmake_target_skip_unavailable=False, cmake_clean_cache=False, cmake_clean_first=False, cmake_force_configure=False, ament_cmake_args=None, catkin_cmake_args=None, catkin_skip_building_tests=False, verb_parser=<colcon_defaults.argument_parser.defaults.DefaultArgumentsDecorator object at 0x7f8d16388220>, verb_extension=<colcon_core.verb.build.BuildVerb object at 0x7f8d16337e50>, main=<bound method BuildVerb.main of <colcon_core.verb.build.BuildVerb object at 0x7f8d16337e50>>)
[0.802s] Level 1:colcon.colcon_core.package_discovery:discover_packages(colcon_meta) check parameters
[0.802s] Level 1:colcon.colcon_core.package_discovery:discover_packages(recursive) check parameters
[0.802s] Level 1:colcon.colcon_core.package_discovery:discover_packages(ignore) check parameters
[0.803s] Level 1:colcon.colcon_core.package_discovery:discover_packages(path) check parameters
[0.803s] Level 1:colcon.colcon_core.package_discovery:discover_packages(colcon_meta) discover
[0.803s] Level 1:colcon.colcon_core.package_discovery:discover_packages(recursive) discover
[0.803s] INFO:colcon.colcon_core.package_discovery:Crawling recursively for packages in '/home/om/ros2_robot'
[0.803s] Level 1:colcon.colcon_core.package_identification:_identify(.) by extensions ['ignore', 'ignore_ament_install']
[0.803s] Level 1:colcon.colcon_core.package_identification:_identify(.) by extension 'ignore'
[0.803s] Level 1:colcon.colcon_core.package_identification:_identify(.) by extension 'ignore_ament_install'
[0.803s] Level 1:colcon.colcon_core.package_identification:_identify(.) by extensions ['colcon_pkg']
[0.803s] Level 1:colcon.colcon_core.package_identification:_identify(.) by extension 'colcon_pkg'
[0.803s] Level 1:colcon.colcon_core.package_identification:_identify(.) by extensions ['colcon_meta']
[0.803s] Level 1:colcon.colcon_core.package_identification:_identify(.) by extension 'colcon_meta'
[0.803s] Level 1:colcon.colcon_core.package_identification:_identify(.) by extensions ['ros']
[0.803s] Level 1:colcon.colcon_core.package_identification:_identify(.) by extension 'ros'
[0.811s] Level 1:colcon.colcon_core.package_identification:_identify(.) by extensions ['cmake', 'python']
[0.811s] Level 1:colcon.colcon_core.package_identification:_identify(.) by extension 'cmake'
[0.811s] Level 1:colcon.colcon_core.package_identification:_identify(.) by extension 'python'
[0.812s] Level 1:colcon.colcon_core.package_identification:_identify(.) by extensions ['python_setup_py']
[0.812s] Level 1:colcon.colcon_core.package_identification:_identify(.) by extension 'python_setup_py'
[0.812s] Level 1:colcon.colcon_core.package_identification:_identify(build) by extensions ['ignore', 'ignore_ament_install']
[0.812s] Level 1:colcon.colcon_core.package_identification:_identify(build) by extension 'ignore'
[0.812s] Level 1:colcon.colcon_core.package_identification:_identify(build) ignored
[0.812s] Level 1:colcon.colcon_core.package_identification:_identify(install) by extensions ['ignore', 'ignore_ament_install']
[0.812s] Level 1:colcon.colcon_core.package_identification:_identify(install) by extension 'ignore'
[0.812s] Level 1:colcon.colcon_core.package_identification:_identify(install) ignored
[0.812s] Level 1:colcon.colcon_core.package_identification:_identify(log) by extensions ['ignore', 'ignore_ament_install']
[0.812s] Level 1:colcon.colcon_core.package_identification:_identify(log) by extension 'ignore'
[0.812s] Level 1:colcon.colcon_core.package_identification:_identify(log) ignored
[0.812s] Level 1:colcon.colcon_core.package_identification:_identify(src) by extensions ['ignore', 'ignore_ament_install']
[0.812s] Level 1:colcon.colcon_core.package_identification:_identify(src) by extension 'ignore'
[0.812s] Level 1:colcon.colcon_core.package_identification:_identify(src) by extension 'ignore_ament_install'
[0.812s] Level 1:colcon.colcon_core.package_identification:_identify(src) by extensions ['colcon_pkg']
[0.812s] Level 1:colcon.colcon_core.package_identification:_identify(src) by extension 'colcon_pkg'
[0.812s] Level 1:colcon.colcon_core.package_identification:_identify(src) by extensions ['colcon_meta']
[0.812s] Level 1:colcon.colcon_core.package_identification:_identify(src) by extension 'colcon_meta'
[0.812s] Level 1:colcon.colcon_core.package_identification:_identify(src) by extensions ['ros']
[0.812s] Level 1:colcon.colcon_core.package_identification:_identify(src) by extension 'ros'
[0.813s] Level 1:colcon.colcon_core.package_identification:_identify(src) by extensions ['cmake', 'python']
[0.813s] Level 1:colcon.colcon_core.package_identification:_identify(src) by extension 'cmake'
[0.813s] Level 1:colcon.colcon_core.package_identification:_identify(src) by extension 'python'
[0.813s] Level 1:colcon.colcon_core.package_identification:_identify(src) by extensions ['python_setup_py']
[0.813s] Level 1:colcon.colcon_core.package_identification:_identify(src) by extension 'python_setup_py'
[0.813s] Level 1:colcon.colcon_core.package_identification:_identify(src/my_robot_bringup) by extensions ['ignore', 'ignore_ament_install']
[0.813s] Level 1:colcon.colcon_core.package_identification:_identify(src/my_robot_bringup) by extension 'ignore'
[0.813s] Level 1:colcon.colcon_core.package_identification:_identify(src/my_robot_bringup) by extension 'ignore_ament_install'
[0.813s] Level 1:colcon.colcon_core.package_identification:_identify(src/my_robot_bringup) by extensions ['colcon_pkg']
[0.813s] Level 1:colcon.colcon_core.package_identification:_identify(src/my_robot_bringup) by extension 'colcon_pkg'
[0.813s] Level 1:colcon.colcon_core.package_identification:_identify(src/my_robot_bringup) by extensions ['colcon_meta']
[0.813s] Level 1:colcon.colcon_core.package_identification:_identify(src/my_robot_bringup) by extension 'colcon_meta'
[0.813s] Level 1:colcon.colcon_core.package_identification:_identify(src/my_robot_bringup) by extensions ['ros']
[0.813s] Level 1:colcon.colcon_core.package_identification:_identify(src/my_robot_bringup) by extension 'ros'
[0.815s] DEBUG:colcon.colcon_core.package_identification:Package 'src/my_robot_bringup' with type 'ros.ament_cmake' and name 'my_robot_bringup'
[0.815s] Level 1:colcon.colcon_core.package_identification:_identify(src/my_robot_description) by extensions ['ignore', 'ignore_ament_install']
[0.815s] Level 1:colcon.colcon_core.package_identification:_identify(src/my_robot_description) by extension 'ignore'
[0.815s] Level 1:colcon.colcon_core.package_identification:_identify(src/my_robot_description) by extension 'ignore_ament_install'
[0.815s] Level 1:colcon.colcon_core.package_identification:_identify(src/my_robot_description) by extensions ['colcon_pkg']
[0.815s] Level 1:colcon.colcon_core.package_identification:_identify(src/my_robot_description) by extension 'colcon_pkg'
[0.815s] Level 1:colcon.colcon_core.package_identification:_identify(src/my_robot_description) by extensions ['colcon_meta']
[0.815s] Level 1:colcon.colcon_core.package_identification:_identify(src/my_robot_description) by extension 'colcon_meta'
[0.815s] Level 1:colcon.colcon_core.package_identification:_identify(src/my_robot_description) by extensions ['ros']
[0.815s] Level 1:colcon.colcon_core.package_identification:_identify(src/my_robot_description) by extension 'ros'
[0.815s] DEBUG:colcon.colcon_core.package_identification:Package 'src/my_robot_description' with type 'ros.ament_cmake' and name 'my_robot_description'
[0.815s] Level 1:colcon.colcon_core.package_discovery:discover_packages(recursive) using defaults
[0.815s] Level 1:colcon.colcon_core.package_discovery:discover_packages(ignore) discover
[0.815s] Level 1:colcon.colcon_core.package_discovery:discover_packages(ignore) using defaults
[0.816s] Level 1:colcon.colcon_core.package_discovery:discover_packages(path) discover
[0.816s] Level 1:colcon.colcon_core.package_discovery:discover_packages(path) using defaults
[0.886s] Level 1:colcon.colcon_core.package_discovery:discover_packages(prefix_path) check parameters
[0.886s] Level 1:colcon.colcon_core.package_discovery:discover_packages(prefix_path) discover
[0.909s] DEBUG:colcon.colcon_installed_package_information.package_discovery:Found 2 installed packages in /home/om/ros2_robot/install
[0.920s] DEBUG:colcon.colcon_installed_package_information.package_discovery:Found 5 installed packages in /home/om/ros2_ws/install
[0.932s] DEBUG:colcon.colcon_installed_package_information.package_discovery:Found 328 installed packages in /opt/ros/humble
[0.933s] Level 1:colcon.colcon_core.package_discovery:discover_packages(prefix_path) using defaults
[1.005s] Level 5:colcon.colcon_core.verb:set package 'my_robot_description' build argument 'cmake_args' from command line to 'None'
[1.005s] Level 5:colcon.colcon_core.verb:set package 'my_robot_description' build argument 'cmake_target' from command line to 'None'
[1.005s] Level 5:colcon.colcon_core.verb:set package 'my_robot_description' build argument 'cmake_target_skip_unavailable' from command line to 'False'
[1.005s] Level 5:colcon.colcon_core.verb:set package 'my_robot_description' build argument 'cmake_clean_cache' from command line to 'False'
[1.005s] Level 5:colcon.colcon_core.verb:set package 'my_robot_description' build argument 'cmake_clean_first' from command line to 'False'
[1.005s] Level 5:colcon.colcon_core.verb:set package 'my_robot_description' build argument 'cmake_force_configure' from command line to 'False'
[1.005s] Level 5:colcon.colcon_core.verb:set package 'my_robot_description' build argument 'ament_cmake_args' from command line to 'None'
[1.005s] Level 5:colcon.colcon_core.verb:set package 'my_robot_description' build argument 'catkin_cmake_args' from command line to 'None'
[1.005s] Level 5:colcon.colcon_core.verb:set package 'my_robot_description' build argument 'catkin_skip_building_tests' from command line to 'False'
[1.005s] DEBUG:colcon.colcon_core.verb:Building package 'my_robot_description' with the following arguments: {'ament_cmake_args': None, 'build_base': '/home/om/ros2_robot/build/my_robot_description', 'catkin_cmake_args': None, 'catkin_skip_building_tests': False, 'cmake_args': None, 'cmake_clean_cache': False, 'cmake_clean_first': False, 'cmake_force_configure': False, 'cmake_target': None, 'cmake_target_skip_unavailable': False, 'install_base': '/home/om/ros2_robot/install/my_robot_description', 'merge_install': False, 'path': '/home/om/ros2_robot/src/my_robot_description', 'symlink_install': False, 'test_result_base': None}
[1.027s] Level 5:colcon.colcon_core.verb:set package 'my_robot_bringup' build argument 'cmake_args' from command line to 'None'
[1.027s] Level 5:colcon.colcon_core.verb:set package 'my_robot_bringup' build argument 'cmake_target' from command line to 'None'
[1.027s] Level 5:colcon.colcon_core.verb:set package 'my_robot_bringup' build argument 'cmake_target_skip_unavailable' from command line to 'False'
[1.027s] Level 5:colcon.colcon_core.verb:set package 'my_robot_bringup' build argument 'cmake_clean_cache' from command line to 'False'
[1.027s] Level 5:colcon.colcon_core.verb:set package 'my_robot_bringup' build argument 'cmake_clean_first' from command line to 'False'
[1.027s] Level 5:colcon.colcon_core.verb:set package 'my_robot_bringup' build argument 'cmake_force_configure' from command line to 'False'
[1.027s] Level 5:colcon.colcon_core.verb:set package 'my_robot_bringup' build argument 'ament_cmake_args' from command line to 'None'
[1.027s] Level 5:colcon.colcon_core.verb:set package 'my_robot_bringup' build argument 'catkin_cmake_args' from command line to 'None'
[1.027s] Level 5:colcon.colcon_core.verb:set package 'my_robot_bringup' build argument 'catkin_skip_building_tests' from command line to 'False'
[1.027s] DEBUG:colcon.colcon_core.verb:Building package 'my_robot_bringup' with the following arguments: {'ament_cmake_args': None, 'build_base': '/home/om/ros2_robot/build/my_robot_bringup', 'catkin_cmake_args': None, 'catkin_skip_building_tests': False, 'cmake_args': None, 'cmake_clean_cache': False, 'cmake_clean_first': False, 'cmake_force_configure': False, 'cmake_target': None, 'cmake_target_skip_unavailable': False, 'install_base': '/home/om/ros2_robot/install/my_robot_bringup', 'merge_install': False, 'path': '/home/om/ros2_robot/src/my_robot_bringup', 'symlink_install': False, 'test_result_base': None}
[1.038s] INFO:colcon.colcon_core.executor:Executing jobs using 'parallel' executor
[1.050s] DEBUG:colcon.colcon_parallel_executor.executor.parallel:run_until_complete
[1.050s] INFO:colcon.colcon_ros.task.ament_cmake.build:Building ROS package in '/home/om/ros2_robot/src/my_robot_description' with build type 'ament_cmake'
[1.050s] INFO:colcon.colcon_cmake.task.cmake.build:Building CMake package in '/home/om/ros2_robot/src/my_robot_description'
[1.062s] INFO:colcon.colcon_core.plugin_system:Skipping extension 'colcon_core.shell.bat': Not used on non-Windows systems
[1.063s] INFO:colcon.colcon_core.shell:Skip shell extension 'powershell' for command environment: Not usable outside of PowerShell
[1.063s] DEBUG:colcon.colcon_core.shell:Skip shell extension 'dsv' for command environment
[1.114s] DEBUG:colcon.colcon_core.event_handler.log_command:Invoking command in '/home/om/ros2_robot/build/my_robot_description': CMAKE_PREFIX_PATH=${CMAKE_PREFIX_PATH}:/home/om/ros2_ws/install/turtlesim_catch_them_all:/home/om/ros2_ws/install/my_py_pkg:/opt/ros/humble /usr/bin/cmake /home/om/ros2_robot/src/my_robot_description -DCMAKE_INSTALL_PREFIX=/home/om/ros2_robot/install/my_robot_description
[1.274s] DEBUG:colcon.colcon_core.event_handler.log_command:Invoked command in '/home/om/ros2_robot/build/my_robot_description' returned '0': CMAKE_PREFIX_PATH=${CMAKE_PREFIX_PATH}:/home/om/ros2_ws/install/turtlesim_catch_them_all:/home/om/ros2_ws/install/my_py_pkg:/opt/ros/humble /usr/bin/cmake /home/om/ros2_robot/src/my_robot_description -DCMAKE_INSTALL_PREFIX=/home/om/ros2_robot/install/my_robot_description
[1.276s] DEBUG:colcon.colcon_core.event_handler.log_command:Invoking command in '/home/om/ros2_robot/build/my_robot_description': CMAKE_PREFIX_PATH=${CMAKE_PREFIX_PATH}:/home/om/ros2_ws/install/turtlesim_catch_them_all:/home/om/ros2_ws/install/my_py_pkg:/opt/ros/humble /usr/bin/cmake --build /home/om/ros2_robot/build/my_robot_description -- -j16 -l16
[1.314s] DEBUG:colcon.colcon_core.event_handler.log_command:Invoked command in '/home/om/ros2_robot/build/my_robot_description' returned '0': CMAKE_PREFIX_PATH=${CMAKE_PREFIX_PATH}:/home/om/ros2_ws/install/turtlesim_catch_them_all:/home/om/ros2_ws/install/my_py_pkg:/opt/ros/humble /usr/bin/cmake --build /home/om/ros2_robot/build/my_robot_description -- -j16 -l16
[1.348s] DEBUG:colcon.colcon_core.event_handler.log_command:Invoking command in '/home/om/ros2_robot/build/my_robot_description': CMAKE_PREFIX_PATH=${CMAKE_PREFIX_PATH}:/home/om/ros2_ws/install/turtlesim_catch_them_all:/home/om/ros2_ws/install/my_py_pkg:/opt/ros/humble /usr/bin/cmake --install /home/om/ros2_robot/build/my_robot_description
[1.368s] Level 1:colcon.colcon_core.environment:create_environment_scripts_only(my_robot_description)
[1.368s] DEBUG:colcon.colcon_core.event_handler.log_command:Invoked command in '/home/om/ros2_robot/build/my_robot_description' returned '0': CMAKE_PREFIX_PATH=${CMAKE_PREFIX_PATH}:/home/om/ros2_ws/install/turtlesim_catch_them_all:/home/om/ros2_ws/install/my_py_pkg:/opt/ros/humble /usr/bin/cmake --install /home/om/ros2_robot/build/my_robot_description
[1.381s] Level 1:colcon.colcon_core.environment:checking '/home/om/ros2_robot/install/my_robot_description' for CMake module files
[1.382s] Level 1:colcon.colcon_core.environment:checking '/home/om/ros2_robot/install/my_robot_description' for CMake config files
[1.382s] Level 1:colcon.colcon_core.shell:create_environment_hook('my_robot_description', 'cmake_prefix_path')
[1.393s] INFO:colcon.colcon_core.shell:Creating environment hook '/home/om/ros2_robot/install/my_robot_description/share/my_robot_description/hook/cmake_prefix_path.ps1'
[1.394s] INFO:colcon.colcon_core.shell:Creating environment descriptor '/home/om/ros2_robot/install/my_robot_description/share/my_robot_description/hook/cmake_prefix_path.dsv'
[1.394s] INFO:colcon.colcon_core.shell:Creating environment hook '/home/om/ros2_robot/install/my_robot_description/share/my_robot_description/hook/cmake_prefix_path.sh'
[1.395s] Level 1:colcon.colcon_core.environment:checking '/home/om/ros2_robot/install/my_robot_description/bin'
[1.395s] Level 1:colcon.colcon_core.environment:checking '/home/om/ros2_robot/install/my_robot_description/lib/pkgconfig/my_robot_description.pc'
[1.395s] Level 1:colcon.colcon_core.environment:checking '/home/om/ros2_robot/install/my_robot_description/lib/python3.10/site-packages'
[1.395s] Level 1:colcon.colcon_core.environment:checking '/home/om/ros2_robot/install/my_robot_description/bin'
[1.406s] INFO:colcon.colcon_core.shell:Creating package script '/home/om/ros2_robot/install/my_robot_description/share/my_robot_description/package.ps1'
[1.407s] INFO:colcon.colcon_core.shell:Creating package descriptor '/home/om/ros2_robot/install/my_robot_description/share/my_robot_description/package.dsv'
[1.407s] INFO:colcon.colcon_core.shell:Creating package script '/home/om/ros2_robot/install/my_robot_description/share/my_robot_description/package.sh'
[1.408s] INFO:colcon.colcon_core.shell:Creating package script '/home/om/ros2_robot/install/my_robot_description/share/my_robot_description/package.bash'
[1.408s] INFO:colcon.colcon_core.shell:Creating package script '/home/om/ros2_robot/install/my_robot_description/share/my_robot_description/package.zsh'
[1.409s] Level 1:colcon.colcon_core.environment:create_file_with_runtime_dependencies(/home/om/ros2_robot/install/my_robot_description/share/colcon-core/packages/my_robot_description)
[1.443s] Level 1:colcon.colcon_core.environment:create_environment_scripts_only(my_robot_description)
[1.453s] Level 1:colcon.colcon_core.environment:checking '/home/om/ros2_robot/install/my_robot_description' for CMake module files
[1.454s] Level 1:colcon.colcon_core.environment:checking '/home/om/ros2_robot/install/my_robot_description' for CMake config files
[1.454s] Level 1:colcon.colcon_core.shell:create_environment_hook('my_robot_description', 'cmake_prefix_path')
[1.464s] INFO:colcon.colcon_core.shell:Creating environment hook '/home/om/ros2_robot/install/my_robot_description/share/my_robot_description/hook/cmake_prefix_path.ps1'
[1.465s] INFO:colcon.colcon_core.shell:Creating environment descriptor '/home/om/ros2_robot/install/my_robot_description/share/my_robot_description/hook/cmake_prefix_path.dsv'
[1.465s] INFO:colcon.colcon_core.shell:Creating environment hook '/home/om/ros2_robot/install/my_robot_description/share/my_robot_description/hook/cmake_prefix_path.sh'
[1.465s] Level 1:colcon.colcon_core.environment:checking '/home/om/ros2_robot/install/my_robot_description/bin'
[1.465s] Level 1:colcon.colcon_core.environment:checking '/home/om/ros2_robot/install/my_robot_description/lib/pkgconfig/my_robot_description.pc'
[1.466s] Level 1:colcon.colcon_core.environment:checking '/home/om/ros2_robot/install/my_robot_description/lib/python3.10/site-packages'
[1.466s] Level 1:colcon.colcon_core.environment:checking '/home/om/ros2_robot/install/my_robot_description/bin'
[1.476s] INFO:colcon.colcon_core.shell:Creating package script '/home/om/ros2_robot/install/my_robot_description/share/my_robot_description/package.ps1'
[1.477s] INFO:colcon.colcon_core.shell:Creating package descriptor '/home/om/ros2_robot/install/my_robot_description/share/my_robot_description/package.dsv'
[1.477s] INFO:colcon.colcon_core.shell:Creating package script '/home/om/ros2_robot/install/my_robot_description/share/my_robot_description/package.sh'
[1.477s] INFO:colcon.colcon_core.shell:Creating package script '/home/om/ros2_robot/install/my_robot_description/share/my_robot_description/package.bash'
[1.478s] INFO:colcon.colcon_core.shell:Creating package script '/home/om/ros2_robot/install/my_robot_description/share/my_robot_description/package.zsh'
[1.478s] Level 1:colcon.colcon_core.environment:create_file_with_runtime_dependencies(/home/om/ros2_robot/install/my_robot_description/share/colcon-core/packages/my_robot_description)
[1.478s] INFO:colcon.colcon_ros.task.ament_cmake.build:Building ROS package in '/home/om/ros2_robot/src/my_robot_bringup' with build type 'ament_cmake'
[1.478s] INFO:colcon.colcon_cmake.task.cmake.build:Building CMake package in '/home/om/ros2_robot/src/my_robot_bringup'
[1.490s] INFO:colcon.colcon_core.shell:Skip shell extension 'powershell' for command environment: Not usable outside of PowerShell
[1.490s] DEBUG:colcon.colcon_core.shell:Skip shell extension 'dsv' for command environment
[1.539s] DEBUG:colcon.colcon_core.event_handler.log_command:Invoking command in '/home/om/ros2_robot/build/my_robot_bringup': CMAKE_PREFIX_PATH=/home/om/ros2_robot/install/my_robot_description:/home/om/ros2_robot/install/my_robot_bringup:/home/om/ros2_ws/install/my_robot_bringup:/home/om/ros2_ws/install/my_cpp_pkg:/home/om/ros2_ws/install/my_robot_interfaces:/home/om/ros2_ws/install/turtlesim_catch_them_all:/home/om/ros2_ws/install/my_py_pkg:/opt/ros/humble /usr/bin/cmake /home/om/ros2_robot/src/my_robot_bringup -DCMAKE_INSTALL_PREFIX=/home/om/ros2_robot/install/my_robot_bringup
[1.699s] DEBUG:colcon.colcon_core.event_handler.log_command:Invoked command in '/home/om/ros2_robot/build/my_robot_bringup' returned '0': CMAKE_PREFIX_PATH=/home/om/ros2_robot/install/my_robot_description:/home/om/ros2_robot/install/my_robot_bringup:/home/om/ros2_ws/install/my_robot_bringup:/home/om/ros2_ws/install/my_cpp_pkg:/home/om/ros2_ws/install/my_robot_interfaces:/home/om/ros2_ws/install/turtlesim_catch_them_all:/home/om/ros2_ws/install/my_py_pkg:/opt/ros/humble /usr/bin/cmake /home/om/ros2_robot/src/my_robot_bringup -DCMAKE_INSTALL_PREFIX=/home/om/ros2_robot/install/my_robot_bringup
[1.700s] DEBUG:colcon.colcon_core.event_handler.log_command:Invoking command in '/home/om/ros2_robot/build/my_robot_bringup': CMAKE_PREFIX_PATH=/home/om/ros2_robot/install/my_robot_description:/home/om/ros2_robot/install/my_robot_bringup:/home/om/ros2_ws/install/my_robot_bringup:/home/om/ros2_ws/install/my_cpp_pkg:/home/om/ros2_ws/install/my_robot_interfaces:/home/om/ros2_ws/install/turtlesim_catch_them_all:/home/om/ros2_ws/install/my_py_pkg:/opt/ros/humble /usr/bin/cmake --build /home/om/ros2_robot/build/my_robot_bringup -- -j16 -l16
[1.738s] DEBUG:colcon.colcon_core.event_handler.log_command:Invoked command in '/home/om/ros2_robot/build/my_robot_bringup' returned '0': CMAKE_PREFIX_PATH=/home/om/ros2_robot/install/my_robot_description:/home/om/ros2_robot/install/my_robot_bringup:/home/om/ros2_ws/install/my_robot_bringup:/home/om/ros2_ws/install/my_cpp_pkg:/home/om/ros2_ws/install/my_robot_interfaces:/home/om/ros2_ws/install/turtlesim_catch_them_all:/home/om/ros2_ws/install/my_py_pkg:/opt/ros/humble /usr/bin/cmake --build /home/om/ros2_robot/build/my_robot_bringup -- -j16 -l16
[1.762s] DEBUG:colcon.colcon_core.event_handler.log_command:Invoking command in '/home/om/ros2_robot/build/my_robot_bringup': CMAKE_PREFIX_PATH=/home/om/ros2_robot/install/my_robot_description:/home/om/ros2_robot/install/my_robot_bringup:/home/om/ros2_ws/install/my_robot_bringup:/home/om/ros2_ws/install/my_cpp_pkg:/home/om/ros2_ws/install/my_robot_interfaces:/home/om/ros2_ws/install/turtlesim_catch_them_all:/home/om/ros2_ws/install/my_py_pkg:/opt/ros/humble /usr/bin/cmake --install /home/om/ros2_robot/build/my_robot_bringup
[1.783s] Level 1:colcon.colcon_core.environment:create_environment_scripts_only(my_robot_bringup)
[1.783s] DEBUG:colcon.colcon_core.event_handler.log_command:Invoked command in '/home/om/ros2_robot/build/my_robot_bringup' returned '0': CMAKE_PREFIX_PATH=/home/om/ros2_robot/install/my_robot_description:/home/om/ros2_robot/install/my_robot_bringup:/home/om/ros2_ws/install/my_robot_bringup:/home/om/ros2_ws/install/my_cpp_pkg:/home/om/ros2_ws/install/my_robot_interfaces:/home/om/ros2_ws/install/turtlesim_catch_them_all:/home/om/ros2_ws/install/my_py_pkg:/opt/ros/humble /usr/bin/cmake --install /home/om/ros2_robot/build/my_robot_bringup
[1.795s] Level 1:colcon.colcon_core.environment:checking '/home/om/ros2_robot/install/my_robot_bringup' for CMake module files
[1.796s] Level 1:colcon.colcon_core.environment:checking '/home/om/ros2_robot/install/my_robot_bringup' for CMake config files
[1.796s] Level 1:colcon.colcon_core.shell:create_environment_hook('my_robot_bringup', 'cmake_prefix_path')
[1.806s] INFO:colcon.colcon_core.shell:Creating environment hook '/home/om/ros2_robot/install/my_robot_bringup/share/my_robot_bringup/hook/cmake_prefix_path.ps1'
[1.807s] INFO:colcon.colcon_core.shell:Creating environment descriptor '/home/om/ros2_robot/install/my_robot_bringup/share/my_robot_bringup/hook/cmake_prefix_path.dsv'
[1.807s] INFO:colcon.colcon_core.shell:Creating environment hook '/home/om/ros2_robot/install/my_robot_bringup/share/my_robot_bringup/hook/cmake_prefix_path.sh'
[1.807s] Level 1:colcon.colcon_core.environment:checking '/home/om/ros2_robot/install/my_robot_bringup/bin'
[1.807s] Level 1:colcon.colcon_core.environment:checking '/home/om/ros2_robot/install/my_robot_bringup/lib/pkgconfig/my_robot_bringup.pc'
[1.808s] Level 1:colcon.colcon_core.environment:checking '/home/om/ros2_robot/install/my_robot_bringup/lib/python3.10/site-packages'
[1.808s] Level 1:colcon.colcon_core.environment:checking '/home/om/ros2_robot/install/my_robot_bringup/bin'
[1.818s] INFO:colcon.colcon_core.shell:Creating package script '/home/om/ros2_robot/install/my_robot_bringup/share/my_robot_bringup/package.ps1'
[1.819s] INFO:colcon.colcon_core.shell:Creating package descriptor '/home/om/ros2_robot/install/my_robot_bringup/share/my_robot_bringup/package.dsv'
[1.819s] INFO:colcon.colcon_core.shell:Creating package script '/home/om/ros2_robot/install/my_robot_bringup/share/my_robot_bringup/package.sh'
[1.819s] INFO:colcon.colcon_core.shell:Creating package script '/home/om/ros2_robot/install/my_robot_bringup/share/my_robot_bringup/package.bash'
[1.820s] INFO:colcon.colcon_core.shell:Creating package script '/home/om/ros2_robot/install/my_robot_bringup/share/my_robot_bringup/package.zsh'
[1.820s] Level 1:colcon.colcon_core.environment:create_file_with_runtime_dependencies(/home/om/ros2_robot/install/my_robot_bringup/share/colcon-core/packages/my_robot_bringup)
[1.854s] Level 1:colcon.colcon_core.environment:create_environment_scripts_only(my_robot_bringup)
[1.865s] Level 1:colcon.colcon_core.environment:checking '/home/om/ros2_robot/install/my_robot_bringup' for CMake module files
[1.866s] Level 1:colcon.colcon_core.environment:checking '/home/om/ros2_robot/install/my_robot_bringup' for CMake config files
[1.866s] Level 1:colcon.colcon_core.shell:create_environment_hook('my_robot_bringup', 'cmake_prefix_path')
[1.876s] INFO:colcon.colcon_core.shell:Creating environment hook '/home/om/ros2_robot/install/my_robot_bringup/share/my_robot_bringup/hook/cmake_prefix_path.ps1'
[1.877s] INFO:colcon.colcon_core.shell:Creating environment descriptor '/home/om/ros2_robot/install/my_robot_bringup/share/my_robot_bringup/hook/cmake_prefix_path.dsv'
[1.877s] INFO:colcon.colcon_core.shell:Creating environment hook '/home/om/ros2_robot/install/my_robot_bringup/share/my_robot_bringup/hook/cmake_prefix_path.sh'
[1.877s] Level 1:colcon.colcon_core.environment:checking '/home/om/ros2_robot/install/my_robot_bringup/bin'
[1.877s] Level 1:colcon.colcon_core.environment:checking '/home/om/ros2_robot/install/my_robot_bringup/lib/pkgconfig/my_robot_bringup.pc'
[1.878s] Level 1:colcon.colcon_core.environment:checking '/home/om/ros2_robot/install/my_robot_bringup/lib/python3.10/site-packages'
[1.878s] Level 1:colcon.colcon_core.environment:checking '/home/om/ros2_robot/install/my_robot_bringup/bin'
[1.889s] INFO:colcon.colcon_core.shell:Creating package script '/home/om/ros2_robot/install/my_robot_bringup/share/my_robot_bringup/package.ps1'
[1.889s] INFO:colcon.colcon_core.shell:Creating package descriptor '/home/om/ros2_robot/install/my_robot_bringup/share/my_robot_bringup/package.dsv'
[1.890s] INFO:colcon.colcon_core.shell:Creating package script '/home/om/ros2_robot/install/my_robot_bringup/share/my_robot_bringup/package.sh'
[1.890s] INFO:colcon.colcon_core.shell:Creating package script '/home/om/ros2_robot/install/my_robot_bringup/share/my_robot_bringup/package.bash'
[1.890s] INFO:colcon.colcon_core.shell:Creating package script '/home/om/ros2_robot/install/my_robot_bringup/share/my_robot_bringup/package.zsh'
[1.890s] Level 1:colcon.colcon_core.environment:create_file_with_runtime_dependencies(/home/om/ros2_robot/install/my_robot_bringup/share/colcon-core/packages/my_robot_bringup)
[1.891s] DEBUG:colcon.colcon_parallel_executor.executor.parallel:closing loop
[1.891s] DEBUG:colcon.colcon_parallel_executor.executor.parallel:loop closed
[1.891s] DEBUG:colcon.colcon_parallel_executor.executor.parallel:run_until_complete finished with '0'
[1.891s] DEBUG:colcon.colcon_core.event_reactor:joining thread
[1.906s] INFO:colcon.colcon_core.plugin_system:Skipping extension 'colcon_notification.desktop_notification.terminal_notifier': Not used on non-Darwin systems
[1.906s] INFO:colcon.colcon_core.plugin_system:Skipping extension 'colcon_notification.desktop_notification.win32': Not used on non-Windows systems
[1.906s] INFO:colcon.colcon_notification.desktop_notification:Sending desktop notification using 'notify2'
[1.916s] DEBUG:colcon.colcon_core.event_reactor:joined thread
[1.928s] INFO:colcon.colcon_core.shell:Creating prefix script '/home/om/ros2_robot/install/local_setup.ps1'
[1.928s] INFO:colcon.colcon_core.shell:Creating prefix util module '/home/om/ros2_robot/install/_local_setup_util_ps1.py'
[1.929s] INFO:colcon.colcon_core.shell:Creating prefix chain script '/home/om/ros2_robot/install/setup.ps1'
[1.941s] INFO:colcon.colcon_core.shell:Creating prefix script '/home/om/ros2_robot/install/local_setup.sh'
[1.941s] INFO:colcon.colcon_core.shell:Creating prefix util module '/home/om/ros2_robot/install/_local_setup_util_sh.py'
[1.941s] INFO:colcon.colcon_core.shell:Creating prefix chain script '/home/om/ros2_robot/install/setup.sh'
[1.953s] INFO:colcon.colcon_core.shell:Creating prefix script '/home/om/ros2_robot/install/local_setup.bash'
[1.953s] INFO:colcon.colcon_core.shell:Creating prefix chain script '/home/om/ros2_robot/install/setup.bash'
[1.965s] INFO:colcon.colcon_core.shell:Creating prefix script '/home/om/ros2_robot/install/local_setup.zsh'
[1.965s] INFO:colcon.colcon_core.shell:Creating prefix chain script '/home/om/ros2_robot/install/setup.zsh'
